#
# There is insufficient memory for the Java Runtime Environment to continue.
# Native memory allocation (mmap) failed to map 58720256 bytes for Failed to commit area from 0x0000000091800000 to 0x0000000095000000 of length 58720256.
# Possible reasons:
#   The system is out of physical RAM or swap space
#   The process is running with CompressedOops enabled, and the Java Heap may be blocking the growth of the native heap
# Possible solutions:
#   Reduce memory load on the system
#   Increase physical memory or swap space
#   Check if swap backing store is full
#   Decrease Java heap size (-Xmx/-Xms)
#   Decrease number of Java threads
#   Decrease Java thread stack sizes (-Xss)
#   Set larger code cache with -XX:ReservedCodeCacheSize=
#   JVM is running with Unscaled Compressed Oops mode in which the Java heap is
#     placed in the first 4GB address space. The Java Heap base address is the
#     maximum limit for the native heap growth. Please use -XX:HeapBaseMinAddress
#     to set the Java Heap base and to place the Java Heap above 4GB virtual address.
# This output file may be truncated or incomplete.
#
#  Out of Memory Error (./src/hotspot/os/windows/os_windows.cpp:3301), pid=27612, tid=3428
#
# JRE version: OpenJDK Runtime Environment (11.0.10) (build 11.0.10+0-b96-7249189)
# Java VM: OpenJDK 64-Bit Server VM (11.0.10+0-b96-7249189, mixed mode, tiered, compressed oops, g1 gc, windows-amd64)
# No core dump will be written. Minidumps are not enabled by default on client versions of Windows
#

---------------  S U M M A R Y ------------

Command Line: --add-opens=java.base/java.util=ALL-UNNAMED --add-opens=java.base/java.lang=ALL-UNNAMED --add-opens=java.base/java.lang.invoke=ALL-UNNAMED --add-opens=java.base/java.util=ALL-UNNAMED --add-opens=java.prefs/java.util.prefs=ALL-UNNAMED --add-opens=java.prefs/java.util.prefs=ALL-UNNAMED --add-opens=java.base/java.nio.charset=ALL-UNNAMED --add-opens=java.base/java.net=ALL-UNNAMED --add-opens=java.base/java.util.concurrent.atomic=ALL-UNNAMED -Xmx2048m -Dfile.encoding=UTF-8 -Duser.country=KR -Duser.language=ko -Duser.variant org.gradle.launcher.daemon.bootstrap.GradleDaemon 7.0.2

Host: Intel(R) Core(TM) i5-9400F CPU @ 2.90GHz, 6 cores, 15G,  Windows 10 , 64 bit Build 19041 (10.0.19041.1645)
Time: Mon May  9 10:59:06 2022 대한민국 표준시 elapsed time: 56.726946 seconds (0d 0h 0m 56s)

---------------  T H R E A D  ---------------

Current thread (0x00000250205fe800):  VMThread "VM Thread" [stack: 0x0000007094600000,0x0000007094700000] [id=3428]

Stack: [0x0000007094600000,0x0000007094700000]
[error occurred during error reporting (printing stack bounds), id 0xc0000005, EXCEPTION_ACCESS_VIOLATION (0xc0000005) at pc=0x000002500a080f2d]

Native frames: (J=compiled Java code, j=interpreted, Vv=VM code, C=native code)
V  [jvm.dll+0x5ecfaa]
V  [jvm.dll+0x722bd5]
V  [jvm.dll+0x72412d]
V  [jvm.dll+0x724745]
V  [jvm.dll+0x7246fb]
V  [jvm.dll+0x5ec348]
V  [jvm.dll+0x5ecad8]
C  [ntdll.dll+0xa20cf]
C  [ntdll.dll+0x51454]
C  [ntdll.dll+0xa0bfe]
C  0x000002500a080f2d

VM_Operation (0x00000070990fd9f0): G1CollectForAllocation, mode: safepoint, requested by thread 0x00000250211a7000


---------------  P R O C E S S  ---------------

Threads class SMR info:
_java_thread_list=0x000002502a4f0a60, length=69, elements={
0x000002500658d800, 0x0000025020e22000, 0x0000025020e25800, 0x0000025020e9b800,
0x0000025020e9c800, 0x0000025020ea0000, 0x0000025020ea8800, 0x0000025020eae000,
0x0000025020eba800, 0x0000025021015000, 0x00000250239e4800, 0x0000025022e92800,
0x00000250229a4800, 0x0000025021f4d800, 0x00000250224ec000, 0x0000025021d39800,
0x0000025021d3a000, 0x0000025021d3b000, 0x0000025021d3c000, 0x0000025021d3d800,
0x0000025024981000, 0x000002502497f800, 0x0000025024982000, 0x0000025024980000,
0x0000025024989000, 0x0000025024985000, 0x000002502498b800, 0x0000025024cd9000,
0x0000025024cd8000, 0x0000025024cdc800, 0x000002502497e000, 0x0000025024984800,
0x000002502497e800, 0x0000025024987800, 0x0000025024986000, 0x0000025024988800,
0x000002502498b000, 0x0000025024986800, 0x000002502498a000, 0x0000025024cda000,
0x0000025024cda800, 0x0000025024cdb800, 0x0000025024cde000, 0x0000025024cdd000,
0x0000025024cdf000, 0x0000025021d3c800, 0x0000025021d37000, 0x0000025021d37800,
0x000002502119c800, 0x000002502119f000, 0x000002502119f800, 0x000002502119a800,
0x000002502119d000, 0x000002502119e000, 0x00000250211a1000, 0x00000250211a0800,
0x000002502119b800, 0x00000250211a3800, 0x00000250211a4800, 0x000002502ab8d800,
0x00000250211a2000, 0x00000250211a3000, 0x00000250211a7000, 0x00000250211a9800,
0x00000250211a5800, 0x00000250211a6000, 0x00000250211a8000, 0x00000250211a8800,
0x00000250212e3000
}

Java Threads: ( => current thread )
  0x000002500658d800 JavaThread "main" [_thread_blocked, id=24920, stack(0x0000007094000000,0x0000007094100000)]
  0x0000025020e22000 JavaThread "Reference Handler" daemon [_thread_blocked, id=20544, stack(0x0000007094700000,0x0000007094800000)]
  0x0000025020e25800 JavaThread "Finalizer" daemon [_thread_blocked, id=6876, stack(0x0000007094800000,0x0000007094900000)]
  0x0000025020e9b800 JavaThread "Signal Dispatcher" daemon [_thread_blocked, id=8944, stack(0x0000007094900000,0x0000007094a00000)]
  0x0000025020e9c800 JavaThread "Attach Listener" daemon [_thread_blocked, id=38668, stack(0x0000007094a00000,0x0000007094b00000)]
  0x0000025020ea0000 JavaThread "Service Thread" daemon [_thread_blocked, id=34660, stack(0x0000007094b00000,0x0000007094c00000)]
  0x0000025020ea8800 JavaThread "C2 CompilerThread0" daemon [_thread_blocked, id=32584, stack(0x0000007094c00000,0x0000007094d00000)]
  0x0000025020eae000 JavaThread "C1 CompilerThread0" daemon [_thread_blocked, id=28608, stack(0x0000007094d00000,0x0000007094e00000)]
  0x0000025020eba800 JavaThread "Sweeper thread" daemon [_thread_blocked, id=36840, stack(0x0000007094e00000,0x0000007094f00000)]
  0x0000025021015000 JavaThread "Common-Cleaner" daemon [_thread_blocked, id=17308, stack(0x0000007094f00000,0x0000007095000000)]
  0x00000250239e4800 JavaThread "Daemon health stats" [_thread_blocked, id=26984, stack(0x0000007095700000,0x0000007095800000)]
  0x0000025022e92800 JavaThread "Incoming local TCP Connector on port 9708" [_thread_in_native, id=15704, stack(0x0000007095100000,0x0000007095200000)]
  0x00000250229a4800 JavaThread "Daemon periodic checks" [_thread_blocked, id=26384, stack(0x0000007095800000,0x0000007095900000)]
  0x0000025021f4d800 JavaThread "Daemon" [_thread_blocked, id=19068, stack(0x0000007095900000,0x0000007095a00000)]
  0x00000250224ec000 JavaThread "Daemon worker" [_thread_blocked, id=37560, stack(0x0000007095c00000,0x0000007095d00000)]
  0x0000025021d39800 JavaThread "Cache worker for file hash cache (C:\Users\USER\.gradle\caches\7.0.2\fileHashes)" [_thread_blocked, id=31304, stack(0x0000007096100000,0x0000007096200000)]
  0x0000025021d3a000 JavaThread "File lock request listener" [_thread_in_native, id=32748, stack(0x0000007096200000,0x0000007096300000)]
  0x0000025021d3b000 JavaThread "Cache worker for journal cache (C:\Users\USER\.gradle\caches\journal-1)" [_thread_blocked, id=8420, stack(0x0000007096400000,0x0000007096500000)]
  0x0000025021d3c000 JavaThread "File watcher server" daemon [_thread_blocked, id=32872, stack(0x0000007096600000,0x0000007096700000)]
  0x0000025021d3d800 JavaThread "File watcher consumer" daemon [_thread_blocked, id=18276, stack(0x0000007096700000,0x0000007096800000)]
  0x0000025024981000 JavaThread "Cache worker for execution history cache (C:\Users\USER\.gradle\caches\7.0.2\executionHistory)" [_thread_blocked, id=13580, stack(0x0000007096b00000,0x0000007096c00000)]
  0x000002502497f800 JavaThread "jar transforms" [_thread_blocked, id=28344, stack(0x0000007096c00000,0x0000007096d00000)]
  0x0000025024982000 JavaThread "jar transforms Thread 2" [_thread_blocked, id=12164, stack(0x0000007096d00000,0x0000007096e00000)]
  0x0000025024980000 JavaThread "Cache worker for file content cache (C:\Users\USER\.gradle\caches\7.0.2\fileContent)" [_thread_blocked, id=27208, stack(0x0000007096e00000,0x0000007096f00000)]
  0x0000025024989000 JavaThread "jar transforms Thread 3" [_thread_blocked, id=34384, stack(0x0000007097000000,0x0000007097100000)]
  0x0000025024985000 JavaThread "jar transforms Thread 4" [_thread_blocked, id=22344, stack(0x0000007097800000,0x0000007097900000)]
  0x000002502498b800 JavaThread "jar transforms Thread 5" [_thread_blocked, id=19900, stack(0x0000007097900000,0x0000007097a00000)]
  0x0000025024cd9000 JavaThread "jar transforms Thread 6" [_thread_blocked, id=36452, stack(0x0000007097a00000,0x0000007097b00000)]
  0x0000025024cd8000 JavaThread "Memory manager" [_thread_blocked, id=29336, stack(0x0000007097b00000,0x0000007097c00000)]
  0x0000025024cdc800 JavaThread "pool-3-thread-1" [_thread_blocked, id=23276, stack(0x0000007097d00000,0x0000007097e00000)]
  0x000002502497e000 JavaThread "Handler for socket connection from /127.0.0.1:9708 to /127.0.0.1:9808" [_thread_in_native, id=32844, stack(0x0000007095d00000,0x0000007095e00000)]
  0x0000025024984800 JavaThread "Cancel handler" [_thread_blocked, id=19532, stack(0x0000007095e00000,0x0000007095f00000)]
  0x000002502497e800 JavaThread "Asynchronous log dispatcher for DefaultDaemonConnection: socket connection from /127.0.0.1:9708 to /127.0.0.1:9808" [_thread_blocked, id=19488, stack(0x0000007095f00000,0x0000007096000000)]
  0x0000025024987800 JavaThread "Stdin handler" [_thread_blocked, id=23208, stack(0x0000007096000000,0x0000007096100000)]
  0x0000025024986000 JavaThread "Daemon client event forwarder" [_thread_blocked, id=20300, stack(0x0000007096500000,0x0000007096600000)]
  0x0000025024988800 JavaThread "Cache worker for file hash cache (D:\android_projects_coll\recent\.gradle\7.0.2\fileHashes)" [_thread_blocked, id=17784, stack(0x0000007096800000,0x0000007096900000)]
  0x000002502498b000 JavaThread "Cache worker for checksums cache (D:\android_projects_coll\recent\.gradle\checksums)" [_thread_blocked, id=27916, stack(0x0000007096900000,0x0000007096a00000)]
  0x0000025024986800 JavaThread "Cache worker for cache directory md-supplier (C:\Users\USER\.gradle\caches\7.0.2\md-supplier)" [_thread_blocked, id=30192, stack(0x0000007096a00000,0x0000007096b00000)]
  0x000002502498a000 JavaThread "Cache worker for cache directory md-rule (C:\Users\USER\.gradle\caches\7.0.2\md-rule)" [_thread_blocked, id=18312, stack(0x0000007096f00000,0x0000007097000000)]
  0x0000025024cda000 JavaThread "Cache worker for dependencies-accessors (D:\android_projects_coll\recent\.gradle\7.0.2\dependencies-accessors)" [_thread_blocked, id=28952, stack(0x0000007097100000,0x0000007097200000)]
  0x0000025024cda800 JavaThread "Cache worker for Build Output Cleanup Cache (D:\android_projects_coll\recent\.gradle\buildOutputCleanup)" [_thread_blocked, id=33020, stack(0x0000007097300000,0x0000007097400000)]
  0x0000025024cdb800 JavaThread "Build operations" [_thread_blocked, id=19796, stack(0x0000007097400000,0x0000007097500000)]
  0x0000025024cde000 JavaThread "Build operations Thread 2" [_thread_blocked, id=16028, stack(0x0000007097500000,0x0000007097600000)]
  0x0000025024cdd000 JavaThread "Build operations Thread 3" [_thread_blocked, id=33568, stack(0x0000007097600000,0x0000007097700000)]
  0x0000025024cdf000 JavaThread "Build operations Thread 4" [_thread_blocked, id=5004, stack(0x0000007097700000,0x0000007097800000)]
  0x0000025021d3c800 JavaThread "Build operations Thread 5" [_thread_blocked, id=18392, stack(0x0000007097c00000,0x0000007097d00000)]
  0x0000025021d37000 JavaThread "Build operations Thread 6" [_thread_blocked, id=25152, stack(0x0000007097e00000,0x0000007097f00000)]
  0x0000025021d37800 JavaThread "build event listener" [_thread_blocked, id=25256, stack(0x0000007097f00000,0x0000007098000000)]
  0x000002502119c800 JavaThread "pool-6-thread-1" [_thread_blocked, id=22692, stack(0x0000007098000000,0x0000007098100000)]
  0x000002502119f000 JavaThread "build event listener" [_thread_blocked, id=32680, stack(0x0000007098100000,0x0000007098200000)]
  0x000002502119f800 JavaThread "Execution worker for ':'" [_thread_blocked, id=37740, stack(0x0000007098200000,0x0000007098300000)]
  0x000002502119a800 JavaThread "Execution worker for ':' Thread 2" [_thread_blocked, id=20764, stack(0x0000007098300000,0x0000007098400000)]
  0x000002502119d000 JavaThread "Execution worker for ':' Thread 3" [_thread_blocked, id=9572, stack(0x0000007098400000,0x0000007098500000)]
  0x000002502119e000 JavaThread "Execution worker for ':' Thread 4" [_thread_blocked, id=12740, stack(0x0000007098500000,0x0000007098600000)]
  0x00000250211a1000 JavaThread "Execution worker for ':' Thread 5" [_thread_blocked, id=37632, stack(0x0000007098600000,0x0000007098700000)]
  0x00000250211a0800 JavaThread "Cache worker for execution history cache (D:\android_projects_coll\recent\.gradle\7.0.2\executionHistory)" [_thread_blocked, id=10492, stack(0x0000007098700000,0x0000007098800000)]
  0x000002502119b800 JavaThread "WorkerExecutor Queue" [_thread_blocked, id=1124, stack(0x0000007098800000,0x0000007098900000)]
  0x00000250211a3800 JavaThread "WorkerExecutor Queue Thread 2" [_thread_blocked, id=7320, stack(0x0000007098900000,0x0000007098a00000)]
  0x00000250211a4800 JavaThread "WorkerExecutor Queue Thread 3" [_thread_blocked, id=34724, stack(0x0000007098a00000,0x0000007098b00000)]
  0x000002502ab8d800 JavaThread "C2 CompilerThread1" daemon [_thread_blocked, id=21980, stack(0x0000007097200000,0x0000007097300000)]
  0x00000250211a2000 JavaThread "WorkerExecutor Queue Thread 4" [_thread_blocked, id=23092, stack(0x0000007098e00000,0x0000007098f00000)]
  0x00000250211a3000 JavaThread "WorkerExecutor Queue Thread 5" [_thread_blocked, id=38536, stack(0x0000007098f00000,0x0000007099000000)]
  0x00000250211a7000 JavaThread "WorkerExecutor Queue Thread 6" [_thread_blocked, id=25924, stack(0x0000007099000000,0x0000007099100000)]
  0x00000250211a9800 JavaThread "pool-7-thread-1" [_thread_blocked, id=13196, stack(0x0000007099100000,0x0000007099200000)]
  0x00000250211a5800 JavaThread "stderr" [_thread_in_native, id=34420, stack(0x0000007099200000,0x0000007099300000)]
  0x00000250211a6000 JavaThread "stdout" [_thread_in_native, id=31500, stack(0x0000007099300000,0x0000007099400000)]
  0x00000250211a8000 JavaThread "stderr" [_thread_in_native, id=29512, stack(0x0000007099400000,0x0000007099500000)]
  0x00000250211a8800 JavaThread "stdout" [_thread_in_native, id=32224, stack(0x0000007099500000,0x0000007099600000)]
  0x00000250212e3000 JavaThread "WorkerExecutor Queue Thread 7" [_thread_blocked, id=8280, stack(0x0000007099600000,0x0000007099700000)]

Other Threads:
=>0x00000250205fe800 VMThread "VM Thread" [stack: 0x0000007094600000,0x0000007094700000] [id=3428]
  0x0000025021044800 WatcherThread [stack: 0x0000007095000000,0x0000007095100000] [id=26728]
  0x00000250065a8000 GCTaskThread "GC Thread#0" [stack: 0x0000007094100000,0x0000007094200000] [id=37200]
  0x0000025021be4800 GCTaskThread "GC Thread#1" [stack: 0x0000007095200000,0x0000007095300000] [id=21524]
  0x00000250213d5800 GCTaskThread "GC Thread#2" [stack: 0x0000007095300000,0x0000007095400000] [id=20736]
  0x0000025021a5c800 GCTaskThread "GC Thread#3" [stack: 0x0000007095400000,0x0000007095500000] [id=13792]
  0x0000025022191800 GCTaskThread "GC Thread#4" [stack: 0x0000007095500000,0x0000007095600000] [id=19220]
  0x0000025021cc9800 GCTaskThread "GC Thread#5" [stack: 0x0000007095600000,0x0000007095700000] [id=16392]
  0x00000250065d7800 ConcurrentGCThread "G1 Main Marker" [stack: 0x0000007094200000,0x0000007094300000] [id=4504]
  0x00000250065d9800 ConcurrentGCThread "G1 Conc#0" [stack: 0x0000007094300000,0x0000007094400000] [id=2468]
  0x00000250222d3800 ConcurrentGCThread "G1 Conc#1" [stack: 0x0000007096300000,0x0000007096400000] [id=34364]
  0x000002500666e000 ConcurrentGCThread "G1 Refine#0" [stack: 0x0000007094400000,0x0000007094500000] [id=18028]
  0x0000025023963800 ConcurrentGCThread "G1 Refine#1" [stack: 0x0000007098b00000,0x0000007098c00000] [id=34480]
  0x0000025023225000 ConcurrentGCThread "G1 Refine#2" [stack: 0x0000007098c00000,0x0000007098d00000] [id=18416]
  0x0000025024d04800 ConcurrentGCThread "G1 Refine#3" [stack: 0x0000007098d00000,0x0000007098e00000] [id=13812]
  0x000002502046e800 ConcurrentGCThread "G1 Young RemSet Sampling" [stack: 0x0000007094500000,0x0000007094600000] [id=2108]

Threads with active compile tasks:
C2 CompilerThread0  56757 15265   !   4       com.android.tools.r8.graph.q0::p (91 bytes)
C2 CompilerThread1  56757 15283       4       com.android.tools.r8.s.a.b.m.a::b (650 bytes)

VM state:at safepoint (normal execution)

VM Mutex/Monitor currently owned by a thread:  ([mutex/lock_event])
[0x0000025006588ee0] Threads_lock - owner thread: 0x00000250205fe800
[0x00000250065891b0] Heap_lock - owner thread: 0x00000250211a7000

Heap address: 0x0000000080000000, size: 2048 MB, Compressed Oops mode: 32-bit
Narrow klass base: 0x0000000000000000, Narrow klass shift: 3
Compressed class space size: 1073741824 Address: 0x0000000100000000

Heap:
 garbage-first heap   total 344064K, used 203199K [0x0000000080000000, 0x0000000100000000)
  region size 1024K, 2 young (2048K), 2 survivors (2048K)
 Metaspace       used 100492K, capacity 102924K, committed 103244K, reserved 1138688K
  class space    used 12402K, capacity 13267K, committed 13388K, reserved 1048576K
Heap Regions: E=young(eden), S=young(survivor), O=old, HS=humongous(starts), HC=humongous(continues), CS=collection set, F=free, A=archive, TAMS=top-at-mark-start (previous, next)
|   0|0x0000000080000000, 0x0000000080100000, 0x0000000080100000|100%| O|  |TAMS 0x0000000080100000, 0x0000000080000000| Untracked 
|   1|0x0000000080100000, 0x0000000080200000, 0x0000000080200000|100%| O|  |TAMS 0x0000000080200000, 0x0000000080100000| Untracked 
|   2|0x0000000080200000, 0x0000000080300000, 0x0000000080300000|100%| O|  |TAMS 0x0000000080300000, 0x0000000080200000| Untracked 
|   3|0x0000000080300000, 0x0000000080400000, 0x0000000080400000|100%|HS|  |TAMS 0x0000000080400000, 0x0000000080300000| Complete 
|   4|0x0000000080400000, 0x0000000080500000, 0x0000000080500000|100%|HC|  |TAMS 0x0000000080500000, 0x0000000080400000| Complete 
|   5|0x0000000080500000, 0x0000000080600000, 0x0000000080600000|100%|HC|  |TAMS 0x0000000080600000, 0x0000000080500000| Complete 
|   6|0x0000000080600000, 0x0000000080700000, 0x0000000080700000|100%| O|  |TAMS 0x0000000080700000, 0x0000000080600000| Complete 
|   7|0x0000000080700000, 0x0000000080800000, 0x0000000080800000|100%| O|  |TAMS 0x0000000080800000, 0x0000000080700000| Untracked 
|   8|0x0000000080800000, 0x0000000080900000, 0x0000000080900000|100%| O|  |TAMS 0x0000000080900000, 0x0000000080800000| Untracked 
|   9|0x0000000080900000, 0x0000000080a00000, 0x0000000080a00000|100%| O|  |TAMS 0x0000000080a00000, 0x0000000080900000| Untracked 
|  10|0x0000000080a00000, 0x0000000080b00000, 0x0000000080b00000|100%| O|  |TAMS 0x0000000080b00000, 0x0000000080a00000| Complete 
|  11|0x0000000080b00000, 0x0000000080c00000, 0x0000000080c00000|100%| O|  |TAMS 0x0000000080c00000, 0x0000000080b00000| Untracked 
|  12|0x0000000080c00000, 0x0000000080d00000, 0x0000000080d00000|100%| O|  |TAMS 0x0000000080d00000, 0x0000000080c00000| Untracked 
|  13|0x0000000080d00000, 0x0000000080e00000, 0x0000000080e00000|100%| O|  |TAMS 0x0000000080e00000, 0x0000000080d00000| Untracked 
|  14|0x0000000080e00000, 0x0000000080f00000, 0x0000000080f00000|100%| O|  |TAMS 0x0000000080f00000, 0x0000000080e00000| Untracked 
|  15|0x0000000080f00000, 0x0000000081000000, 0x0000000081000000|100%| O|  |TAMS 0x0000000081000000, 0x0000000080f00000| Untracked 
|  16|0x0000000081000000, 0x0000000081100000, 0x0000000081100000|100%| O|  |TAMS 0x0000000081100000, 0x0000000081000000| Untracked 
|  17|0x0000000081100000, 0x0000000081200000, 0x0000000081200000|100%|HS|  |TAMS 0x0000000081200000, 0x0000000081100000| Complete 
|  18|0x0000000081200000, 0x0000000081300000, 0x0000000081300000|100%|HS|  |TAMS 0x0000000081300000, 0x0000000081200000| Complete 
|  19|0x0000000081300000, 0x0000000081400000, 0x0000000081400000|100%|HC|  |TAMS 0x0000000081400000, 0x0000000081300000| Complete 
|  20|0x0000000081400000, 0x0000000081500000, 0x0000000081500000|100%| O|  |TAMS 0x0000000081500000, 0x0000000081400000| Untracked 
|  21|0x0000000081500000, 0x0000000081600000, 0x0000000081600000|100%| O|  |TAMS 0x0000000081600000, 0x0000000081500000| Untracked 
|  22|0x0000000081600000, 0x0000000081700000, 0x0000000081700000|100%| O|  |TAMS 0x0000000081700000, 0x0000000081600000| Untracked 
|  23|0x0000000081700000, 0x0000000081800000, 0x0000000081800000|100%| O|  |TAMS 0x0000000081800000, 0x0000000081700000| Untracked 
|  24|0x0000000081800000, 0x0000000081900000, 0x0000000081900000|100%| O|  |TAMS 0x0000000081900000, 0x0000000081800000| Complete 
|  25|0x0000000081900000, 0x0000000081a00000, 0x0000000081a00000|100%| O|  |TAMS 0x0000000081a00000, 0x0000000081900000| Untracked 
|  26|0x0000000081a00000, 0x0000000081b00000, 0x0000000081b00000|100%| O|  |TAMS 0x0000000081b00000, 0x0000000081a00000| Untracked 
|  27|0x0000000081b00000, 0x0000000081c00000, 0x0000000081c00000|100%| O|  |TAMS 0x0000000081c00000, 0x0000000081b00000| Untracked 
|  28|0x0000000081c00000, 0x0000000081d00000, 0x0000000081d00000|100%| O|  |TAMS 0x0000000081d00000, 0x0000000081c00000| Untracked 
|  29|0x0000000081d00000, 0x0000000081e00000, 0x0000000081e00000|100%| O|  |TAMS 0x0000000081e00000, 0x0000000081d00000| Untracked 
|  30|0x0000000081e00000, 0x0000000081f00000, 0x0000000081f00000|100%| O|  |TAMS 0x0000000081f00000, 0x0000000081e00000| Untracked 
|  31|0x0000000081f00000, 0x0000000082000000, 0x0000000082000000|100%| O|  |TAMS 0x0000000082000000, 0x0000000081f00000| Untracked 
|  32|0x0000000082000000, 0x0000000082100000, 0x0000000082100000|100%| O|  |TAMS 0x0000000082100000, 0x0000000082000000| Untracked 
|  33|0x0000000082100000, 0x0000000082200000, 0x0000000082200000|100%| O|  |TAMS 0x0000000082200000, 0x0000000082100000| Untracked 
|  34|0x0000000082200000, 0x0000000082300000, 0x0000000082300000|100%| O|  |TAMS 0x0000000082300000, 0x0000000082200000| Complete 
|  35|0x0000000082300000, 0x0000000082400000, 0x0000000082400000|100%| O|  |TAMS 0x0000000082400000, 0x0000000082300000| Untracked 
|  36|0x0000000082400000, 0x0000000082500000, 0x0000000082500000|100%| O|  |TAMS 0x0000000082500000, 0x0000000082400000| Complete 
|  37|0x0000000082500000, 0x0000000082600000, 0x0000000082600000|100%| O|  |TAMS 0x0000000082600000, 0x0000000082500000| Complete 
|  38|0x0000000082600000, 0x0000000082700000, 0x0000000082700000|100%| O|  |TAMS 0x0000000082700000, 0x0000000082600000| Complete 
|  39|0x0000000082700000, 0x0000000082800000, 0x0000000082800000|100%| O|  |TAMS 0x0000000082800000, 0x0000000082700000| Untracked 
|  40|0x0000000082800000, 0x0000000082900000, 0x0000000082900000|100%| O|  |TAMS 0x0000000082900000, 0x0000000082800000| Untracked 
|  41|0x0000000082900000, 0x0000000082a00000, 0x0000000082a00000|100%| O|  |TAMS 0x0000000082a00000, 0x0000000082900000| Untracked 
|  42|0x0000000082a00000, 0x0000000082b00000, 0x0000000082b00000|100%| O|  |TAMS 0x0000000082b00000, 0x0000000082a00000| Complete 
|  43|0x0000000082b00000, 0x0000000082c00000, 0x0000000082c00000|100%| O|  |TAMS 0x0000000082c00000, 0x0000000082b00000| Untracked 
|  44|0x0000000082c00000, 0x0000000082d00000, 0x0000000082d00000|100%| O|  |TAMS 0x0000000082d00000, 0x0000000082c00000| Complete 
|  45|0x0000000082d00000, 0x0000000082e00000, 0x0000000082e00000|100%| O|  |TAMS 0x0000000082e00000, 0x0000000082d00000| Untracked 
|  46|0x0000000082e00000, 0x0000000082f00000, 0x0000000082f00000|100%| O|  |TAMS 0x0000000082f00000, 0x0000000082e00000| Untracked 
|  47|0x0000000082f00000, 0x0000000083000000, 0x0000000083000000|100%| O|  |TAMS 0x0000000083000000, 0x0000000082f00000| Untracked 
|  48|0x0000000083000000, 0x0000000083100000, 0x0000000083100000|100%| O|  |TAMS 0x0000000083100000, 0x0000000083000000| Complete 
|  49|0x0000000083100000, 0x0000000083200000, 0x0000000083200000|100%| O|  |TAMS 0x0000000083200000, 0x0000000083100000| Complete 
|  50|0x0000000083200000, 0x0000000083300000, 0x0000000083300000|100%| O|  |TAMS 0x0000000083300000, 0x0000000083200000| Complete 
|  51|0x0000000083300000, 0x0000000083400000, 0x0000000083400000|100%| O|  |TAMS 0x0000000083400000, 0x0000000083300000| Untracked 
|  52|0x0000000083400000, 0x0000000083500000, 0x0000000083500000|100%| O|  |TAMS 0x0000000083500000, 0x0000000083400000| Untracked 
|  53|0x0000000083500000, 0x0000000083600000, 0x0000000083600000|100%| O|  |TAMS 0x0000000083600000, 0x0000000083500000| Complete 
|  54|0x0000000083600000, 0x0000000083700000, 0x0000000083700000|100%| O|  |TAMS 0x0000000083600000, 0x0000000083600000| Untracked 
|  55|0x0000000083700000, 0x0000000083800000, 0x0000000083800000|100%| O|  |TAMS 0x0000000083800000, 0x0000000083700000| Untracked 
|  56|0x0000000083800000, 0x0000000083900000, 0x0000000083900000|100%| O|  |TAMS 0x0000000083900000, 0x0000000083800000| Complete 
|  57|0x0000000083900000, 0x0000000083900000, 0x0000000083a00000|  0%| F|  |TAMS 0x0000000083900000, 0x0000000083900000| Untracked 
|  58|0x0000000083a00000, 0x0000000083b00000, 0x0000000083b00000|100%| O|  |TAMS 0x0000000083b00000, 0x0000000083a00000| Untracked 
|  59|0x0000000083b00000, 0x0000000083c00000, 0x0000000083c00000|100%| O|  |TAMS 0x0000000083c00000, 0x0000000083b00000| Untracked 
|  60|0x0000000083c00000, 0x0000000083d00000, 0x0000000083d00000|100%| O|  |TAMS 0x0000000083d00000, 0x0000000083c00000| Untracked 
|  61|0x0000000083d00000, 0x0000000083e00000, 0x0000000083e00000|100%| O|  |TAMS 0x0000000083e00000, 0x0000000083d00000| Untracked 
|  62|0x0000000083e00000, 0x0000000083f00000, 0x0000000083f00000|100%| O|  |TAMS 0x0000000083f00000, 0x0000000083e00000| Untracked 
|  63|0x0000000083f00000, 0x0000000084000000, 0x0000000084000000|100%| O|  |TAMS 0x0000000084000000, 0x0000000083f00000| Untracked 
|  64|0x0000000084000000, 0x0000000084100000, 0x0000000084100000|100%| O|  |TAMS 0x0000000084100000, 0x0000000084000000| Untracked 
|  65|0x0000000084100000, 0x0000000084200000, 0x0000000084200000|100%| O|  |TAMS 0x0000000084200000, 0x0000000084100000| Untracked 
|  66|0x0000000084200000, 0x0000000084300000, 0x0000000084300000|100%| O|  |TAMS 0x0000000084300000, 0x0000000084200000| Untracked 
|  67|0x0000000084300000, 0x0000000084400000, 0x0000000084400000|100%| O|  |TAMS 0x0000000084400000, 0x0000000084300000| Untracked 
|  68|0x0000000084400000, 0x0000000084500000, 0x0000000084500000|100%| O|  |TAMS 0x0000000084500000, 0x0000000084400000| Untracked 
|  69|0x0000000084500000, 0x0000000084600000, 0x0000000084600000|100%| O|  |TAMS 0x0000000084600000, 0x0000000084500000| Untracked 
|  70|0x0000000084600000, 0x0000000084700000, 0x0000000084700000|100%| O|  |TAMS 0x0000000084700000, 0x0000000084600000| Untracked 
|  71|0x0000000084700000, 0x0000000084800000, 0x0000000084800000|100%| O|  |TAMS 0x0000000084800000, 0x0000000084700000| Untracked 
|  72|0x0000000084800000, 0x0000000084900000, 0x0000000084900000|100%| O|  |TAMS 0x0000000084900000, 0x0000000084800000| Complete 
|  73|0x0000000084900000, 0x0000000084900000, 0x0000000084a00000|  0%| F|  |TAMS 0x0000000084900000, 0x0000000084900000| Untracked 
|  74|0x0000000084a00000, 0x0000000084b00000, 0x0000000084b00000|100%|HS|  |TAMS 0x0000000084a00000, 0x0000000084a00000| Complete 
|  75|0x0000000084b00000, 0x0000000084c00000, 0x0000000084c00000|100%| O|  |TAMS 0x0000000084b00000, 0x0000000084b00000| Untracked 
|  76|0x0000000084c00000, 0x0000000084d00000, 0x0000000084d00000|100%|HS|  |TAMS 0x0000000084c00000, 0x0000000084c00000| Complete 
|  77|0x0000000084d00000, 0x0000000084e00000, 0x0000000084e00000|100%| O|  |TAMS 0x0000000084e00000, 0x0000000084d00000| Untracked 
|  78|0x0000000084e00000, 0x0000000084f00000, 0x0000000084f00000|100%| O|  |TAMS 0x0000000084e00000, 0x0000000084e00000| Untracked 
|  79|0x0000000084f00000, 0x0000000085000000, 0x0000000085000000|100%| O|  |TAMS 0x0000000085000000, 0x0000000084f00000| Complete 
|  80|0x0000000085000000, 0x0000000085100000, 0x0000000085100000|100%| O|  |TAMS 0x0000000085100000, 0x0000000085000000| Complete 
|  81|0x0000000085100000, 0x0000000085100000, 0x0000000085200000|  0%| F|  |TAMS 0x0000000085100000, 0x0000000085100000| Untracked 
|  82|0x0000000085200000, 0x0000000085300000, 0x0000000085300000|100%| O|  |TAMS 0x0000000085300000, 0x0000000085200000| Complete 
|  83|0x0000000085300000, 0x0000000085400000, 0x0000000085400000|100%| O|  |TAMS 0x0000000085400000, 0x0000000085300000| Complete 
|  84|0x0000000085400000, 0x0000000085500000, 0x0000000085500000|100%| O|  |TAMS 0x0000000085500000, 0x0000000085400000| Complete 
|  85|0x0000000085500000, 0x0000000085600000, 0x0000000085600000|100%| O|  |TAMS 0x0000000085600000, 0x0000000085500000| Complete 
|  86|0x0000000085600000, 0x0000000085700000, 0x0000000085700000|100%| O|  |TAMS 0x0000000085700000, 0x0000000085600000| Complete 
|  87|0x0000000085700000, 0x0000000085800000, 0x0000000085800000|100%|HS|  |TAMS 0x0000000085700000, 0x0000000085700000| Complete 
|  88|0x0000000085800000, 0x0000000085900000, 0x0000000085900000|100%| O|  |TAMS 0x0000000085900000, 0x0000000085800000| Complete 
|  89|0x0000000085900000, 0x0000000085a00000, 0x0000000085a00000|100%| O|  |TAMS 0x0000000085900000, 0x0000000085900000| Untracked 
|  90|0x0000000085a00000, 0x0000000085b00000, 0x0000000085b00000|100%| O|  |TAMS 0x0000000085b00000, 0x0000000085a00000| Complete 
|  91|0x0000000085b00000, 0x0000000085c00000, 0x0000000085c00000|100%| O|  |TAMS 0x0000000085c00000, 0x0000000085b00000| Complete 
|  92|0x0000000085c00000, 0x0000000085d00000, 0x0000000085d00000|100%|HS|  |TAMS 0x0000000085c00000, 0x0000000085c00000| Complete 
|  93|0x0000000085d00000, 0x0000000085e00000, 0x0000000085e00000|100%| O|  |TAMS 0x0000000085e00000, 0x0000000085d00000| Untracked 
|  94|0x0000000085e00000, 0x0000000085f00000, 0x0000000085f00000|100%| O|  |TAMS 0x0000000085f00000, 0x0000000085e00000| Untracked 
|  95|0x0000000085f00000, 0x0000000086000000, 0x0000000086000000|100%| O|  |TAMS 0x0000000086000000, 0x0000000085f00000| Untracked 
|  96|0x0000000086000000, 0x0000000086100000, 0x0000000086100000|100%| O|  |TAMS 0x0000000086100000, 0x0000000086000000| Untracked 
|  97|0x0000000086100000, 0x0000000086200000, 0x0000000086200000|100%| O|  |TAMS 0x0000000086200000, 0x0000000086100000| Untracked 
|  98|0x0000000086200000, 0x0000000086300000, 0x0000000086300000|100%|HS|  |TAMS 0x0000000086300000, 0x0000000086200000| Complete 
|  99|0x0000000086300000, 0x0000000086400000, 0x0000000086400000|100%|HS|  |TAMS 0x0000000086400000, 0x0000000086300000| Complete 
| 100|0x0000000086400000, 0x0000000086500000, 0x0000000086500000|100%|HS|  |TAMS 0x0000000086500000, 0x0000000086400000| Complete 
| 101|0x0000000086500000, 0x0000000086600000, 0x0000000086600000|100%|HC|  |TAMS 0x0000000086600000, 0x0000000086500000| Complete 
| 102|0x0000000086600000, 0x0000000086700000, 0x0000000086700000|100%|HS|  |TAMS 0x0000000086700000, 0x0000000086600000| Complete 
| 103|0x0000000086700000, 0x0000000086800000, 0x0000000086800000|100%|HC|  |TAMS 0x0000000086800000, 0x0000000086700000| Complete 
| 104|0x0000000086800000, 0x0000000086900000, 0x0000000086900000|100%|HC|  |TAMS 0x0000000086900000, 0x0000000086800000| Complete 
| 105|0x0000000086900000, 0x0000000086a00000, 0x0000000086a00000|100%|HS|  |TAMS 0x0000000086a00000, 0x0000000086900000| Complete 
| 106|0x0000000086a00000, 0x0000000086b00000, 0x0000000086b00000|100%|HC|  |TAMS 0x0000000086b00000, 0x0000000086a00000| Complete 
| 107|0x0000000086b00000, 0x0000000086c00000, 0x0000000086c00000|100%| O|  |TAMS 0x0000000086c00000, 0x0000000086b00000| Untracked 
| 108|0x0000000086c00000, 0x0000000086d00000, 0x0000000086d00000|100%| O|  |TAMS 0x0000000086d00000, 0x0000000086c00000| Complete 
| 109|0x0000000086d00000, 0x0000000086e00000, 0x0000000086e00000|100%| O|  |TAMS 0x0000000086e00000, 0x0000000086d00000| Complete 
| 110|0x0000000086e00000, 0x0000000086f00000, 0x0000000086f00000|100%| O|  |TAMS 0x0000000086f00000, 0x0000000086e00000| Complete 
| 111|0x0000000086f00000, 0x0000000087000000, 0x0000000087000000|100%| O|  |TAMS 0x0000000087000000, 0x0000000086f00000| Complete 
| 112|0x0000000087000000, 0x0000000087100000, 0x0000000087100000|100%| O|  |TAMS 0x0000000087100000, 0x0000000087000000| Untracked 
| 113|0x0000000087100000, 0x0000000087200000, 0x0000000087200000|100%| O|  |TAMS 0x0000000087200000, 0x0000000087100000| Untracked 
| 114|0x0000000087200000, 0x0000000087300000, 0x0000000087300000|100%| O|  |TAMS 0x0000000087300000, 0x0000000087200000| Untracked 
| 115|0x0000000087300000, 0x0000000087400000, 0x0000000087400000|100%|HS|  |TAMS 0x0000000087400000, 0x0000000087300000| Complete 
| 116|0x0000000087400000, 0x0000000087500000, 0x0000000087500000|100%|HC|  |TAMS 0x0000000087500000, 0x0000000087400000| Complete 
| 117|0x0000000087500000, 0x0000000087600000, 0x0000000087600000|100%|HS|  |TAMS 0x0000000087600000, 0x0000000087500000| Complete 
| 118|0x0000000087600000, 0x0000000087700000, 0x0000000087700000|100%|HS|  |TAMS 0x0000000087700000, 0x0000000087600000| Complete 
| 119|0x0000000087700000, 0x0000000087800000, 0x0000000087800000|100%|HS|  |TAMS 0x0000000087800000, 0x0000000087700000| Complete 
| 120|0x0000000087800000, 0x0000000087900000, 0x0000000087900000|100%|HS|  |TAMS 0x0000000087900000, 0x0000000087800000| Complete 
| 121|0x0000000087900000, 0x0000000087a00000, 0x0000000087a00000|100%|HS|  |TAMS 0x0000000087a00000, 0x0000000087900000| Complete 
| 122|0x0000000087a00000, 0x0000000087b00000, 0x0000000087b00000|100%|HS|  |TAMS 0x0000000087b00000, 0x0000000087a00000| Complete 
| 123|0x0000000087b00000, 0x0000000087c00000, 0x0000000087c00000|100%|HS|  |TAMS 0x0000000087c00000, 0x0000000087b00000| Complete 
| 124|0x0000000087c00000, 0x0000000087d00000, 0x0000000087d00000|100%|HC|  |TAMS 0x0000000087d00000, 0x0000000087c00000| Complete 
| 125|0x0000000087d00000, 0x0000000087e00000, 0x0000000087e00000|100%|HC|  |TAMS 0x0000000087e00000, 0x0000000087d00000| Complete 
| 126|0x0000000087e00000, 0x0000000087f00000, 0x0000000087f00000|100%|HS|  |TAMS 0x0000000087f00000, 0x0000000087e00000| Complete 
| 127|0x0000000087f00000, 0x0000000088000000, 0x0000000088000000|100%|HS|  |TAMS 0x0000000088000000, 0x0000000087f00000| Complete 
| 128|0x0000000088000000, 0x0000000088100000, 0x0000000088100000|100%|HC|  |TAMS 0x0000000088100000, 0x0000000088000000| Complete 
| 129|0x0000000088100000, 0x0000000088200000, 0x0000000088200000|100%|HC|  |TAMS 0x0000000088200000, 0x0000000088100000| Complete 
| 130|0x0000000088200000, 0x0000000088300000, 0x0000000088300000|100%| O|  |TAMS 0x0000000088200000, 0x0000000088200000| Untracked 
| 131|0x0000000088300000, 0x0000000088400000, 0x0000000088400000|100%|HS|  |TAMS 0x0000000088400000, 0x0000000088300000| Complete 
| 132|0x0000000088400000, 0x0000000088500000, 0x0000000088500000|100%| O|  |TAMS 0x0000000088400000, 0x0000000088400000| Untracked 
| 133|0x0000000088500000, 0x0000000088600000, 0x0000000088600000|100%| O|  |TAMS 0x0000000088500000, 0x0000000088500000| Untracked 
| 134|0x0000000088600000, 0x0000000088700000, 0x0000000088700000|100%|HS|  |TAMS 0x0000000088600000, 0x0000000088600000| Complete 
| 135|0x0000000088700000, 0x0000000088800000, 0x0000000088800000|100%|HC|  |TAMS 0x0000000088700000, 0x0000000088700000| Complete 
| 136|0x0000000088800000, 0x0000000088900000, 0x0000000088900000|100%|HS|  |TAMS 0x0000000088800000, 0x0000000088800000| Complete 
| 137|0x0000000088900000, 0x0000000088a00000, 0x0000000088a00000|100%|HS|  |TAMS 0x0000000088a00000, 0x0000000088900000| Complete 
| 138|0x0000000088a00000, 0x0000000088b00000, 0x0000000088b00000|100%| O|  |TAMS 0x0000000088b00000, 0x0000000088a00000| Untracked 
| 139|0x0000000088b00000, 0x0000000088c00000, 0x0000000088c00000|100%| O|  |TAMS 0x0000000088c00000, 0x0000000088b00000| Untracked 
| 140|0x0000000088c00000, 0x0000000088d00000, 0x0000000088d00000|100%| O|  |TAMS 0x0000000088d00000, 0x0000000088c00000| Complete 
| 141|0x0000000088d00000, 0x0000000088e00000, 0x0000000088e00000|100%| O|  |TAMS 0x0000000088e00000, 0x0000000088d00000| Untracked 
| 142|0x0000000088e00000, 0x0000000088f00000, 0x0000000088f00000|100%| O|  |TAMS 0x0000000088f00000, 0x0000000088e00000| Untracked 
| 143|0x0000000088f00000, 0x0000000089000000, 0x0000000089000000|100%| O|  |TAMS 0x0000000089000000, 0x0000000088f00000| Complete 
| 144|0x0000000089000000, 0x0000000089100000, 0x0000000089100000|100%| O|  |TAMS 0x0000000089100000, 0x0000000089000000| Untracked 
| 145|0x0000000089100000, 0x0000000089200000, 0x0000000089200000|100%| O|  |TAMS 0x0000000089200000, 0x0000000089100000| Untracked 
| 146|0x0000000089200000, 0x0000000089300000, 0x0000000089300000|100%| O|  |TAMS 0x0000000089300000, 0x0000000089200000| Untracked 
| 147|0x0000000089300000, 0x0000000089400000, 0x0000000089400000|100%| O|  |TAMS 0x0000000089400000, 0x0000000089300000| Untracked 
| 148|0x0000000089400000, 0x0000000089500000, 0x0000000089500000|100%| O|  |TAMS 0x0000000089500000, 0x0000000089400000| Complete 
| 149|0x0000000089500000, 0x0000000089600000, 0x0000000089600000|100%| O|  |TAMS 0x0000000089600000, 0x0000000089500000| Complete 
| 150|0x0000000089600000, 0x0000000089700000, 0x0000000089700000|100%| O|  |TAMS 0x0000000089700000, 0x0000000089600000| Untracked 
| 151|0x0000000089700000, 0x0000000089800000, 0x0000000089800000|100%| O|  |TAMS 0x0000000089800000, 0x0000000089700000| Complete 
| 152|0x0000000089800000, 0x0000000089900000, 0x0000000089900000|100%| O|  |TAMS 0x0000000089900000, 0x0000000089800000| Untracked 
| 153|0x0000000089900000, 0x0000000089a00000, 0x0000000089a00000|100%| O|  |TAMS 0x0000000089a00000, 0x0000000089900000| Untracked 
| 154|0x0000000089a00000, 0x0000000089b00000, 0x0000000089b00000|100%| O|  |TAMS 0x0000000089b00000, 0x0000000089a00000| Untracked 
| 155|0x0000000089b00000, 0x0000000089c00000, 0x0000000089c00000|100%| O|  |TAMS 0x0000000089c00000, 0x0000000089b00000| Complete 
| 156|0x0000000089c00000, 0x0000000089d00000, 0x0000000089d00000|100%| O|  |TAMS 0x0000000089d00000, 0x0000000089c00000| Untracked 
| 157|0x0000000089d00000, 0x0000000089e00000, 0x0000000089e00000|100%| O|  |TAMS 0x0000000089e00000, 0x0000000089d00000| Complete 
| 158|0x0000000089e00000, 0x0000000089f00000, 0x0000000089f00000|100%| O|  |TAMS 0x0000000089f00000, 0x0000000089e00000| Untracked 
| 159|0x0000000089f00000, 0x000000008a000000, 0x000000008a000000|100%| O|  |TAMS 0x000000008a000000, 0x0000000089f00000| Untracked 
| 160|0x000000008a000000, 0x000000008a100000, 0x000000008a100000|100%| O|  |TAMS 0x000000008a100000, 0x000000008a000000| Untracked 
| 161|0x000000008a100000, 0x000000008a200000, 0x000000008a200000|100%| O|  |TAMS 0x000000008a200000, 0x000000008a100000| Untracked 
| 162|0x000000008a200000, 0x000000008a300000, 0x000000008a300000|100%| O|  |TAMS 0x000000008a200000, 0x000000008a200000| Untracked 
| 163|0x000000008a300000, 0x000000008a36fe00, 0x000000008a400000| 43%| O|  |TAMS 0x000000008a300000, 0x000000008a300000| Untracked 
| 164|0x000000008a400000, 0x000000008a400000, 0x000000008a500000|  0%| F|  |TAMS 0x000000008a400000, 0x000000008a400000| Untracked 
| 165|0x000000008a500000, 0x000000008a600000, 0x000000008a600000|100%|HS|  |TAMS 0x000000008a500000, 0x000000008a500000| Complete 
| 166|0x000000008a600000, 0x000000008a700000, 0x000000008a700000|100%|HC|  |TAMS 0x000000008a600000, 0x000000008a600000| Complete 
| 167|0x000000008a700000, 0x000000008a800000, 0x000000008a800000|100%|HC|  |TAMS 0x000000008a700000, 0x000000008a700000| Complete 
| 168|0x000000008a800000, 0x000000008a800000, 0x000000008a900000|  0%| F|  |TAMS 0x000000008a800000, 0x000000008a800000| Untracked 
| 169|0x000000008a900000, 0x000000008a900000, 0x000000008aa00000|  0%| F|  |TAMS 0x000000008a900000, 0x000000008a900000| Untracked 
| 170|0x000000008aa00000, 0x000000008ab00000, 0x000000008ab00000|100%|HS|  |TAMS 0x000000008aa00000, 0x000000008aa00000| Complete 
| 171|0x000000008ab00000, 0x000000008ac00000, 0x000000008ac00000|100%|HC|  |TAMS 0x000000008ab00000, 0x000000008ab00000| Complete 
| 172|0x000000008ac00000, 0x000000008ac00000, 0x000000008ad00000|  0%| F|  |TAMS 0x000000008ac00000, 0x000000008ac00000| Untracked 
| 173|0x000000008ad00000, 0x000000008ae00000, 0x000000008ae00000|100%| O|  |TAMS 0x000000008ad98400, 0x000000008ad00000| Untracked 
| 174|0x000000008ae00000, 0x000000008ae00000, 0x000000008af00000|  0%| F|  |TAMS 0x000000008ae00000, 0x000000008ae00000| Untracked 
| 175|0x000000008af00000, 0x000000008af00000, 0x000000008b000000|  0%| F|  |TAMS 0x000000008af00000, 0x000000008af00000| Untracked 
| 176|0x000000008b000000, 0x000000008b100000, 0x000000008b100000|100%|HS|  |TAMS 0x000000008b000000, 0x000000008b000000| Complete 
| 177|0x000000008b100000, 0x000000008b200000, 0x000000008b200000|100%|HC|  |TAMS 0x000000008b100000, 0x000000008b100000| Complete 
| 178|0x000000008b200000, 0x000000008b300000, 0x000000008b300000|100%|HS|  |TAMS 0x000000008b200000, 0x000000008b200000| Complete 
| 179|0x000000008b300000, 0x000000008b300000, 0x000000008b400000|  0%| F|  |TAMS 0x000000008b300000, 0x000000008b300000| Untracked 
| 180|0x000000008b400000, 0x000000008b500000, 0x000000008b500000|100%|HS|  |TAMS 0x000000008b400000, 0x000000008b400000| Complete 
| 181|0x000000008b500000, 0x000000008b500000, 0x000000008b600000|  0%| F|  |TAMS 0x000000008b500000, 0x000000008b500000| Untracked 
| 182|0x000000008b600000, 0x000000008b700000, 0x000000008b700000|100%|HS|  |TAMS 0x000000008b600000, 0x000000008b600000| Complete 
| 183|0x000000008b700000, 0x000000008b700000, 0x000000008b800000|  0%| F|  |TAMS 0x000000008b700000, 0x000000008b700000| Untracked 
| 184|0x000000008b800000, 0x000000008b800000, 0x000000008b900000|  0%| F|  |TAMS 0x000000008b800000, 0x000000008b800000| Untracked 
| 185|0x000000008b900000, 0x000000008b900000, 0x000000008ba00000|  0%| F|  |TAMS 0x000000008b900000, 0x000000008b900000| Untracked 
| 186|0x000000008ba00000, 0x000000008bb00000, 0x000000008bb00000|100%|HS|  |TAMS 0x000000008ba00000, 0x000000008ba00000| Complete 
| 187|0x000000008bb00000, 0x000000008bc00000, 0x000000008bc00000|100%|HC|  |TAMS 0x000000008bb00000, 0x000000008bb00000| Complete 
| 188|0x000000008bc00000, 0x000000008bd00000, 0x000000008bd00000|100%|HC|  |TAMS 0x000000008bc00000, 0x000000008bc00000| Complete 
| 189|0x000000008bd00000, 0x000000008bd00000, 0x000000008be00000|  0%| F|  |TAMS 0x000000008bd00000, 0x000000008bd00000| Untracked 
| 190|0x000000008be00000, 0x000000008bf00000, 0x000000008bf00000|100%|HS|  |TAMS 0x000000008be00000, 0x000000008be00000| Complete 
| 191|0x000000008bf00000, 0x000000008bf00000, 0x000000008c000000|  0%| F|  |TAMS 0x000000008bf00000, 0x000000008bf00000| Untracked 
| 192|0x000000008c000000, 0x000000008c000000, 0x000000008c100000|  0%| F|  |TAMS 0x000000008c000000, 0x000000008c000000| Untracked 
| 193|0x000000008c100000, 0x000000008c100000, 0x000000008c200000|  0%| F|  |TAMS 0x000000008c100000, 0x000000008c100000| Untracked 
| 194|0x000000008c200000, 0x000000008c300000, 0x000000008c300000|100%|HS|  |TAMS 0x000000008c200000, 0x000000008c200000| Complete 
| 195|0x000000008c300000, 0x000000008c400000, 0x000000008c400000|100%|HC|  |TAMS 0x000000008c300000, 0x000000008c300000| Complete 
| 196|0x000000008c400000, 0x000000008c500000, 0x000000008c500000|100%|HC|  |TAMS 0x000000008c400000, 0x000000008c400000| Complete 
| 197|0x000000008c500000, 0x000000008c500000, 0x000000008c600000|  0%| F|  |TAMS 0x000000008c500000, 0x000000008c500000| Untracked 
| 198|0x000000008c600000, 0x000000008c700000, 0x000000008c700000|100%|HS|  |TAMS 0x000000008c600000, 0x000000008c600000| Complete 
| 199|0x000000008c700000, 0x000000008c700000, 0x000000008c800000|  0%| F|  |TAMS 0x000000008c700000, 0x000000008c700000| Untracked 
| 200|0x000000008c800000, 0x000000008c900000, 0x000000008c900000|100%|HS|  |TAMS 0x000000008c800000, 0x000000008c800000| Complete 
| 201|0x000000008c900000, 0x000000008c900000, 0x000000008ca00000|  0%| F|  |TAMS 0x000000008c900000, 0x000000008c900000| Untracked 
| 202|0x000000008ca00000, 0x000000008ca00000, 0x000000008cb00000|  0%| F|  |TAMS 0x000000008ca00000, 0x000000008ca00000| Untracked 
| 203|0x000000008cb00000, 0x000000008cb00000, 0x000000008cc00000|  0%| F|  |TAMS 0x000000008cb00000, 0x000000008cb00000| Untracked 
| 204|0x000000008cc00000, 0x000000008cc00000, 0x000000008cd00000|  0%| F|  |TAMS 0x000000008cc00000, 0x000000008cc00000| Untracked 
| 205|0x000000008cd00000, 0x000000008cd00000, 0x000000008ce00000|  0%| F|  |TAMS 0x000000008cd00000, 0x000000008cd00000| Untracked 
| 206|0x000000008ce00000, 0x000000008ce00000, 0x000000008cf00000|  0%| F|  |TAMS 0x000000008ce00000, 0x000000008ce00000| Untracked 
| 207|0x000000008cf00000, 0x000000008cf00000, 0x000000008d000000|  0%| F|  |TAMS 0x000000008cf00000, 0x000000008cf00000| Untracked 
| 208|0x000000008d000000, 0x000000008d000000, 0x000000008d100000|  0%| F|  |TAMS 0x000000008d000000, 0x000000008d000000| Untracked 
| 209|0x000000008d100000, 0x000000008d100000, 0x000000008d200000|  0%| F|  |TAMS 0x000000008d100000, 0x000000008d100000| Untracked 
| 210|0x000000008d200000, 0x000000008d200000, 0x000000008d300000|  0%| F|  |TAMS 0x000000008d200000, 0x000000008d200000| Untracked 
| 211|0x000000008d300000, 0x000000008d300000, 0x000000008d400000|  0%| F|  |TAMS 0x000000008d300000, 0x000000008d300000| Untracked 
| 212|0x000000008d400000, 0x000000008d400000, 0x000000008d500000|  0%| F|  |TAMS 0x000000008d400000, 0x000000008d400000| Untracked 
| 213|0x000000008d500000, 0x000000008d500000, 0x000000008d600000|  0%| F|  |TAMS 0x000000008d500000, 0x000000008d500000| Untracked 
| 214|0x000000008d600000, 0x000000008d600000, 0x000000008d700000|  0%| F|  |TAMS 0x000000008d600000, 0x000000008d600000| Untracked 
| 215|0x000000008d700000, 0x000000008d700000, 0x000000008d800000|  0%| F|  |TAMS 0x000000008d700000, 0x000000008d700000| Untracked 
| 216|0x000000008d800000, 0x000000008d800000, 0x000000008d900000|  0%| F|  |TAMS 0x000000008d800000, 0x000000008d800000| Untracked 
| 217|0x000000008d900000, 0x000000008d900000, 0x000000008da00000|  0%| F|  |TAMS 0x000000008d900000, 0x000000008d900000| Untracked 
| 218|0x000000008da00000, 0x000000008da00000, 0x000000008db00000|  0%| F|  |TAMS 0x000000008da00000, 0x000000008da00000| Untracked 
| 219|0x000000008db00000, 0x000000008db00000, 0x000000008dc00000|  0%| F|  |TAMS 0x000000008db00000, 0x000000008db00000| Untracked 
| 220|0x000000008dc00000, 0x000000008dc00000, 0x000000008dd00000|  0%| F|  |TAMS 0x000000008dc00000, 0x000000008dc00000| Untracked 
| 221|0x000000008dd00000, 0x000000008dd00000, 0x000000008de00000|  0%| F|  |TAMS 0x000000008dd00000, 0x000000008dd00000| Untracked 
| 222|0x000000008de00000, 0x000000008de00000, 0x000000008df00000|  0%| F|  |TAMS 0x000000008de00000, 0x000000008de00000| Untracked 
| 223|0x000000008df00000, 0x000000008df00000, 0x000000008e000000|  0%| F|  |TAMS 0x000000008df00000, 0x000000008df00000| Untracked 
| 224|0x000000008e000000, 0x000000008e000000, 0x000000008e100000|  0%| F|  |TAMS 0x000000008e000000, 0x000000008e000000| Untracked 
| 225|0x000000008e100000, 0x000000008e100000, 0x000000008e200000|  0%| F|  |TAMS 0x000000008e100000, 0x000000008e100000| Untracked 
| 226|0x000000008e200000, 0x000000008e200000, 0x000000008e300000|  0%| F|  |TAMS 0x000000008e200000, 0x000000008e200000| Untracked 
| 227|0x000000008e300000, 0x000000008e300000, 0x000000008e400000|  0%| F|  |TAMS 0x000000008e300000, 0x000000008e300000| Untracked 
| 228|0x000000008e400000, 0x000000008e400000, 0x000000008e500000|  0%| F|  |TAMS 0x000000008e400000, 0x000000008e400000| Untracked 
| 229|0x000000008e500000, 0x000000008e500000, 0x000000008e600000|  0%| F|  |TAMS 0x000000008e500000, 0x000000008e500000| Untracked 
| 230|0x000000008e600000, 0x000000008e600000, 0x000000008e700000|  0%| F|  |TAMS 0x000000008e600000, 0x000000008e600000| Untracked 
| 231|0x000000008e700000, 0x000000008e700000, 0x000000008e800000|  0%| F|  |TAMS 0x000000008e700000, 0x000000008e700000| Untracked 
| 232|0x000000008e800000, 0x000000008e800000, 0x000000008e900000|  0%| F|  |TAMS 0x000000008e800000, 0x000000008e800000| Untracked 
| 233|0x000000008e900000, 0x000000008e900000, 0x000000008ea00000|  0%| F|  |TAMS 0x000000008e900000, 0x000000008e900000| Untracked 
| 234|0x000000008ea00000, 0x000000008ea00000, 0x000000008eb00000|  0%| F|  |TAMS 0x000000008ea00000, 0x000000008ea00000| Untracked 
| 235|0x000000008eb00000, 0x000000008eb00000, 0x000000008ec00000|  0%| F|  |TAMS 0x000000008eb00000, 0x000000008eb00000| Untracked 
| 236|0x000000008ec00000, 0x000000008ec00000, 0x000000008ed00000|  0%| F|  |TAMS 0x000000008ec00000, 0x000000008ec00000| Untracked 
| 237|0x000000008ed00000, 0x000000008ed00000, 0x000000008ee00000|  0%| F|  |TAMS 0x000000008ed00000, 0x000000008ed00000| Untracked 
| 238|0x000000008ee00000, 0x000000008ee00000, 0x000000008ef00000|  0%| F|  |TAMS 0x000000008ee00000, 0x000000008ee00000| Untracked 
| 239|0x000000008ef00000, 0x000000008ef00000, 0x000000008f000000|  0%| F|  |TAMS 0x000000008ef00000, 0x000000008ef00000| Untracked 
| 240|0x000000008f000000, 0x000000008f000000, 0x000000008f100000|  0%| F|  |TAMS 0x000000008f000000, 0x000000008f000000| Untracked 
| 241|0x000000008f100000, 0x000000008f100000, 0x000000008f200000|  0%| F|  |TAMS 0x000000008f100000, 0x000000008f100000| Untracked 
| 242|0x000000008f200000, 0x000000008f200000, 0x000000008f300000|  0%| F|  |TAMS 0x000000008f200000, 0x000000008f200000| Untracked 
| 243|0x000000008f300000, 0x000000008f300000, 0x000000008f400000|  0%| F|  |TAMS 0x000000008f300000, 0x000000008f300000| Untracked 
| 244|0x000000008f400000, 0x000000008f400000, 0x000000008f500000|  0%| F|  |TAMS 0x000000008f400000, 0x000000008f400000| Untracked 
| 245|0x000000008f500000, 0x000000008f500000, 0x000000008f600000|  0%| F|  |TAMS 0x000000008f500000, 0x000000008f500000| Untracked 
| 246|0x000000008f600000, 0x000000008f600000, 0x000000008f700000|  0%| F|  |TAMS 0x000000008f600000, 0x000000008f600000| Untracked 
| 247|0x000000008f700000, 0x000000008f700000, 0x000000008f800000|  0%| F|  |TAMS 0x000000008f700000, 0x000000008f700000| Untracked 
| 248|0x000000008f800000, 0x000000008f900000, 0x000000008f900000|100%| S|CS|TAMS 0x000000008f800000, 0x000000008f800000| Complete 
| 249|0x000000008f900000, 0x000000008fa00000, 0x000000008fa00000|100%| S|CS|TAMS 0x000000008f900000, 0x000000008f900000| Complete 
| 250|0x000000008fa00000, 0x000000008fa00000, 0x000000008fb00000|  0%| F|  |TAMS 0x000000008fa00000, 0x000000008fa00000| Untracked 
| 251|0x000000008fb00000, 0x000000008fb00000, 0x000000008fc00000|  0%| F|  |TAMS 0x000000008fb00000, 0x000000008fb00000| Untracked 
| 252|0x000000008fc00000, 0x000000008fc00000, 0x000000008fd00000|  0%| F|  |TAMS 0x000000008fc00000, 0x000000008fc00000| Untracked 
| 253|0x000000008fd00000, 0x000000008fd00000, 0x000000008fe00000|  0%| F|  |TAMS 0x000000008fd00000, 0x000000008fd00000| Untracked 
| 254|0x000000008fe00000, 0x000000008fe00000, 0x000000008ff00000|  0%| F|  |TAMS 0x000000008fe00000, 0x000000008fe00000| Untracked 
| 255|0x000000008ff00000, 0x000000008ff00000, 0x0000000090000000|  0%| F|  |TAMS 0x000000008ff00000, 0x000000008ff00000| Untracked 
| 256|0x0000000090000000, 0x0000000090000000, 0x0000000090100000|  0%| F|  |TAMS 0x0000000090000000, 0x0000000090000000| Untracked 
| 257|0x0000000090100000, 0x0000000090100000, 0x0000000090200000|  0%| F|  |TAMS 0x0000000090100000, 0x0000000090100000| Untracked 
| 258|0x0000000090200000, 0x0000000090200000, 0x0000000090300000|  0%| F|  |TAMS 0x0000000090200000, 0x0000000090200000| Untracked 
| 259|0x0000000090300000, 0x0000000090300000, 0x0000000090400000|  0%| F|  |TAMS 0x0000000090300000, 0x0000000090300000| Untracked 
| 260|0x0000000090400000, 0x0000000090400000, 0x0000000090500000|  0%| F|  |TAMS 0x0000000090400000, 0x0000000090400000| Untracked 
| 261|0x0000000090500000, 0x0000000090500000, 0x0000000090600000|  0%| F|  |TAMS 0x0000000090500000, 0x0000000090500000| Untracked 
| 262|0x0000000090600000, 0x0000000090600000, 0x0000000090700000|  0%| F|  |TAMS 0x0000000090600000, 0x0000000090600000| Untracked 
| 263|0x0000000090700000, 0x0000000090700000, 0x0000000090800000|  0%| F|  |TAMS 0x0000000090700000, 0x0000000090700000| Untracked 
| 264|0x0000000090800000, 0x0000000090900000, 0x0000000090900000|100%| O|  |TAMS 0x0000000090800000, 0x0000000090800000| Untracked 
| 265|0x0000000090900000, 0x0000000090a00000, 0x0000000090a00000|100%| O|  |TAMS 0x0000000090900000, 0x0000000090900000| Untracked 
| 266|0x0000000090a00000, 0x0000000090b00000, 0x0000000090b00000|100%| O|  |TAMS 0x0000000090a00000, 0x0000000090a00000| Untracked 
| 267|0x0000000090b00000, 0x0000000090c00000, 0x0000000090c00000|100%| O|  |TAMS 0x0000000090b00000, 0x0000000090b00000| Untracked 
| 268|0x0000000090c00000, 0x0000000090d00000, 0x0000000090d00000|100%| O|  |TAMS 0x0000000090c00000, 0x0000000090c00000| Untracked 
| 269|0x0000000090d00000, 0x0000000090e00000, 0x0000000090e00000|100%| O|  |TAMS 0x0000000090d00000, 0x0000000090d00000| Untracked 
| 270|0x0000000090e00000, 0x0000000090f00000, 0x0000000090f00000|100%| O|  |TAMS 0x0000000090e00000, 0x0000000090e00000| Untracked 
| 271|0x0000000090f00000, 0x0000000091000000, 0x0000000091000000|100%| O|  |TAMS 0x0000000090f00000, 0x0000000090f00000| Untracked 
| 272|0x0000000091000000, 0x0000000091100000, 0x0000000091100000|100%| O|  |TAMS 0x0000000091000000, 0x0000000091000000| Untracked 
| 273|0x0000000091100000, 0x0000000091200000, 0x0000000091200000|100%| O|  |TAMS 0x0000000091100000, 0x0000000091100000| Untracked 
| 274|0x0000000091200000, 0x0000000091300000, 0x0000000091300000|100%| O|  |TAMS 0x0000000091200000, 0x0000000091200000| Untracked 
| 275|0x0000000091300000, 0x0000000091400000, 0x0000000091400000|100%| O|  |TAMS 0x0000000091300000, 0x0000000091300000| Untracked 
| 276|0x0000000091400000, 0x0000000091500000, 0x0000000091500000|100%| O|  |TAMS 0x0000000091400000, 0x0000000091400000| Untracked 
| 277|0x0000000091500000, 0x0000000091600000, 0x0000000091600000|100%| O|  |TAMS 0x0000000091500000, 0x0000000091500000| Untracked 
| 278|0x0000000091600000, 0x0000000091700000, 0x0000000091700000|100%| O|  |TAMS 0x0000000091600000, 0x0000000091600000| Untracked 
| 279|0x0000000091700000, 0x0000000091800000, 0x0000000091800000|100%| O|  |TAMS 0x0000000091700000, 0x0000000091700000| Untracked 

Card table byte_map: [0x0000025019590000,0x0000025019990000] _byte_map_base: 0x0000025019190000

Marking Bits (Prev, Next): (CMBitMap*) 0x00000250065ce828, (CMBitMap*) 0x00000250065ce860
 Prev Bits: [0x0000025019d90000, 0x000002501bd90000)
 Next Bits: [0x000002501bd90000, 0x000002501dd90000)

Polling page: 0x0000025004540000

Metaspace:

Usage:
  Non-class:     87.56 MB capacity,    86.03 MB ( 98%) used,     1.26 MB (  1%) free+waste,   275.00 KB ( <1%) overhead. 
      Class:     12.96 MB capacity,    12.11 MB ( 93%) used,   743.86 KB (  6%) free+waste,   121.13 KB ( <1%) overhead. 
       Both:    100.51 MB capacity,    98.14 MB ( 98%) used,     1.99 MB (  2%) free+waste,   396.13 KB ( <1%) overhead. 

Virtual space:
  Non-class space:       88.00 MB reserved,      87.75 MB (>99%) committed 
      Class space:        1.00 GB reserved,      13.07 MB (  1%) committed 
             Both:        1.09 GB reserved,     100.82 MB (  9%) committed 

Chunk freelists:
   Non-Class:  7.00 KB
       Class:  13.00 KB
        Both:  20.00 KB

MaxMetaspaceSize: 17179869184.00 GB
CompressedClassSpaceSize: 1.00 GB

CodeHeap 'non-profiled nmethods': size=120064Kb used=10479Kb max_used=10479Kb free=109584Kb
 bounds [0x0000025011b40000, 0x0000025012580000, 0x0000025019080000]
CodeHeap 'profiled nmethods': size=120000Kb used=32348Kb max_used=32348Kb free=87651Kb
 bounds [0x000002500a610000, 0x000002500c5b0000, 0x0000025011b40000]
CodeHeap 'non-nmethods': size=5696Kb used=2299Kb max_used=2337Kb free=3397Kb
 bounds [0x000002500a080000, 0x000002500a2f0000, 0x000002500a610000]
 total_blobs=15983 nmethods=15076 adapters=818
 compilation: enabled
              stopped_count=0, restarted_count=0
 full_count=0

Compilation events (20 events):
Event: 56.664 Thread 0x0000025020eae000 15272       3       com.android.tools.r8.s.a.b.l.d::a (125 bytes)
Event: 56.664 Thread 0x0000025020eae000 nmethod 15272 0x000002500c5a1610 code [0x000002500c5a1800, 0x000002500c5a1dc8]
Event: 56.664 Thread 0x0000025020eae000 15273       3       com.android.tools.r8.graph.o0::c (62 bytes)
Event: 56.665 Thread 0x0000025020eae000 nmethod 15273 0x000002500c5a2010 code [0x000002500c5a2260, 0x000002500c5a2be8]
Event: 56.665 Thread 0x0000025020eae000 15275       3       com.android.tools.r8.utils.a0::d (147 bytes)
Event: 56.665 Thread 0x0000025020eae000 nmethod 15275 0x000002500c5a2e90 code [0x000002500c5a3060, 0x000002500c5a3638]
Event: 56.667 Thread 0x0000025020eae000 15277       3       com.google.common.cache.LocalCache$Segment::cleanUp (21 bytes)
Event: 56.667 Thread 0x0000025020eae000 nmethod 15277 0x000002500c5a3710 code [0x000002500c5a3920, 0x000002500c5a3de8]
Event: 56.671 Thread 0x000002502ab8d800 nmethod 15259 0x000002501256f710 code [0x000002501256f8e0, 0x0000025012570428]
Event: 56.671 Thread 0x000002502ab8d800 15271   !   4       java.util.concurrent.ConcurrentHashMap::putVal (432 bytes)
Event: 56.691 Thread 0x0000025020ea8800 nmethod 15136 0x0000025012570b10 code [0x0000025012570f80, 0x00000250125764e0]
Event: 56.691 Thread 0x0000025020ea8800 15278       4       com.android.tools.r8.utils.a0::d (147 bytes)
Event: 56.692 Thread 0x0000025020ea8800 nmethod 15278 0x0000025012579890 code [0x0000025012579a20, 0x0000025012579ab8]
Event: 56.692 Thread 0x0000025020ea8800 15265   !   4       com.android.tools.r8.graph.q0::p (91 bytes)
Event: 56.708 Thread 0x000002502ab8d800 nmethod 15271 0x0000025012579b90 code [0x0000025012579da0, 0x000002501257b470]
Event: 56.708 Thread 0x000002502ab8d800 15283       4       com.android.tools.r8.s.a.b.m.a::b (650 bytes)
Event: 56.708 Thread 0x0000025020eae000 15284 %     3       com.android.tools.r8.s.a.b.l.d::a @ 37 (286 bytes)
Event: 56.709 Thread 0x0000025020eae000 nmethod 15284% 0x000002500c5a4010 code [0x000002500c5a4360, 0x000002500c5a58d8]
Event: 56.710 Thread 0x0000025020eae000 15285       3       com.android.tools.r8.graph.f0::c (62 bytes)
Event: 56.711 Thread 0x0000025020eae000 nmethod 15285 0x000002500c5a5f90 code [0x000002500c5a6200, 0x000002500c5a6f28]

GC Heap History (20 events):
Event: 53.813 GC heap after
{Heap after GC invocations=26 (full 0):
 garbage-first heap   total 262144K, used 104210K [0x0000000080000000, 0x0000000100000000)
  region size 1024K, 4 young (4096K), 4 survivors (4096K)
 Metaspace       used 92536K, capacity 94849K, committed 94924K, reserved 1132544K
  class space    used 11388K, capacity 12209K, committed 12236K, reserved 1048576K
}
Event: 54.274 GC heap before
{Heap before GC invocations=26 (full 0):
 garbage-first heap   total 262144K, used 188178K [0x0000000080000000, 0x0000000100000000)
  region size 1024K, 85 young (87040K), 4 survivors (4096K)
 Metaspace       used 93712K, capacity 96026K, committed 96076K, reserved 1132544K
  class space    used 11525K, capacity 12344K, committed 12364K, reserved 1048576K
}
Event: 54.278 GC heap after
{Heap after GC invocations=27 (full 0):
 garbage-first heap   total 262144K, used 104949K [0x0000000080000000, 0x0000000100000000)
  region size 1024K, 5 young (5120K), 5 survivors (5120K)
 Metaspace       used 93712K, capacity 96026K, committed 96076K, reserved 1132544K
  class space    used 11525K, capacity 12344K, committed 12364K, reserved 1048576K
}
Event: 54.899 GC heap before
{Heap before GC invocations=27 (full 0):
 garbage-first heap   total 262144K, used 190965K [0x0000000080000000, 0x0000000100000000)
  region size 1024K, 90 young (92160K), 5 survivors (5120K)
 Metaspace       used 96285K, capacity 98546K, committed 98764K, reserved 1134592K
  class space    used 11847K, capacity 12671K, committed 12748K, reserved 1048576K
}
Event: 54.906 GC heap after
{Heap after GC invocations=28 (full 0):
 garbage-first heap   total 262144K, used 110139K [0x0000000080000000, 0x0000000100000000)
  region size 1024K, 10 young (10240K), 10 survivors (10240K)
 Metaspace       used 96285K, capacity 98546K, committed 98764K, reserved 1134592K
  class space    used 11847K, capacity 12671K, committed 12748K, reserved 1048576K
}
Event: 55.294 GC heap before
{Heap before GC invocations=28 (full 0):
 garbage-first heap   total 262144K, used 196155K [0x0000000080000000, 0x0000000100000000)
  region size 1024K, 95 young (97280K), 10 survivors (10240K)
 Metaspace       used 96390K, capacity 98747K, committed 99020K, reserved 1136640K
  class space    used 11855K, capacity 12672K, committed 12748K, reserved 1048576K
}
Event: 55.301 GC heap after
{Heap after GC invocations=29 (full 0):
 garbage-first heap   total 262144K, used 113549K [0x0000000080000000, 0x0000000100000000)
  region size 1024K, 6 young (6144K), 6 survivors (6144K)
 Metaspace       used 96390K, capacity 98747K, committed 99020K, reserved 1136640K
  class space    used 11855K, capacity 12672K, committed 12748K, reserved 1048576K
}
Event: 55.915 GC heap before
{Heap before GC invocations=29 (full 0):
 garbage-first heap   total 262144K, used 200589K [0x0000000080000000, 0x0000000100000000)
  region size 1024K, 92 young (94208K), 6 survivors (6144K)
 Metaspace       used 97484K, capacity 99828K, committed 99916K, reserved 1136640K
  class space    used 11985K, capacity 12836K, committed 12876K, reserved 1048576K
}
Event: 55.923 GC heap after
{Heap after GC invocations=30 (full 0):
 garbage-first heap   total 262144K, used 117075K [0x0000000080000000, 0x0000000100000000)
  region size 1024K, 10 young (10240K), 10 survivors (10240K)
 Metaspace       used 97484K, capacity 99828K, committed 99916K, reserved 1136640K
  class space    used 11985K, capacity 12836K, committed 12876K, reserved 1048576K
}
Event: 56.102 GC heap before
{Heap before GC invocations=30 (full 0):
 garbage-first heap   total 262144K, used 147795K [0x0000000080000000, 0x0000000100000000)
  region size 1024K, 33 young (33792K), 10 survivors (10240K)
 Metaspace       used 98108K, capacity 100513K, committed 100812K, reserved 1136640K
  class space    used 12059K, capacity 12887K, committed 13004K, reserved 1048576K
}
Event: 56.111 GC heap after
{Heap after GC invocations=31 (full 0):
 garbage-first heap   total 262144K, used 131522K [0x0000000080000000, 0x0000000100000000)
  region size 1024K, 6 young (6144K), 6 survivors (6144K)
 Metaspace       used 98108K, capacity 100513K, committed 100812K, reserved 1136640K
  class space    used 12059K, capacity 12887K, committed 13004K, reserved 1048576K
}
Event: 56.468 GC heap before
{Heap before GC invocations=32 (full 0):
 garbage-first heap   total 262144K, used 224706K [0x0000000080000000, 0x0000000100000000)
  region size 1024K, 83 young (84992K), 6 survivors (6144K)
 Metaspace       used 99570K, capacity 101986K, committed 102348K, reserved 1138688K
  class space    used 12273K, capacity 13123K, committed 13260K, reserved 1048576K
}
Event: 56.477 GC heap after
{Heap after GC invocations=33 (full 0):
 garbage-first heap   total 262144K, used 163738K [0x0000000080000000, 0x0000000100000000)
  region size 1024K, 11 young (11264K), 11 survivors (11264K)
 Metaspace       used 99570K, capacity 101986K, committed 102348K, reserved 1138688K
  class space    used 12273K, capacity 13123K, committed 13260K, reserved 1048576K
}
Event: 56.480 GC heap before
{Heap before GC invocations=33 (full 0):
 garbage-first heap   total 262144K, used 164762K [0x0000000080000000, 0x0000000100000000)
  region size 1024K, 12 young (12288K), 11 survivors (11264K)
 Metaspace       used 99627K, capacity 102050K, committed 102348K, reserved 1138688K
  class space    used 12278K, capacity 13123K, committed 13260K, reserved 1048576K
}
Event: 56.486 GC heap after
{Heap after GC invocations=34 (full 0):
 garbage-first heap   total 262144K, used 152625K [0x0000000080000000, 0x0000000100000000)
  region size 1024K, 1 young (1024K), 1 survivors (1024K)
 Metaspace       used 99627K, capacity 102050K, committed 102348K, reserved 1138688K
  class space    used 12278K, capacity 13123K, committed 13260K, reserved 1048576K
}
Event: 56.530 GC heap before
{Heap before GC invocations=34 (full 0):
 garbage-first heap   total 262144K, used 170033K [0x0000000080000000, 0x0000000100000000)
  region size 1024K, 20 young (20480K), 1 survivors (1024K)
 Metaspace       used 100120K, capacity 102532K, committed 102604K, reserved 1138688K
  class space    used 12352K, capacity 13201K, committed 13260K, reserved 1048576K
}
Event: 56.534 GC heap after
{Heap after GC invocations=35 (full 0):
 garbage-first heap   total 262144K, used 154668K [0x0000000080000000, 0x0000000100000000)
  region size 1024K, 3 young (3072K), 3 survivors (3072K)
 Metaspace       used 100120K, capacity 102532K, committed 102604K, reserved 1138688K
  class space    used 12352K, capacity 13201K, committed 13260K, reserved 1048576K
}
Event: 56.695 GC heap before
{Heap before GC invocations=36 (full 0):
 garbage-first heap   total 262144K, used 260140K [0x0000000080000000, 0x0000000100000000)
  region size 1024K, 55 young (56320K), 3 survivors (3072K)
 Metaspace       used 100491K, capacity 102924K, committed 103244K, reserved 1138688K
  class space    used 12402K, capacity 13267K, committed 13388K, reserved 1048576K
}
Event: 56.706 GC heap after
{Heap after GC invocations=37 (full 0):
 garbage-first heap   total 286720K, used 203586K [0x0000000080000000, 0x0000000100000000)
  region size 1024K, 8 young (8192K), 8 survivors (8192K)
 Metaspace       used 100491K, capacity 102924K, committed 103244K, reserved 1138688K
  class space    used 12402K, capacity 13267K, committed 13388K, reserved 1048576K
}
Event: 56.717 GC heap before
{Heap before GC invocations=37 (full 0):
 garbage-first heap   total 286720K, used 209730K [0x0000000080000000, 0x0000000100000000)
  region size 1024K, 14 young (14336K), 8 survivors (8192K)
 Metaspace       used 100492K, capacity 102924K, committed 103244K, reserved 1138688K
  class space    used 12402K, capacity 13267K, committed 13388K, reserved 1048576K
}

Deoptimization events (20 events):
Event: 56.692 Thread 0x00000250211a7000 DEOPT PACKING pc=0x000002500c4c0d3e sp=0x00000070990fd370
Event: 56.692 Thread 0x00000250211a7000 DEOPT UNPACKING pc=0x000002500a0a76ce sp=0x00000070990fc908 mode 0
Event: 56.693 Thread 0x00000250211a7000 DEOPT PACKING pc=0x000002500c4c0d3e sp=0x00000070990fd370
Event: 56.693 Thread 0x00000250211a7000 DEOPT UNPACKING pc=0x000002500a0a76ce sp=0x00000070990fc908 mode 0
Event: 56.694 Thread 0x00000250211a7000 DEOPT PACKING pc=0x000002500c4c0d3e sp=0x00000070990fd6f0
Event: 56.694 Thread 0x00000250211a7000 DEOPT UNPACKING pc=0x000002500a0a76ce sp=0x00000070990fcc88 mode 0
Event: 56.708 Thread 0x00000250211a7000 DEOPT PACKING pc=0x000002500c4c0d3e sp=0x00000070990fd6f0
Event: 56.708 Thread 0x00000250211a7000 DEOPT UNPACKING pc=0x000002500a0a76ce sp=0x00000070990fcc88 mode 0
Event: 56.709 Thread 0x00000250211a7000 DEOPT PACKING pc=0x000002500c4c0d3e sp=0x00000070990fd370
Event: 56.709 Thread 0x00000250211a7000 DEOPT UNPACKING pc=0x000002500a0a76ce sp=0x00000070990fc908 mode 0
Event: 56.710 Thread 0x00000250211a7000 DEOPT PACKING pc=0x000002500c4c0d3e sp=0x00000070990fd370
Event: 56.710 Thread 0x00000250211a7000 DEOPT UNPACKING pc=0x000002500a0a76ce sp=0x00000070990fc908 mode 0
Event: 56.711 Thread 0x00000250211a7000 DEOPT PACKING pc=0x000002500c4c0d3e sp=0x00000070990fd6f0
Event: 56.711 Thread 0x00000250211a7000 DEOPT UNPACKING pc=0x000002500a0a76ce sp=0x00000070990fcc88 mode 0
Event: 56.713 Thread 0x00000250211a7000 DEOPT PACKING pc=0x000002500c4c0d3e sp=0x00000070990fd370
Event: 56.713 Thread 0x00000250211a7000 DEOPT UNPACKING pc=0x000002500a0a76ce sp=0x00000070990fc908 mode 0
Event: 56.714 Thread 0x00000250211a7000 DEOPT PACKING pc=0x000002500c4c0d3e sp=0x00000070990fd370
Event: 56.714 Thread 0x00000250211a7000 DEOPT UNPACKING pc=0x000002500a0a76ce sp=0x00000070990fc908 mode 0
Event: 56.715 Thread 0x00000250211a7000 DEOPT PACKING pc=0x000002500c4c0d3e sp=0x00000070990fd370
Event: 56.715 Thread 0x00000250211a7000 DEOPT UNPACKING pc=0x000002500a0a76ce sp=0x00000070990fc908 mode 0

Classes redefined (0 events):
No events

Internal exceptions (20 events):
Event: 53.290 Thread 0x00000250211a4800 Exception <a 'java/lang/NoSuchMethodError'{0x000000008fe31ca0}: 'java.lang.Object java.lang.invoke.Invokers$Holder.linkToTargetMethod(java.lang.Object, long, java.lang.Object)'> (0x000000008fe31ca0) thrown at [./src/hotspot/share/interpreter/linkResolver.cpp, line 773]
Event: 53.406 Thread 0x000002502119a800 Exception <a 'java/lang/NoSuchMethodError'{0x000000008fce9178}: <clinit>> (0x000000008fce9178) thrown at [./src/hotspot/share/prims/jni.cpp, line 1362]
Event: 53.730 Thread 0x000002502119a800 Exception <a 'sun/nio/fs/WindowsException'{0x000000008ba03938}> (0x000000008ba03938) thrown at [./src/hotspot/share/prims/jni.cpp, line 615]
Event: 53.730 Thread 0x000002502119a800 Exception <a 'sun/nio/fs/WindowsException'{0x000000008ba04a48}> (0x000000008ba04a48) thrown at [./src/hotspot/share/prims/jni.cpp, line 615]
Event: 53.730 Thread 0x000002502119a800 Exception <a 'sun/nio/fs/WindowsException'{0x000000008ba04d28}> (0x000000008ba04d28) thrown at [./src/hotspot/share/prims/jni.cpp, line 615]
Event: 53.731 Thread 0x000002502119a800 Exception <a 'sun/nio/fs/WindowsException'{0x000000008ba05e20}> (0x000000008ba05e20) thrown at [./src/hotspot/share/prims/jni.cpp, line 615]
Event: 53.731 Thread 0x000002502119a800 Exception <a 'sun/nio/fs/WindowsException'{0x000000008ba060c8}> (0x000000008ba060c8) thrown at [./src/hotspot/share/prims/jni.cpp, line 615]
Event: 53.731 Thread 0x000002502119a800 Exception <a 'sun/nio/fs/WindowsException'{0x000000008ba07188}> (0x000000008ba07188) thrown at [./src/hotspot/share/prims/jni.cpp, line 615]
Event: 54.090 Thread 0x000002502119a800 Implicit null exception at 0x00000250122cb261 to 0x00000250122cc43c
Event: 54.094 Thread 0x000002502119a800 Implicit null exception at 0x00000250122c9b3a to 0x00000250122ca27c
Event: 55.402 Thread 0x000002502119f800 Exception <a 'java/lang/NoSuchMethodError'{0x000000008ec7b028}: 'int java.lang.invoke.DirectMethodHandle$Holder.invokeSpecial(java.lang.Object, java.lang.Object, java.lang.Object, java.lang.Object, java.lang.Object)'> (0x000000008ec7b028) thrown at [./src/hotspot/share/interpreter/linkResolver.cpp, line 773]
Event: 55.424 Thread 0x00000250211a7000 Exception <a 'sun/nio/fs/WindowsException'{0x000000008eacbb00}> (0x000000008eacbb00) thrown at [./src/hotspot/share/prims/jni.cpp, line 615]
Event: 55.990 Thread 0x00000250211a1000 Exception <a 'sun/nio/fs/WindowsException'{0x000000008f8898f8}> (0x000000008f8898f8) thrown at [./src/hotspot/share/prims/jni.cpp, line 615]
Event: 55.990 Thread 0x00000250211a1000 Exception <a 'sun/nio/fs/WindowsException'{0x000000008f88a9c8}> (0x000000008f88a9c8) thrown at [./src/hotspot/share/prims/jni.cpp, line 615]
Event: 55.990 Thread 0x00000250211a1000 Exception <a 'sun/nio/fs/WindowsException'{0x000000008f88af08}> (0x000000008f88af08) thrown at [./src/hotspot/share/prims/jni.cpp, line 615]
Event: 56.015 Thread 0x00000250211a1000 Exception <a 'sun/nio/fs/WindowsException'{0x000000008f73cff8}> (0x000000008f73cff8) thrown at [./src/hotspot/share/prims/jni.cpp, line 615]
Event: 56.015 Thread 0x00000250211a1000 Exception <a 'sun/nio/fs/WindowsException'{0x000000008f73e438}> (0x000000008f73e438) thrown at [./src/hotspot/share/prims/jni.cpp, line 615]
Event: 56.396 Thread 0x000002502119b800 Exception <a 'sun/nio/fs/WindowsException'{0x000000008b94dd90}> (0x000000008b94dd90) thrown at [./src/hotspot/share/prims/jni.cpp, line 615]
Event: 56.507 Thread 0x000002502119b800 Exception <a 'java/lang/NoSuchMethodError'{0x000000008f67d858}: 'java.lang.Object java.lang.invoke.DirectMethodHandle$Holder.invokeStatic(java.lang.Object, java.lang.Object, java.lang.Object, java.lang.Object, java.lang.Object, java.lang.Object, java.lang.Object, java.lang.Object, java.lang.Object, java.lang.Object, java.lang.Object, java.lang.Object, java.lang.Object, java.lang.Object, java.lang.Object, java.lang.Object, java.lang.Object, int, java.lang.Object)'> (0x000000008f67d858) thrown at [./src/hots
Event: 56.508 Thread 0x000002502119b800 Exception <a 'java/lang/NoSuchMethodError'{0x000000008f682ea8}: 'java.lang.Object java.lang.invoke.DirectMethodHandle$Holder.invokeStaticInit(java.lang.Object, java.lang.Object, java.lang.Object, java.lang.Object, java.lang.Object, java.lang.Object, java.lang.Object, java.lang.Object, java.lang.Object, java.lang.Object, java.lang.Object, java.lang.Object, java.lang.Object, java.lang.Object, java.lang.Object, java.lang.Object, java.lang.Object, int, java.lang.Object)'> (0x000000008f682ea8) thrown at [./src/

Events (20 events):
Event: 56.592 loading class com/android/tools/r8/dex/d done
Event: 56.592 loading class com/android/tools/r8/s/a/b/l/c
Event: 56.592 loading class com/android/tools/r8/s/a/b/l/c done
Event: 56.592 loading class com/android/tools/r8/s/a/b/l/d$c
Event: 56.592 loading class com/android/tools/r8/s/a/b/l/d$c done
Event: 56.594 loading class com/android/tools/r8/graph/s0
Event: 56.594 loading class com/android/tools/r8/graph/s0 done
Event: 56.594 loading class com/android/tools/r8/graph/s0
Event: 56.594 loading class com/android/tools/r8/graph/s0 done
Event: 56.594 loading class com/android/tools/r8/dex/n
Event: 56.594 loading class com/android/tools/r8/dex/n done
Event: 56.596 loading class com/android/tools/r8/graph/I
Event: 56.596 loading class com/android/tools/r8/graph/I done
Event: 56.613 Executing VM operation: CGC_Operation
Event: 56.619 Executing VM operation: CGC_Operation done
Event: 56.659 Executing VM operation: CGC_Operation
Event: 56.659 Executing VM operation: CGC_Operation done
Event: 56.695 Executing VM operation: G1CollectForAllocation
Event: 56.706 Executing VM operation: G1CollectForAllocation done
Event: 56.717 Executing VM operation: G1CollectForAllocation


Dynamic libraries:
0x00007ff63dde0000 - 0x00007ff63ddea000 	C:\Program Files\Android\Android Studio\jre\bin\java.exe
0x00007ffe311b0000 - 0x00007ffe313a5000 	C:\WINDOWS\SYSTEM32\ntdll.dll
0x00007ffe310b0000 - 0x00007ffe3116e000 	C:\WINDOWS\System32\KERNEL32.DLL
0x00007ffe2e8d0000 - 0x00007ffe2eb98000 	C:\WINDOWS\System32\KERNELBASE.dll
0x00007ffe2edc0000 - 0x00007ffe2eec0000 	C:\WINDOWS\System32\ucrtbase.dll
0x00007ffe25dc0000 - 0x00007ffe25dd9000 	C:\Program Files\Android\Android Studio\jre\bin\jli.dll
0x00007ffe30630000 - 0x00007ffe307d0000 	C:\WINDOWS\System32\USER32.dll
0x00007ffe2ed40000 - 0x00007ffe2ed62000 	C:\WINDOWS\System32\win32u.dll
0x00007ffe30600000 - 0x00007ffe3062a000 	C:\WINDOWS\System32\GDI32.dll
0x00007ffe2ec30000 - 0x00007ffe2ed3b000 	C:\WINDOWS\System32\gdi32full.dll
0x00007ffe2eec0000 - 0x00007ffe2ef5d000 	C:\WINDOWS\System32\msvcp_win.dll
0x00007ffe25da0000 - 0x00007ffe25db7000 	C:\Program Files\Android\Android Studio\jre\bin\VCRUNTIME140.dll
0x00007ffe1aa30000 - 0x00007ffe1acca000 	C:\WINDOWS\WinSxS\amd64_microsoft.windows.common-controls_6595b64144ccf1df_6.0.19041.1110_none_60b5254171f9507e\COMCTL32.dll
0x00007ffe30560000 - 0x00007ffe305fe000 	C:\WINDOWS\System32\msvcrt.dll
0x00007ffe2f2a0000 - 0x00007ffe2f2d0000 	C:\WINDOWS\System32\IMM32.DLL
0x00007ffe21850000 - 0x00007ffe218ed000 	C:\Program Files\Android\Android Studio\jre\bin\msvcp140.dll
0x00007ffde53d0000 - 0x00007ffde5e9f000 	C:\Program Files\Android\Android Studio\jre\bin\server\jvm.dll
0x00007ffe302d0000 - 0x00007ffe3037e000 	C:\WINDOWS\System32\ADVAPI32.dll
0x00007ffe2f4d0000 - 0x00007ffe2f56c000 	C:\WINDOWS\System32\sechost.dll
0x00007ffe2f2d0000 - 0x00007ffe2f3f5000 	C:\WINDOWS\System32\RPCRT4.dll
0x00007ffe302c0000 - 0x00007ffe302c8000 	C:\WINDOWS\System32\PSAPI.DLL
0x00007ffe17f30000 - 0x00007ffe17f39000 	C:\WINDOWS\SYSTEM32\WSOCK32.dll
0x00007ffe2f400000 - 0x00007ffe2f46b000 	C:\WINDOWS\System32\WS2_32.dll
0x00007ffe23940000 - 0x00007ffe23967000 	C:\WINDOWS\SYSTEM32\WINMM.dll
0x00007ffe269c0000 - 0x00007ffe269ca000 	C:\WINDOWS\SYSTEM32\VERSION.dll
0x00007ffe2c810000 - 0x00007ffe2c822000 	C:\WINDOWS\SYSTEM32\kernel.appcore.dll
0x00007ffe295d0000 - 0x00007ffe295e1000 	C:\Program Files\Android\Android Studio\jre\bin\verify.dll
0x00007ffe17bd0000 - 0x00007ffe17db4000 	C:\WINDOWS\SYSTEM32\DBGHELP.DLL
0x00007ffe17ba0000 - 0x00007ffe17bcc000 	C:\WINDOWS\SYSTEM32\dbgcore.DLL
0x00007ffe2eba0000 - 0x00007ffe2ec22000 	C:\WINDOWS\System32\bcryptPrimitives.dll
0x00007ffe267a0000 - 0x00007ffe267c9000 	C:\Program Files\Android\Android Studio\jre\bin\java.dll
0x00007ffe2a830000 - 0x00007ffe2a83b000 	C:\Program Files\Android\Android Studio\jre\bin\jimage.dll
0x00007ffe27c20000 - 0x00007ffe27c38000 	C:\Program Files\Android\Android Studio\jre\bin\zip.dll
0x00007ffe2f6c0000 - 0x00007ffe2fe04000 	C:\WINDOWS\System32\SHELL32.dll
0x00007ffe2ca10000 - 0x00007ffe2d1a4000 	C:\WINDOWS\SYSTEM32\windows.storage.dll
0x00007ffe307d0000 - 0x00007ffe30b24000 	C:\WINDOWS\System32\combase.dll
0x00007ffe2e340000 - 0x00007ffe2e36c000 	C:\WINDOWS\SYSTEM32\Wldp.dll
0x00007ffe30b30000 - 0x00007ffe30bdd000 	C:\WINDOWS\System32\SHCORE.dll
0x00007ffe2f660000 - 0x00007ffe2f6b5000 	C:\WINDOWS\System32\shlwapi.dll
0x00007ffe2e810000 - 0x00007ffe2e82f000 	C:\WINDOWS\SYSTEM32\profapi.dll
0x00007ffe26780000 - 0x00007ffe2679a000 	C:\Program Files\Android\Android Studio\jre\bin\net.dll
0x00007ffe1d9e0000 - 0x00007ffe1daea000 	C:\WINDOWS\SYSTEM32\WINHTTP.dll
0x00007ffe2e0a0000 - 0x00007ffe2e10a000 	C:\WINDOWS\system32\mswsock.dll
0x00007ffe26760000 - 0x00007ffe26774000 	C:\Program Files\Android\Android Studio\jre\bin\nio.dll
0x00007ffe25960000 - 0x00007ffe25987000 	C:\Users\USER\.gradle\native\8bec1ad78214c89d9ad589b4d07fe93259594b29d510b10fafb7a158f7737e5d\windows-amd64\native-platform.dll
0x00007ffdff8c0000 - 0x00007ffdff9fd000 	C:\Users\USER\.gradle\native\53dbd7edfb1c66fb8903c78663c9afc45aea4f116125fa6feffd364cf09443e8\windows-amd64\native-platform-file-events.dll
0x00007ffe2a810000 - 0x00007ffe2a81a000 	C:\Program Files\Android\Android Studio\jre\bin\management.dll
0x00007ffe2a7f0000 - 0x00007ffe2a7fc000 	C:\Program Files\Android\Android Studio\jre\bin\management_ext.dll
0x00007ffe2e290000 - 0x00007ffe2e2a8000 	C:\WINDOWS\SYSTEM32\CRYPTSP.dll
0x00007ffe2d9b0000 - 0x00007ffe2d9e4000 	C:\WINDOWS\system32\rsaenh.dll
0x00007ffe2f1e0000 - 0x00007ffe2f207000 	C:\WINDOWS\System32\bcrypt.dll
0x00007ffe2e7d0000 - 0x00007ffe2e7fe000 	C:\WINDOWS\SYSTEM32\USERENV.dll
0x00007ffe2e2b0000 - 0x00007ffe2e2bc000 	C:\WINDOWS\SYSTEM32\CRYPTBASE.dll
0x00007ffe2dd40000 - 0x00007ffe2dd7b000 	C:\WINDOWS\SYSTEM32\IPHLPAPI.DLL
0x00007ffe30550000 - 0x00007ffe30558000 	C:\WINDOWS\System32\NSI.dll
0x00007ffe25990000 - 0x00007ffe259a7000 	C:\WINDOWS\SYSTEM32\dhcpcsvc6.DLL
0x00007ffe268a0000 - 0x00007ffe268bd000 	C:\WINDOWS\SYSTEM32\dhcpcsvc.DLL
0x00007ffe2dd80000 - 0x00007ffe2de4b000 	C:\WINDOWS\SYSTEM32\DNSAPI.dll

dbghelp: loaded successfully - version: 4.0.5 - missing functions: none
symbol engine: initialized successfully - sym options: 0x614 - pdb path: .;C:\Program Files\Android\Android Studio\jre\bin;C:\WINDOWS\SYSTEM32;C:\WINDOWS\WinSxS\amd64_microsoft.windows.common-controls_6595b64144ccf1df_6.0.19041.1110_none_60b5254171f9507e;C:\Program Files\Android\Android Studio\jre\bin\server;C:\Users\USER\.gradle\native\8bec1ad78214c89d9ad589b4d07fe93259594b29d510b10fafb7a158f7737e5d\windows-amd64;C:\Users\USER\.gradle\native\53dbd7edfb1c66fb8903c78663c9afc45aea4f116125fa6feffd364cf09443e8\windows-amd64

VM Arguments:
jvm_args: --add-opens=java.base/java.util=ALL-UNNAMED --add-opens=java.base/java.lang=ALL-UNNAMED --add-opens=java.base/java.lang.invoke=ALL-UNNAMED --add-opens=java.base/java.util=ALL-UNNAMED --add-opens=java.prefs/java.util.prefs=ALL-UNNAMED --add-opens=java.prefs/java.util.prefs=ALL-UNNAMED --add-opens=java.base/java.nio.charset=ALL-UNNAMED --add-opens=java.base/java.net=ALL-UNNAMED --add-opens=java.base/java.util.concurrent.atomic=ALL-UNNAMED -Xmx2048m -Dfile.encoding=UTF-8 -Duser.country=KR -Duser.language=ko -Duser.variant 
java_command: org.gradle.launcher.daemon.bootstrap.GradleDaemon 7.0.2
java_class_path (initial): C:\Users\USER\.gradle\wrapper\dists\gradle-7.0.2-bin\857tjihv64xamwrf0h14cai3r\gradle-7.0.2\lib\gradle-launcher-7.0.2.jar
Launcher Type: SUN_STANDARD

[Global flags]
     intx CICompilerCount                          = 3                                         {product} {ergonomic}
     uint ConcGCThreads                            = 2                                         {product} {ergonomic}
     uint G1ConcRefinementThreads                  = 6                                         {product} {ergonomic}
   size_t G1HeapRegionSize                         = 1048576                                   {product} {ergonomic}
    uintx GCDrainStackTargetSize                   = 64                                        {product} {ergonomic}
   size_t InitialHeapSize                          = 268435456                                 {product} {ergonomic}
   size_t MarkStackSize                            = 4194304                                   {product} {ergonomic}
   size_t MaxHeapSize                              = 2147483648                                {product} {command line}
   size_t MaxNewSize                               = 1287651328                                {product} {ergonomic}
   size_t MinHeapDeltaBytes                        = 1048576                                   {product} {ergonomic}
    uintx NonNMethodCodeHeapSize                   = 5830732                                {pd product} {ergonomic}
    uintx NonProfiledCodeHeapSize                  = 122913754                              {pd product} {ergonomic}
    uintx ProfiledCodeHeapSize                     = 122913754                              {pd product} {ergonomic}
    uintx ReservedCodeCacheSize                    = 251658240                              {pd product} {ergonomic}
     bool SegmentedCodeCache                       = true                                      {product} {ergonomic}
     bool UseCompressedClassPointers               = true                                 {lp64_product} {ergonomic}
     bool UseCompressedOops                        = true                                 {lp64_product} {ergonomic}
     bool UseG1GC                                  = true                                      {product} {ergonomic}
     bool UseLargePagesIndividualAllocation        = false                                  {pd product} {ergonomic}

Logging:
Log output configuration:
 #0: stdout all=warning uptime,level,tags
 #1: stderr all=off uptime,level,tags

Environment Variables:
PATH=C:\Program Files\NVIDIA GPU Computing Toolkit\CUDA\v9.0\bin;C:\Program Files\NVIDIA GPU Computing Toolkit\CUDA\v9.0\libnvvp;C:\ProgramData\Anaconda3;C:\ProgramData\Anaconda3\Library\mingw-w64\bin;C:\ProgramData\Anaconda3\Library\usr\bin;C:\ProgramData\Anaconda3\Library\bin;C:\ProgramData\Anaconda3\Scripts;C:\WINDOWS\system32;C:\WINDOWS;C:\WINDOWS\System32\Wbem;C:\WINDOWS\System32\WindowsPowerShell\v1.0\;C:\Program Files\Java\jdk-15.0.1\bin;C:\WINDOWS\System32\OpenSSH\;C:\Program Files\dotnet\;C:\Program Files\Microsoft SQL Server\130\Tools\Binn\;C:\Program Files\Microsoft SQL Server\Client SDK\ODBC\170\Tools\Binn\;C:\Program Files (x86)\Windows Live\Shared;C:\WINDOWS\System32\WindowsPowerShell\v1.0\;C:\Program Files (x86)\NVIDIA Corporation\PhysX\Common;%JAVA_HOME%\bin\;C:\Program Files\Git\cmd;C:\Program Files (x86)\ePapyrus\Papyrus-PlugIn-web;C:\Program Files (x86)\ePapyrus\Papyrus-PlugIn-web\Addins;C:\Program Files\MySQL\MySQL Shell 8.0\bin\;C:\Users\USER\AppData\Local\Microsoft\WindowsApps;C:\Program Files\Bandizip\;C:\Program Files\Java\jdk-13.0.1\bin;C:\Program Files (x86)\SoftForum\XecureHSM\;C:\Users\USER\AppData\Local\GitHubDesktop\bin;C:\Users\USER\AppData\Local\Microsoft\WindowsApps;C:\Users\USER\AppData\Local\Programs\Microsoft VS Code\bin;C:\Program Files\JetBrains\PyCharm Community Edition 2021.1.3\bin;;C:\Program Files\mingw64\bin;C:\Program Files (x86)\GnuWin32\bin;C:\cygwin64\bin;
USERNAME=USER
OS=Windows_NT
PROCESSOR_IDENTIFIER=Intel64 Family 6 Model 158 Stepping 10, GenuineIntel



---------------  S Y S T E M  ---------------

OS: Windows 10 , 64 bit Build 19041 (10.0.19041.1645)
OS uptime: 21 days 0:09 hours

CPU:total 6 (initial active 6) (6 cores per cpu, 1 threads per core) family 6 model 158 stepping 10 microcode 0xb4, cmov, cx8, fxsr, mmx, sse, sse2, sse3, ssse3, sse4.1, sse4.2, popcnt, avx, avx2, aes, clmul, erms, 3dnowpref, lzcnt, tsc, tscinvbit, bmi1, bmi2, adx, fma

Memory: 4k page, system-wide physical 16317M (3361M free)
TotalPageFile size 16317M (AvailPageFile size 13M)
current process WorkingSet (physical memory assigned to process): 576M, peak: 576M
current process commit charge ("private bytes"): 609M, peak: 665M

vm_info: OpenJDK 64-Bit Server VM (11.0.10+0-b96-7249189) for windows-amd64 JRE (11.0.10+0-b96-7249189), built on Mar 31 2021 21:44:00 by "builder" with MS VC++ 14.0 (VS2015)

END.
