#
# There is insufficient memory for the Java Runtime Environment to continue.
# Native memory allocation (mmap) failed to map 285212672 bytes for Failed to commit area from 0x0000000096100000 to 0x00000000a7100000 of length 285212672.
# Possible reasons:
#   The system is out of physical RAM or swap space
#   The process is running with CompressedOops enabled, and the Java Heap may be blocking the growth of the native heap
# Possible solutions:
#   Reduce memory load on the system
#   Increase physical memory or swap space
#   Check if swap backing store is full
#   Decrease Java heap size (-Xmx/-Xms)
#   Decrease number of Java threads
#   Decrease Java thread stack sizes (-Xss)
#   Set larger code cache with -XX:ReservedCodeCacheSize=
#   JVM is running with Unscaled Compressed Oops mode in which the Java heap is
#     placed in the first 4GB address space. The Java Heap base address is the
#     maximum limit for the native heap growth. Please use -XX:HeapBaseMinAddress
#     to set the Java Heap base and to place the Java Heap above 4GB virtual address.
# This output file may be truncated or incomplete.
#
#  Out of Memory Error (./src/hotspot/os/windows/os_windows.cpp:3301), pid=8248, tid=34428
#
# JRE version: OpenJDK Runtime Environment (11.0.10) (build 11.0.10+0-b96-7249189)
# Java VM: OpenJDK 64-Bit Server VM (11.0.10+0-b96-7249189, mixed mode, tiered, compressed oops, g1 gc, windows-amd64)
# No core dump will be written. Minidumps are not enabled by default on client versions of Windows
#

---------------  S U M M A R Y ------------

Command Line: --add-opens=java.base/java.util=ALL-UNNAMED --add-opens=java.base/java.lang=ALL-UNNAMED --add-opens=java.base/java.lang.invoke=ALL-UNNAMED --add-opens=java.base/java.util=ALL-UNNAMED --add-opens=java.prefs/java.util.prefs=ALL-UNNAMED --add-opens=java.prefs/java.util.prefs=ALL-UNNAMED --add-opens=java.base/java.nio.charset=ALL-UNNAMED --add-opens=java.base/java.net=ALL-UNNAMED --add-opens=java.base/java.util.concurrent.atomic=ALL-UNNAMED -Xmx2048m -Dfile.encoding=UTF-8 -Duser.country=KR -Duser.language=ko -Duser.variant org.gradle.launcher.daemon.bootstrap.GradleDaemon 7.0.2

Host: Intel(R) Core(TM) i5-9400F CPU @ 2.90GHz, 6 cores, 15G,  Windows 10 , 64 bit Build 19041 (10.0.19041.1645)
Time: Mon May  9 10:56:49 2022 대한민국 표준시 elapsed time: 13.105656 seconds (0d 0h 0m 13s)

---------------  T H R E A D  ---------------

Current thread (0x000001c63627e800):  VMThread "VM Thread" [stack: 0x0000000100c00000,0x0000000100d00000] [id=34428]

Stack: [0x0000000100c00000,0x0000000100d00000]
[error occurred during error reporting (printing stack bounds), id 0xc0000005, EXCEPTION_ACCESS_VIOLATION (0xc0000005) at pc=0x000001c61fd00f2d]

Native frames: (J=compiled Java code, j=interpreted, Vv=VM code, C=native code)
V  [jvm.dll+0x5ecfaa]
V  [jvm.dll+0x722bd5]
V  [jvm.dll+0x72412d]
V  [jvm.dll+0x724745]
V  [jvm.dll+0x7246fb]
V  [jvm.dll+0x5ec348]
V  [jvm.dll+0x5ecad8]
C  [ntdll.dll+0xa20cf]
C  [ntdll.dll+0x51454]
C  [ntdll.dll+0xa0bfe]
C  0x000001c61fd00f2d

VM_Operation (0x0000000105bfd980): G1CollectForAllocation, mode: safepoint, requested by thread 0x000001c677df0000


---------------  P R O C E S S  ---------------

Threads class SMR info:
_java_thread_list=0x000001c67be4f710, length=72, elements={
0x000001c61c211000, 0x000001c676aa7800, 0x000001c676aa8800, 0x000001c676b21800,
0x000001c676b22000, 0x000001c676b23800, 0x000001c676b27800, 0x000001c676b2c800,
0x000001c676b30000, 0x000001c676c95000, 0x000001c677894800, 0x000001c678ac6000,
0x000001c678ac7000, 0x000001c678ac7800, 0x000001c678aca000, 0x000001c678ac8800,
0x000001c678acb000, 0x000001c678ac9800, 0x000001c678acb800, 0x000001c678acc800,
0x000001c679230000, 0x000001c679233800, 0x000001c679236800, 0x000001c6790ac800,
0x000001c679232800, 0x000001c679231000, 0x000001c679235000, 0x000001c679231800,
0x000001c679234000, 0x000001c67923a800, 0x000001c679237800, 0x000001c679238000,
0x000001c679239000, 0x000001c67923b800, 0x000001c67923d000, 0x000001c67923e800,
0x000001c67923c800, 0x000001c67923e000, 0x000001c67a6fc000, 0x000001c67a6fb000,
0x000001c67a6f9800, 0x000001c67a6fd000, 0x000001c67a6f7000, 0x000001c67a6fd800,
0x000001c67a6f8000, 0x000001c67a6fa800, 0x000001c67a6fe800, 0x000001c67a703800,
0x000001c67a702800, 0x000001c67a704000, 0x000001c67a705000, 0x000001c67a6ff000,
0x000001c67a700000, 0x000001c67a701800, 0x000001c67a705800, 0x000001c67a701000,
0x000001c677de8800, 0x000001c677de3000, 0x000001c677de9800, 0x000001c677de3800,
0x000001c677dea800, 0x000001c677de8000, 0x000001c677de4800, 0x000001c677deb000,
0x000001c677de6000, 0x000001c677de5800, 0x000001c677dec800, 0x000001c677dec000,
0x000001c677de7000, 0x000001c677df0000, 0x000001c677def000, 0x000001c677ded800
}

Java Threads: ( => current thread )
  0x000001c61c211000 JavaThread "main" [_thread_blocked, id=21768, stack(0x0000000100600000,0x0000000100700000)]
  0x000001c676aa7800 JavaThread "Reference Handler" daemon [_thread_blocked, id=15192, stack(0x0000000100d00000,0x0000000100e00000)]
  0x000001c676aa8800 JavaThread "Finalizer" daemon [_thread_blocked, id=37492, stack(0x0000000100e00000,0x0000000100f00000)]
  0x000001c676b21800 JavaThread "Signal Dispatcher" daemon [_thread_blocked, id=16588, stack(0x0000000100f00000,0x0000000101000000)]
  0x000001c676b22000 JavaThread "Attach Listener" daemon [_thread_blocked, id=6788, stack(0x0000000101000000,0x0000000101100000)]
  0x000001c676b23800 JavaThread "Service Thread" daemon [_thread_blocked, id=19404, stack(0x0000000101100000,0x0000000101200000)]
  0x000001c676b27800 JavaThread "C2 CompilerThread0" daemon [_thread_in_native, id=2456, stack(0x0000000101200000,0x0000000101300000)]
  0x000001c676b2c800 JavaThread "C1 CompilerThread0" daemon [_thread_blocked, id=10464, stack(0x0000000101300000,0x0000000101400000)]
  0x000001c676b30000 JavaThread "Sweeper thread" daemon [_thread_blocked, id=35776, stack(0x0000000101400000,0x0000000101500000)]
  0x000001c676c95000 JavaThread "Common-Cleaner" daemon [_thread_blocked, id=30636, stack(0x0000000101500000,0x0000000101600000)]
  0x000001c677894800 JavaThread "Daemon health stats" [_thread_blocked, id=10288, stack(0x0000000101d00000,0x0000000101e00000)]
  0x000001c678ac6000 JavaThread "Incoming local TCP Connector on port 9598" [_thread_in_native, id=38560, stack(0x0000000101700000,0x0000000101800000)]
  0x000001c678ac7000 JavaThread "Daemon periodic checks" [_thread_blocked, id=13876, stack(0x0000000101e00000,0x0000000101f00000)]
  0x000001c678ac7800 JavaThread "Daemon" [_thread_blocked, id=35808, stack(0x0000000101f00000,0x0000000102000000)]
  0x000001c678aca000 JavaThread "Handler for socket connection from /127.0.0.1:9598 to /127.0.0.1:9599" [_thread_in_native, id=34768, stack(0x0000000102000000,0x0000000102100000)]
  0x000001c678ac8800 JavaThread "Cancel handler" [_thread_blocked, id=26096, stack(0x0000000102100000,0x0000000102200000)]
  0x000001c678acb000 JavaThread "Daemon worker" [_thread_blocked, id=22792, stack(0x0000000102200000,0x0000000102300000)]
  0x000001c678ac9800 JavaThread "Asynchronous log dispatcher for DefaultDaemonConnection: socket connection from /127.0.0.1:9598 to /127.0.0.1:9599" [_thread_blocked, id=37432, stack(0x0000000102300000,0x0000000102400000)]
  0x000001c678acb800 JavaThread "Stdin handler" [_thread_blocked, id=32808, stack(0x0000000102400000,0x0000000102500000)]
  0x000001c678acc800 JavaThread "Daemon client event forwarder" [_thread_blocked, id=36488, stack(0x0000000102500000,0x0000000102600000)]
  0x000001c679230000 JavaThread "Cache worker for file hash cache (C:\Users\USER\.gradle\caches\7.0.2\fileHashes)" [_thread_blocked, id=26992, stack(0x0000000102600000,0x0000000102700000)]
  0x000001c679233800 JavaThread "File lock request listener" [_thread_in_native, id=36560, stack(0x0000000102700000,0x0000000102800000)]
  0x000001c679236800 JavaThread "Cache worker for journal cache (C:\Users\USER\.gradle\caches\journal-1)" [_thread_blocked, id=18964, stack(0x0000000102900000,0x0000000102a00000)]
  0x000001c6790ac800 JavaThread "C2 CompilerThread1" daemon [_thread_in_native, id=35580, stack(0x0000000102a00000,0x0000000102b00000)]
  0x000001c679232800 JavaThread "Cache worker for file hash cache (D:\android_projects_coll\recent\.gradle\7.0.2\fileHashes)" [_thread_blocked, id=25652, stack(0x0000000102b00000,0x0000000102c00000)]
  0x000001c679231000 JavaThread "File watcher server" daemon [_thread_blocked, id=8504, stack(0x0000000102c00000,0x0000000102d00000)]
  0x000001c679235000 JavaThread "File watcher consumer" daemon [_thread_blocked, id=6372, stack(0x0000000102d00000,0x0000000102e00000)]
  0x000001c679231800 JavaThread "Cache worker for checksums cache (D:\android_projects_coll\recent\.gradle\checksums)" [_thread_blocked, id=4656, stack(0x0000000102e00000,0x0000000102f00000)]
  0x000001c679234000 JavaThread "Cache worker for cache directory md-supplier (C:\Users\USER\.gradle\caches\7.0.2\md-supplier)" [_thread_blocked, id=3920, stack(0x0000000102f00000,0x0000000103000000)]
  0x000001c67923a800 JavaThread "Cache worker for cache directory md-rule (C:\Users\USER\.gradle\caches\7.0.2\md-rule)" [_thread_blocked, id=25408, stack(0x0000000103000000,0x0000000103100000)]
  0x000001c679237800 JavaThread "Cache worker for execution history cache (C:\Users\USER\.gradle\caches\7.0.2\executionHistory)" [_thread_blocked, id=20352, stack(0x0000000103100000,0x0000000103200000)]
  0x000001c679238000 JavaThread "jar transforms" [_thread_blocked, id=6612, stack(0x0000000103200000,0x0000000103300000)]
  0x000001c679239000 JavaThread "jar transforms Thread 2" [_thread_blocked, id=24136, stack(0x0000000103300000,0x0000000103400000)]
  0x000001c67923b800 JavaThread "Cache worker for file content cache (C:\Users\USER\.gradle\caches\7.0.2\fileContent)" [_thread_blocked, id=2872, stack(0x0000000103400000,0x0000000103500000)]
  0x000001c67923d000 JavaThread "Cache worker for dependencies-accessors (D:\android_projects_coll\recent\.gradle\7.0.2\dependencies-accessors)" [_thread_blocked, id=5044, stack(0x0000000103500000,0x0000000103600000)]
  0x000001c67923e800 JavaThread "jar transforms Thread 3" [_thread_blocked, id=9296, stack(0x0000000103600000,0x0000000103700000)]
  0x000001c67923c800 JavaThread "Cache worker for Build Output Cleanup Cache (D:\android_projects_coll\recent\.gradle\buildOutputCleanup)" [_thread_blocked, id=19760, stack(0x0000000103700000,0x0000000103800000)]
  0x000001c67923e000 JavaThread "Build operations" [_thread_blocked, id=38904, stack(0x0000000103800000,0x0000000103900000)]
  0x000001c67a6fc000 JavaThread "Build operations Thread 2" [_thread_blocked, id=36952, stack(0x0000000103900000,0x0000000103a00000)]
  0x000001c67a6fb000 JavaThread "Build operations Thread 3" [_thread_blocked, id=9276, stack(0x0000000103a00000,0x0000000103b00000)]
  0x000001c67a6f9800 JavaThread "Build operations Thread 4" [_thread_blocked, id=17200, stack(0x0000000103b00000,0x0000000103c00000)]
  0x000001c67a6fd000 JavaThread "Build operations Thread 5" [_thread_blocked, id=28372, stack(0x0000000103c00000,0x0000000103d00000)]
  0x000001c67a6f7000 JavaThread "Build operations Thread 6" [_thread_blocked, id=34380, stack(0x0000000103d00000,0x0000000103e00000)]
  0x000001c67a6fd800 JavaThread "jar transforms Thread 4" [_thread_blocked, id=28388, stack(0x0000000103e00000,0x0000000103f00000)]
  0x000001c67a6f8000 JavaThread "jar transforms Thread 5" [_thread_blocked, id=28432, stack(0x0000000103f00000,0x0000000104000000)]
  0x000001c67a6fa800 JavaThread "jar transforms Thread 6" [_thread_blocked, id=18036, stack(0x0000000104000000,0x0000000104100000)]
  0x000001c67a6fe800 JavaThread "Memory manager" [_thread_blocked, id=32284, stack(0x0000000104100000,0x0000000104200000)]
  0x000001c67a703800 JavaThread "build event listener" [_thread_blocked, id=18860, stack(0x0000000104200000,0x0000000104300000)]
  0x000001c67a702800 JavaThread "pool-3-thread-1" [_thread_blocked, id=30964, stack(0x0000000104300000,0x0000000104400000)]
  0x000001c67a704000 JavaThread "build event listener" [_thread_blocked, id=7840, stack(0x0000000104400000,0x0000000104500000)]
  0x000001c67a705000 JavaThread "Execution worker for ':'" [_thread_blocked, id=6536, stack(0x0000000104500000,0x0000000104600000)]
  0x000001c67a6ff000 JavaThread "Execution worker for ':' Thread 2" [_thread_blocked, id=14012, stack(0x0000000104600000,0x0000000104700000)]
  0x000001c67a700000 JavaThread "Execution worker for ':' Thread 3" [_thread_blocked, id=28232, stack(0x0000000104700000,0x0000000104800000)]
  0x000001c67a701800 JavaThread "Execution worker for ':' Thread 4" [_thread_blocked, id=29724, stack(0x0000000104800000,0x0000000104900000)]
  0x000001c67a705800 JavaThread "Execution worker for ':' Thread 5" [_thread_blocked, id=3488, stack(0x0000000104900000,0x0000000104a00000)]
  0x000001c67a701000 JavaThread "Cache worker for execution history cache (D:\android_projects_coll\recent\.gradle\7.0.2\executionHistory)" [_thread_blocked, id=37592, stack(0x0000000104a00000,0x0000000104b00000)]
  0x000001c677de8800 JavaThread "WorkerExecutor Queue" [_thread_blocked, id=15380, stack(0x0000000104b00000,0x0000000104c00000)]
  0x000001c677de3000 JavaThread "pool-4-thread-1" [_thread_blocked, id=28140, stack(0x0000000104c00000,0x0000000104d00000)]
  0x000001c677de9800 JavaThread "stderr" [_thread_in_native, id=31740, stack(0x0000000104d00000,0x0000000104e00000)]
  0x000001c677de3800 JavaThread "stdout" [_thread_in_native, id=20432, stack(0x0000000104e00000,0x0000000104f00000)]
  0x000001c677dea800 JavaThread "WorkerExecutor Queue Thread 2" [_thread_blocked, id=37648, stack(0x0000000104f00000,0x0000000105000000)]
  0x000001c677de8000 JavaThread "WorkerExecutor Queue Thread 3" [_thread_blocked, id=20960, stack(0x0000000105000000,0x0000000105100000)]
  0x000001c677de4800 JavaThread "WorkerExecutor Queue Thread 4" [_thread_blocked, id=7996, stack(0x0000000105100000,0x0000000105200000)]
  0x000001c677deb000 JavaThread "WorkerExecutor Queue Thread 5" [_thread_blocked, id=28316, stack(0x0000000105200000,0x0000000105300000)]
  0x000001c677de6000 JavaThread "WorkerExecutor Queue Thread 6" [_thread_blocked, id=16244, stack(0x0000000105300000,0x0000000105400000)]
  0x000001c677de5800 JavaThread "WorkerExecutor Queue Thread 7" [_thread_blocked, id=17228, stack(0x0000000105400000,0x0000000105500000)]
  0x000001c677dec800 JavaThread "ForkJoinPool-1-worker-3" daemon [_thread_blocked, id=24048, stack(0x0000000105800000,0x0000000105900000)]
  0x000001c677dec000 JavaThread "ForkJoinPool-1-worker-5" daemon [_thread_blocked, id=3632, stack(0x0000000105900000,0x0000000105a00000)]
  0x000001c677de7000 JavaThread "ForkJoinPool-1-worker-7" daemon [_thread_blocked, id=15124, stack(0x0000000105a00000,0x0000000105b00000)]
  0x000001c677df0000 JavaThread "ForkJoinPool-1-worker-9" daemon [_thread_blocked, id=600, stack(0x0000000105b00000,0x0000000105c00000)]
  0x000001c677def000 JavaThread "ForkJoinPool-1-worker-11" daemon [_thread_blocked, id=9364, stack(0x0000000105c00000,0x0000000105d00000)]
  0x000001c677ded800 JavaThread "ForkJoinPool-1-worker-13" daemon [_thread_blocked, id=18356, stack(0x0000000105d00000,0x0000000105e00000)]

Other Threads:
=>0x000001c63627e800 VMThread "VM Thread" [stack: 0x0000000100c00000,0x0000000100d00000] [id=34428]
  0x000001c676ca7000 WatcherThread [stack: 0x0000000101600000,0x0000000101700000] [id=33256]
  0x000001c61c227000 GCTaskThread "GC Thread#0" [stack: 0x0000000100700000,0x0000000100800000] [id=32388]
  0x000001c6771f4800 GCTaskThread "GC Thread#1" [stack: 0x0000000101800000,0x0000000101900000] [id=31712]
  0x000001c677699800 GCTaskThread "GC Thread#2" [stack: 0x0000000101900000,0x0000000101a00000] [id=30240]
  0x000001c676f69800 GCTaskThread "GC Thread#3" [stack: 0x0000000101a00000,0x0000000101b00000] [id=33500]
  0x000001c677842000 GCTaskThread "GC Thread#4" [stack: 0x0000000101b00000,0x0000000101c00000] [id=23544]
  0x000001c677846000 GCTaskThread "GC Thread#5" [stack: 0x0000000101c00000,0x0000000101d00000] [id=18020]
  0x000001c61c259800 ConcurrentGCThread "G1 Main Marker" [stack: 0x0000000100800000,0x0000000100900000] [id=12416]
  0x000001c61c25c000 ConcurrentGCThread "G1 Conc#0" [stack: 0x0000000100900000,0x0000000100a00000] [id=29228]
  0x000001c677f85000 ConcurrentGCThread "G1 Conc#1" [stack: 0x0000000102800000,0x0000000102900000] [id=14456]
  0x000001c6360ee800 ConcurrentGCThread "G1 Refine#0" [stack: 0x0000000100a00000,0x0000000100b00000] [id=15120]
  0x000001c67d21d800 ConcurrentGCThread "G1 Refine#1" [stack: 0x0000000105500000,0x0000000105600000] [id=17740]
  0x000001c679c39800 ConcurrentGCThread "G1 Refine#2" [stack: 0x0000000105600000,0x0000000105700000] [id=23460]
  0x000001c67d545000 ConcurrentGCThread "G1 Refine#3" [stack: 0x0000000105700000,0x0000000105800000] [id=1044]
  0x000001c6360ef000 ConcurrentGCThread "G1 Young RemSet Sampling" [stack: 0x0000000100b00000,0x0000000100c00000] [id=37144]

Threads with active compile tasks:
C2 CompilerThread0  13138 11926       4       com.android.tools.r8.dex.n::e (654 bytes)
C2 CompilerThread1  13139 11884       4       com.android.tools.r8.code.x1::a (4137 bytes)

VM state:at safepoint (normal execution)

VM Mutex/Monitor currently owned by a thread:  ([mutex/lock_event])
[0x000001c61c20cd10] Threads_lock - owner thread: 0x000001c63627e800
[0x000001c61c20c380] Heap_lock - owner thread: 0x000001c677df0000

Heap address: 0x0000000080000000, size: 2048 MB, Compressed Oops mode: 32-bit
Narrow klass base: 0x000001c636280000, Narrow klass shift: 0
Compressed class space size: 1073741824 Address: 0x000001c636280000

Heap:
 garbage-first heap   total 640000K, used 290816K [0x0000000080000000, 0x0000000100000000)
  region size 1024K, 3 young (3072K), 3 survivors (3072K)
 Metaspace       used 91410K, capacity 93656K, committed 93900K, reserved 1130496K
  class space    used 11884K, capacity 12719K, committed 12748K, reserved 1048576K
Heap Regions: E=young(eden), S=young(survivor), O=old, HS=humongous(starts), HC=humongous(continues), CS=collection set, F=free, A=archive, TAMS=top-at-mark-start (previous, next)
|   0|0x0000000080000000, 0x0000000080100000, 0x0000000080100000|100%| O|  |TAMS 0x0000000080100000, 0x0000000080000000| Updating 
|   1|0x0000000080100000, 0x0000000080200000, 0x0000000080200000|100%| O|  |TAMS 0x0000000080200000, 0x0000000080100000| Updating 
|   2|0x0000000080200000, 0x0000000080300000, 0x0000000080300000|100%| O|  |TAMS 0x0000000080300000, 0x0000000080200000| Updating 
|   3|0x0000000080300000, 0x0000000080400000, 0x0000000080400000|100%|HS|  |TAMS 0x0000000080400000, 0x0000000080300000| Complete 
|   4|0x0000000080400000, 0x0000000080500000, 0x0000000080500000|100%|HC|  |TAMS 0x0000000080500000, 0x0000000080400000| Complete 
|   5|0x0000000080500000, 0x0000000080600000, 0x0000000080600000|100%|HC|  |TAMS 0x0000000080600000, 0x0000000080500000| Complete 
|   6|0x0000000080600000, 0x0000000080700000, 0x0000000080700000|100%| O|  |TAMS 0x0000000080700000, 0x0000000080600000| Updating 
|   7|0x0000000080700000, 0x0000000080800000, 0x0000000080800000|100%| O|  |TAMS 0x0000000080800000, 0x0000000080700000| Updating 
|   8|0x0000000080800000, 0x0000000080900000, 0x0000000080900000|100%| O|  |TAMS 0x0000000080900000, 0x0000000080800000| Updating 
|   9|0x0000000080900000, 0x0000000080a00000, 0x0000000080a00000|100%| O|  |TAMS 0x0000000080a00000, 0x0000000080900000| Updating 
|  10|0x0000000080a00000, 0x0000000080b00000, 0x0000000080b00000|100%| O|  |TAMS 0x0000000080b00000, 0x0000000080a00000| Updating 
|  11|0x0000000080b00000, 0x0000000080c00000, 0x0000000080c00000|100%| O|  |TAMS 0x0000000080c00000, 0x0000000080b00000| Updating 
|  12|0x0000000080c00000, 0x0000000080d00000, 0x0000000080d00000|100%| O|  |TAMS 0x0000000080d00000, 0x0000000080c00000| Updating 
|  13|0x0000000080d00000, 0x0000000080e00000, 0x0000000080e00000|100%| O|  |TAMS 0x0000000080e00000, 0x0000000080d00000| Updating 
|  14|0x0000000080e00000, 0x0000000080f00000, 0x0000000080f00000|100%| O|  |TAMS 0x0000000080f00000, 0x0000000080e00000| Updating 
|  15|0x0000000080f00000, 0x0000000081000000, 0x0000000081000000|100%| O|  |TAMS 0x0000000081000000, 0x0000000080f00000| Updating 
|  16|0x0000000081000000, 0x0000000081100000, 0x0000000081100000|100%| O|  |TAMS 0x0000000081100000, 0x0000000081000000| Updating 
|  17|0x0000000081100000, 0x0000000081200000, 0x0000000081200000|100%|HS|  |TAMS 0x0000000081200000, 0x0000000081100000| Complete 
|  18|0x0000000081200000, 0x0000000081300000, 0x0000000081300000|100%|HS|  |TAMS 0x0000000081300000, 0x0000000081200000| Complete 
|  19|0x0000000081300000, 0x0000000081400000, 0x0000000081400000|100%|HC|  |TAMS 0x0000000081400000, 0x0000000081300000| Complete 
|  20|0x0000000081400000, 0x0000000081500000, 0x0000000081500000|100%| O|  |TAMS 0x0000000081500000, 0x0000000081400000| Updating 
|  21|0x0000000081500000, 0x0000000081600000, 0x0000000081600000|100%| O|  |TAMS 0x0000000081600000, 0x0000000081500000| Updating 
|  22|0x0000000081600000, 0x0000000081700000, 0x0000000081700000|100%| O|  |TAMS 0x0000000081700000, 0x0000000081600000| Updating 
|  23|0x0000000081700000, 0x0000000081800000, 0x0000000081800000|100%| O|  |TAMS 0x0000000081800000, 0x0000000081700000| Updating 
|  24|0x0000000081800000, 0x0000000081900000, 0x0000000081900000|100%| O|  |TAMS 0x0000000081900000, 0x0000000081800000| Updating 
|  25|0x0000000081900000, 0x0000000081a00000, 0x0000000081a00000|100%| O|  |TAMS 0x0000000081a00000, 0x0000000081900000| Updating 
|  26|0x0000000081a00000, 0x0000000081b00000, 0x0000000081b00000|100%| O|  |TAMS 0x0000000081b00000, 0x0000000081a00000| Updating 
|  27|0x0000000081b00000, 0x0000000081c00000, 0x0000000081c00000|100%| O|  |TAMS 0x0000000081c00000, 0x0000000081b00000| Updating 
|  28|0x0000000081c00000, 0x0000000081d00000, 0x0000000081d00000|100%| O|  |TAMS 0x0000000081d00000, 0x0000000081c00000| Updating 
|  29|0x0000000081d00000, 0x0000000081e00000, 0x0000000081e00000|100%| O|  |TAMS 0x0000000081e00000, 0x0000000081d00000| Updating 
|  30|0x0000000081e00000, 0x0000000081f00000, 0x0000000081f00000|100%| O|  |TAMS 0x0000000081f00000, 0x0000000081e00000| Updating 
|  31|0x0000000081f00000, 0x0000000082000000, 0x0000000082000000|100%| O|  |TAMS 0x0000000082000000, 0x0000000081f00000| Updating 
|  32|0x0000000082000000, 0x0000000082100000, 0x0000000082100000|100%| O|  |TAMS 0x0000000082100000, 0x0000000082000000| Updating 
|  33|0x0000000082100000, 0x0000000082200000, 0x0000000082200000|100%| O|  |TAMS 0x0000000082200000, 0x0000000082100000| Updating 
|  34|0x0000000082200000, 0x0000000082300000, 0x0000000082300000|100%| O|  |TAMS 0x0000000082300000, 0x0000000082200000| Updating 
|  35|0x0000000082300000, 0x0000000082400000, 0x0000000082400000|100%| O|  |TAMS 0x0000000082400000, 0x0000000082300000| Updating 
|  36|0x0000000082400000, 0x0000000082500000, 0x0000000082500000|100%| O|  |TAMS 0x0000000082500000, 0x0000000082400000| Updating 
|  37|0x0000000082500000, 0x0000000082600000, 0x0000000082600000|100%| O|  |TAMS 0x0000000082600000, 0x0000000082500000| Updating 
|  38|0x0000000082600000, 0x0000000082700000, 0x0000000082700000|100%| O|  |TAMS 0x0000000082700000, 0x0000000082600000| Updating 
|  39|0x0000000082700000, 0x0000000082800000, 0x0000000082800000|100%| O|  |TAMS 0x0000000082800000, 0x0000000082700000| Updating 
|  40|0x0000000082800000, 0x0000000082900000, 0x0000000082900000|100%| O|  |TAMS 0x0000000082900000, 0x0000000082800000| Updating 
|  41|0x0000000082900000, 0x0000000082a00000, 0x0000000082a00000|100%| O|  |TAMS 0x0000000082a00000, 0x0000000082900000| Updating 
|  42|0x0000000082a00000, 0x0000000082b00000, 0x0000000082b00000|100%| O|  |TAMS 0x0000000082b00000, 0x0000000082a00000| Updating 
|  43|0x0000000082b00000, 0x0000000082c00000, 0x0000000082c00000|100%| O|  |TAMS 0x0000000082c00000, 0x0000000082b00000| Updating 
|  44|0x0000000082c00000, 0x0000000082d00000, 0x0000000082d00000|100%| O|  |TAMS 0x0000000082d00000, 0x0000000082c00000| Updating 
|  45|0x0000000082d00000, 0x0000000082e00000, 0x0000000082e00000|100%| O|  |TAMS 0x0000000082e00000, 0x0000000082d00000| Updating 
|  46|0x0000000082e00000, 0x0000000082f00000, 0x0000000082f00000|100%| O|  |TAMS 0x0000000082f00000, 0x0000000082e00000| Updating 
|  47|0x0000000082f00000, 0x0000000083000000, 0x0000000083000000|100%| O|  |TAMS 0x0000000083000000, 0x0000000082f00000| Updating 
|  48|0x0000000083000000, 0x0000000083100000, 0x0000000083100000|100%| O|  |TAMS 0x0000000083100000, 0x0000000083000000| Updating 
|  49|0x0000000083100000, 0x0000000083200000, 0x0000000083200000|100%| O|  |TAMS 0x0000000083200000, 0x0000000083100000| Updating 
|  50|0x0000000083200000, 0x0000000083300000, 0x0000000083300000|100%| O|  |TAMS 0x0000000083300000, 0x0000000083200000| Updating 
|  51|0x0000000083300000, 0x0000000083400000, 0x0000000083400000|100%| O|  |TAMS 0x0000000083400000, 0x0000000083300000| Updating 
|  52|0x0000000083400000, 0x0000000083500000, 0x0000000083500000|100%| O|  |TAMS 0x0000000083500000, 0x0000000083400000| Updating 
|  53|0x0000000083500000, 0x0000000083600000, 0x0000000083600000|100%| O|  |TAMS 0x0000000083600000, 0x0000000083500000| Updating 
|  54|0x0000000083600000, 0x0000000083700000, 0x0000000083700000|100%| O|  |TAMS 0x0000000083700000, 0x0000000083600000| Updating 
|  55|0x0000000083700000, 0x0000000083800000, 0x0000000083800000|100%| O|  |TAMS 0x0000000083800000, 0x0000000083700000| Updating 
|  56|0x0000000083800000, 0x0000000083900000, 0x0000000083900000|100%| O|  |TAMS 0x0000000083900000, 0x0000000083800000| Updating 
|  57|0x0000000083900000, 0x0000000083a00000, 0x0000000083a00000|100%| O|  |TAMS 0x0000000083a00000, 0x0000000083900000| Updating 
|  58|0x0000000083a00000, 0x0000000083b00000, 0x0000000083b00000|100%| O|  |TAMS 0x0000000083b00000, 0x0000000083a00000| Updating 
|  59|0x0000000083b00000, 0x0000000083c00000, 0x0000000083c00000|100%| O|  |TAMS 0x0000000083c00000, 0x0000000083b00000| Updating 
|  60|0x0000000083c00000, 0x0000000083d00000, 0x0000000083d00000|100%| O|  |TAMS 0x0000000083d00000, 0x0000000083c00000| Updating 
|  61|0x0000000083d00000, 0x0000000083e00000, 0x0000000083e00000|100%| O|  |TAMS 0x0000000083e00000, 0x0000000083d00000| Updating 
|  62|0x0000000083e00000, 0x0000000083f00000, 0x0000000083f00000|100%| O|  |TAMS 0x0000000083f00000, 0x0000000083e00000| Updating 
|  63|0x0000000083f00000, 0x0000000084000000, 0x0000000084000000|100%| O|  |TAMS 0x0000000084000000, 0x0000000083f00000| Updating 
|  64|0x0000000084000000, 0x0000000084100000, 0x0000000084100000|100%| O|  |TAMS 0x0000000084100000, 0x0000000084000000| Updating 
|  65|0x0000000084100000, 0x0000000084200000, 0x0000000084200000|100%| O|  |TAMS 0x0000000084200000, 0x0000000084100000| Updating 
|  66|0x0000000084200000, 0x0000000084300000, 0x0000000084300000|100%| O|  |TAMS 0x0000000084300000, 0x0000000084200000| Updating 
|  67|0x0000000084300000, 0x0000000084400000, 0x0000000084400000|100%| O|  |TAMS 0x0000000084400000, 0x0000000084300000| Updating 
|  68|0x0000000084400000, 0x0000000084500000, 0x0000000084500000|100%| O|  |TAMS 0x0000000084500000, 0x0000000084400000| Updating 
|  69|0x0000000084500000, 0x0000000084600000, 0x0000000084600000|100%| O|  |TAMS 0x0000000084600000, 0x0000000084500000| Updating 
|  70|0x0000000084600000, 0x0000000084700000, 0x0000000084700000|100%| O|  |TAMS 0x0000000084700000, 0x0000000084600000| Updating 
|  71|0x0000000084700000, 0x0000000084800000, 0x0000000084800000|100%| O|  |TAMS 0x0000000084800000, 0x0000000084700000| Updating 
|  72|0x0000000084800000, 0x0000000084900000, 0x0000000084900000|100%| O|  |TAMS 0x0000000084900000, 0x0000000084800000| Updating 
|  73|0x0000000084900000, 0x0000000084a00000, 0x0000000084a00000|100%| O|  |TAMS 0x0000000084a00000, 0x0000000084900000| Updating 
|  74|0x0000000084a00000, 0x0000000084b00000, 0x0000000084b00000|100%| O|  |TAMS 0x0000000084b00000, 0x0000000084a00000| Updating 
|  75|0x0000000084b00000, 0x0000000084c00000, 0x0000000084c00000|100%| O|  |TAMS 0x0000000084c00000, 0x0000000084b00000| Updating 
|  76|0x0000000084c00000, 0x0000000084d00000, 0x0000000084d00000|100%| O|  |TAMS 0x0000000084d00000, 0x0000000084c00000| Updating 
|  77|0x0000000084d00000, 0x0000000084e00000, 0x0000000084e00000|100%| O|  |TAMS 0x0000000084e00000, 0x0000000084d00000| Updating 
|  78|0x0000000084e00000, 0x0000000084f00000, 0x0000000084f00000|100%| O|  |TAMS 0x0000000084f00000, 0x0000000084e00000| Updating 
|  79|0x0000000084f00000, 0x0000000085000000, 0x0000000085000000|100%| O|  |TAMS 0x0000000085000000, 0x0000000084f00000| Updating 
|  80|0x0000000085000000, 0x0000000085100000, 0x0000000085100000|100%|HS|  |TAMS 0x0000000085100000, 0x0000000085000000| Complete 
|  81|0x0000000085100000, 0x0000000085200000, 0x0000000085200000|100%|HS|  |TAMS 0x0000000085200000, 0x0000000085100000| Complete 
|  82|0x0000000085200000, 0x0000000085300000, 0x0000000085300000|100%|HS|  |TAMS 0x0000000085300000, 0x0000000085200000| Complete 
|  83|0x0000000085300000, 0x0000000085400000, 0x0000000085400000|100%|HC|  |TAMS 0x0000000085400000, 0x0000000085300000| Complete 
|  84|0x0000000085400000, 0x0000000085500000, 0x0000000085500000|100%|HS|  |TAMS 0x0000000085500000, 0x0000000085400000| Complete 
|  85|0x0000000085500000, 0x0000000085600000, 0x0000000085600000|100%|HC|  |TAMS 0x0000000085600000, 0x0000000085500000| Complete 
|  86|0x0000000085600000, 0x0000000085700000, 0x0000000085700000|100%|HC|  |TAMS 0x0000000085700000, 0x0000000085600000| Complete 
|  87|0x0000000085700000, 0x0000000085800000, 0x0000000085800000|100%|HS|  |TAMS 0x0000000085800000, 0x0000000085700000| Complete 
|  88|0x0000000085800000, 0x0000000085900000, 0x0000000085900000|100%|HC|  |TAMS 0x0000000085900000, 0x0000000085800000| Complete 
|  89|0x0000000085900000, 0x0000000085a00000, 0x0000000085a00000|100%|HS|  |TAMS 0x0000000085a00000, 0x0000000085900000| Complete 
|  90|0x0000000085a00000, 0x0000000085b00000, 0x0000000085b00000|100%|HC|  |TAMS 0x0000000085b00000, 0x0000000085a00000| Complete 
|  91|0x0000000085b00000, 0x0000000085c00000, 0x0000000085c00000|100%|HS|  |TAMS 0x0000000085c00000, 0x0000000085b00000| Complete 
|  92|0x0000000085c00000, 0x0000000085d00000, 0x0000000085d00000|100%|HS|  |TAMS 0x0000000085d00000, 0x0000000085c00000| Complete 
|  93|0x0000000085d00000, 0x0000000085e00000, 0x0000000085e00000|100%|HS|  |TAMS 0x0000000085e00000, 0x0000000085d00000| Complete 
|  94|0x0000000085e00000, 0x0000000085f00000, 0x0000000085f00000|100%|HS|  |TAMS 0x0000000085f00000, 0x0000000085e00000| Complete 
|  95|0x0000000085f00000, 0x0000000086000000, 0x0000000086000000|100%|HS|  |TAMS 0x0000000086000000, 0x0000000085f00000| Complete 
|  96|0x0000000086000000, 0x0000000086100000, 0x0000000086100000|100%|HS|  |TAMS 0x0000000086100000, 0x0000000086000000| Complete 
|  97|0x0000000086100000, 0x0000000086200000, 0x0000000086200000|100%|HS|  |TAMS 0x0000000086200000, 0x0000000086100000| Complete 
|  98|0x0000000086200000, 0x0000000086300000, 0x0000000086300000|100%|HC|  |TAMS 0x0000000086300000, 0x0000000086200000| Complete 
|  99|0x0000000086300000, 0x0000000086400000, 0x0000000086400000|100%|HC|  |TAMS 0x0000000086400000, 0x0000000086300000| Complete 
| 100|0x0000000086400000, 0x0000000086500000, 0x0000000086500000|100%|HS|  |TAMS 0x0000000086500000, 0x0000000086400000| Complete 
| 101|0x0000000086500000, 0x0000000086600000, 0x0000000086600000|100%|HS|  |TAMS 0x0000000086600000, 0x0000000086500000| Complete 
| 102|0x0000000086600000, 0x0000000086700000, 0x0000000086700000|100%|HC|  |TAMS 0x0000000086700000, 0x0000000086600000| Complete 
| 103|0x0000000086700000, 0x0000000086800000, 0x0000000086800000|100%|HC|  |TAMS 0x0000000086800000, 0x0000000086700000| Complete 
| 104|0x0000000086800000, 0x0000000086900000, 0x0000000086900000|100%|HS|  |TAMS 0x0000000086900000, 0x0000000086800000| Complete 
| 105|0x0000000086900000, 0x0000000086a00000, 0x0000000086a00000|100%|HS|  |TAMS 0x0000000086a00000, 0x0000000086900000| Complete 
| 106|0x0000000086a00000, 0x0000000086b00000, 0x0000000086b00000|100%| O|  |TAMS 0x0000000086b00000, 0x0000000086a00000| Updating 
| 107|0x0000000086b00000, 0x0000000086c00000, 0x0000000086c00000|100%|HS|  |TAMS 0x0000000086c00000, 0x0000000086b00000| Complete 
| 108|0x0000000086c00000, 0x0000000086d00000, 0x0000000086d00000|100%|HS|  |TAMS 0x0000000086d00000, 0x0000000086c00000| Complete 
| 109|0x0000000086d00000, 0x0000000086e00000, 0x0000000086e00000|100%|HS|  |TAMS 0x0000000086e00000, 0x0000000086d00000| Complete 
| 110|0x0000000086e00000, 0x0000000086f00000, 0x0000000086f00000|100%| O|  |TAMS 0x0000000086f00000, 0x0000000086e00000| Updating 
| 111|0x0000000086f00000, 0x0000000087000000, 0x0000000087000000|100%| O|  |TAMS 0x0000000087000000, 0x0000000086f00000| Updating 
| 112|0x0000000087000000, 0x0000000087100000, 0x0000000087100000|100%|HS|  |TAMS 0x0000000087100000, 0x0000000087000000| Complete 
| 113|0x0000000087100000, 0x0000000087200000, 0x0000000087200000|100%|HC|  |TAMS 0x0000000087200000, 0x0000000087100000| Complete 
| 114|0x0000000087200000, 0x0000000087300000, 0x0000000087300000|100%| O|  |TAMS 0x0000000087300000, 0x0000000087200000| Updating 
| 115|0x0000000087300000, 0x0000000087400000, 0x0000000087400000|100%| O|  |TAMS 0x0000000087400000, 0x0000000087300000| Updating 
| 116|0x0000000087400000, 0x0000000087500000, 0x0000000087500000|100%| O|  |TAMS 0x0000000087500000, 0x0000000087400000| Updating 
| 117|0x0000000087500000, 0x0000000087600000, 0x0000000087600000|100%| O|  |TAMS 0x0000000087600000, 0x0000000087500000| Updating 
| 118|0x0000000087600000, 0x0000000087700000, 0x0000000087700000|100%| O|  |TAMS 0x0000000087700000, 0x0000000087600000| Updating 
| 119|0x0000000087700000, 0x0000000087800000, 0x0000000087800000|100%| O|  |TAMS 0x0000000087800000, 0x0000000087700000| Updating 
| 120|0x0000000087800000, 0x0000000087900000, 0x0000000087900000|100%| O|  |TAMS 0x0000000087900000, 0x0000000087800000| Updating 
| 121|0x0000000087900000, 0x0000000087a00000, 0x0000000087a00000|100%| O|  |TAMS 0x0000000087a00000, 0x0000000087900000| Updating 
| 122|0x0000000087a00000, 0x0000000087b00000, 0x0000000087b00000|100%| O|  |TAMS 0x0000000087b00000, 0x0000000087a00000| Updating 
| 123|0x0000000087b00000, 0x0000000087c00000, 0x0000000087c00000|100%| O|  |TAMS 0x0000000087c00000, 0x0000000087b00000| Updating 
| 124|0x0000000087c00000, 0x0000000087d00000, 0x0000000087d00000|100%| O|  |TAMS 0x0000000087d00000, 0x0000000087c00000| Updating 
| 125|0x0000000087d00000, 0x0000000087e00000, 0x0000000087e00000|100%| O|  |TAMS 0x0000000087e00000, 0x0000000087d00000| Updating 
| 126|0x0000000087e00000, 0x0000000087f00000, 0x0000000087f00000|100%| O|  |TAMS 0x0000000087f00000, 0x0000000087e00000| Updating 
| 127|0x0000000087f00000, 0x0000000088000000, 0x0000000088000000|100%| O|  |TAMS 0x0000000088000000, 0x0000000087f00000| Updating 
| 128|0x0000000088000000, 0x0000000088100000, 0x0000000088100000|100%| O|  |TAMS 0x0000000088100000, 0x0000000088000000| Updating 
| 129|0x0000000088100000, 0x0000000088200000, 0x0000000088200000|100%| O|  |TAMS 0x0000000088200000, 0x0000000088100000| Updating 
| 130|0x0000000088200000, 0x0000000088300000, 0x0000000088300000|100%| O|  |TAMS 0x0000000088300000, 0x0000000088200000| Updating 
| 131|0x0000000088300000, 0x0000000088400000, 0x0000000088400000|100%| O|  |TAMS 0x0000000088400000, 0x0000000088300000| Updating 
| 132|0x0000000088400000, 0x0000000088500000, 0x0000000088500000|100%| O|  |TAMS 0x0000000088500000, 0x0000000088400000| Updating 
| 133|0x0000000088500000, 0x0000000088600000, 0x0000000088600000|100%| O|  |TAMS 0x0000000088600000, 0x0000000088500000| Updating 
| 134|0x0000000088600000, 0x0000000088700000, 0x0000000088700000|100%| O|  |TAMS 0x0000000088700000, 0x0000000088600000| Updating 
| 135|0x0000000088700000, 0x0000000088800000, 0x0000000088800000|100%| O|  |TAMS 0x0000000088800000, 0x0000000088700000| Updating 
| 136|0x0000000088800000, 0x0000000088900000, 0x0000000088900000|100%| O|  |TAMS 0x0000000088900000, 0x0000000088800000| Updating 
| 137|0x0000000088900000, 0x0000000088a00000, 0x0000000088a00000|100%| O|  |TAMS 0x0000000088a00000, 0x0000000088900000| Updating 
| 138|0x0000000088a00000, 0x0000000088b00000, 0x0000000088b00000|100%| O|  |TAMS 0x0000000088b00000, 0x0000000088a00000| Updating 
| 139|0x0000000088b00000, 0x0000000088c00000, 0x0000000088c00000|100%|HS|  |TAMS 0x0000000088c00000, 0x0000000088b00000| Complete 
| 140|0x0000000088c00000, 0x0000000088d00000, 0x0000000088d00000|100%|HC|  |TAMS 0x0000000088d00000, 0x0000000088c00000| Complete 
| 141|0x0000000088d00000, 0x0000000088e00000, 0x0000000088e00000|100%|HC|  |TAMS 0x0000000088e00000, 0x0000000088d00000| Complete 
| 142|0x0000000088e00000, 0x0000000088f00000, 0x0000000088f00000|100%|HS|  |TAMS 0x0000000088f00000, 0x0000000088e00000| Complete 
| 143|0x0000000088f00000, 0x0000000089000000, 0x0000000089000000|100%|HC|  |TAMS 0x0000000089000000, 0x0000000088f00000| Complete 
| 144|0x0000000089000000, 0x0000000089100000, 0x0000000089100000|100%| O|  |TAMS 0x0000000089100000, 0x0000000089000000| Updating 
| 145|0x0000000089100000, 0x0000000089200000, 0x0000000089200000|100%| O|  |TAMS 0x0000000089200000, 0x0000000089100000| Updating 
| 146|0x0000000089200000, 0x0000000089300000, 0x0000000089300000|100%|HS|  |TAMS 0x0000000089300000, 0x0000000089200000| Complete 
| 147|0x0000000089300000, 0x0000000089400000, 0x0000000089400000|100%| O|  |TAMS 0x0000000089400000, 0x0000000089300000| Updating 
| 148|0x0000000089400000, 0x0000000089500000, 0x0000000089500000|100%| O|  |TAMS 0x0000000089500000, 0x0000000089400000| Updating 
| 149|0x0000000089500000, 0x0000000089600000, 0x0000000089600000|100%| O|  |TAMS 0x0000000089600000, 0x0000000089500000| Updating 
| 150|0x0000000089600000, 0x0000000089700000, 0x0000000089700000|100%| O|  |TAMS 0x0000000089700000, 0x0000000089600000| Updating 
| 151|0x0000000089700000, 0x0000000089800000, 0x0000000089800000|100%|HS|  |TAMS 0x0000000089800000, 0x0000000089700000| Complete 
| 152|0x0000000089800000, 0x0000000089900000, 0x0000000089900000|100%|HC|  |TAMS 0x0000000089900000, 0x0000000089800000| Complete 
| 153|0x0000000089900000, 0x0000000089a00000, 0x0000000089a00000|100%|HS|  |TAMS 0x0000000089a00000, 0x0000000089900000| Complete 
| 154|0x0000000089a00000, 0x0000000089b00000, 0x0000000089b00000|100%| O|  |TAMS 0x0000000089b00000, 0x0000000089a00000| Updating 
| 155|0x0000000089b00000, 0x0000000089c00000, 0x0000000089c00000|100%|HS|  |TAMS 0x0000000089c00000, 0x0000000089b00000| Complete 
| 156|0x0000000089c00000, 0x0000000089d00000, 0x0000000089d00000|100%| O|  |TAMS 0x0000000089d00000, 0x0000000089c00000| Updating 
| 157|0x0000000089d00000, 0x0000000089e00000, 0x0000000089e00000|100%|HS|  |TAMS 0x0000000089e00000, 0x0000000089d00000| Complete 
| 158|0x0000000089e00000, 0x0000000089f00000, 0x0000000089f00000|100%| O|  |TAMS 0x0000000089f00000, 0x0000000089e00000| Updating 
| 159|0x0000000089f00000, 0x000000008a000000, 0x000000008a000000|100%|HS|  |TAMS 0x000000008a000000, 0x0000000089f00000| Complete 
| 160|0x000000008a000000, 0x000000008a100000, 0x000000008a100000|100%|HS|  |TAMS 0x000000008a100000, 0x000000008a000000| Complete 
| 161|0x000000008a100000, 0x000000008a200000, 0x000000008a200000|100%|HC|  |TAMS 0x000000008a200000, 0x000000008a100000| Complete 
| 162|0x000000008a200000, 0x000000008a300000, 0x000000008a300000|100%| O|  |TAMS 0x000000008a300000, 0x000000008a200000| Updating 
| 163|0x000000008a300000, 0x000000008a400000, 0x000000008a400000|100%|HS|  |TAMS 0x000000008a400000, 0x000000008a300000| Complete 
| 164|0x000000008a400000, 0x000000008a500000, 0x000000008a500000|100%|HC|  |TAMS 0x000000008a500000, 0x000000008a400000| Complete 
| 165|0x000000008a500000, 0x000000008a600000, 0x000000008a600000|100%|HC|  |TAMS 0x000000008a600000, 0x000000008a500000| Complete 
| 166|0x000000008a600000, 0x000000008a700000, 0x000000008a700000|100%| O|  |TAMS 0x000000008a700000, 0x000000008a600000| Updating 
| 167|0x000000008a700000, 0x000000008a800000, 0x000000008a800000|100%|HS|  |TAMS 0x000000008a800000, 0x000000008a700000| Complete 
| 168|0x000000008a800000, 0x000000008a900000, 0x000000008a900000|100%|HS|  |TAMS 0x000000008a900000, 0x000000008a800000| Complete 
| 169|0x000000008a900000, 0x000000008aa00000, 0x000000008aa00000|100%|HC|  |TAMS 0x000000008aa00000, 0x000000008a900000| Complete 
| 170|0x000000008aa00000, 0x000000008ab00000, 0x000000008ab00000|100%| O|  |TAMS 0x000000008ab00000, 0x000000008aa00000| Updating 
| 171|0x000000008ab00000, 0x000000008ac00000, 0x000000008ac00000|100%|HS|  |TAMS 0x000000008ac00000, 0x000000008ab00000| Complete 
| 172|0x000000008ac00000, 0x000000008ad00000, 0x000000008ad00000|100%|HC|  |TAMS 0x000000008ad00000, 0x000000008ac00000| Complete 
| 173|0x000000008ad00000, 0x000000008ae00000, 0x000000008ae00000|100%|HC|  |TAMS 0x000000008ae00000, 0x000000008ad00000| Complete 
| 174|0x000000008ae00000, 0x000000008af00000, 0x000000008af00000|100%| O|  |TAMS 0x000000008af00000, 0x000000008ae00000| Updating 
| 175|0x000000008af00000, 0x000000008b000000, 0x000000008b000000|100%|HS|  |TAMS 0x000000008b000000, 0x000000008af00000| Complete 
| 176|0x000000008b000000, 0x000000008b100000, 0x000000008b100000|100%| O|  |TAMS 0x000000008b100000, 0x000000008b000000| Updating 
| 177|0x000000008b100000, 0x000000008b200000, 0x000000008b200000|100%|HS|  |TAMS 0x000000008b200000, 0x000000008b100000| Complete 
| 178|0x000000008b200000, 0x000000008b300000, 0x000000008b300000|100%| O|  |TAMS 0x000000008b300000, 0x000000008b200000| Updating 
| 179|0x000000008b300000, 0x000000008b400000, 0x000000008b400000|100%| O|  |TAMS 0x000000008b400000, 0x000000008b300000| Updating 
| 180|0x000000008b400000, 0x000000008b500000, 0x000000008b500000|100%| O|  |TAMS 0x000000008b500000, 0x000000008b400000| Updating 
| 181|0x000000008b500000, 0x000000008b600000, 0x000000008b600000|100%| O|  |TAMS 0x000000008b600000, 0x000000008b500000| Updating 
| 182|0x000000008b600000, 0x000000008b700000, 0x000000008b700000|100%| O|  |TAMS 0x000000008b700000, 0x000000008b600000| Updating 
| 183|0x000000008b700000, 0x000000008b800000, 0x000000008b800000|100%| O|  |TAMS 0x000000008b800000, 0x000000008b700000| Updating 
| 184|0x000000008b800000, 0x000000008b900000, 0x000000008b900000|100%| O|  |TAMS 0x000000008b900000, 0x000000008b800000| Updating 
| 185|0x000000008b900000, 0x000000008ba00000, 0x000000008ba00000|100%| O|  |TAMS 0x000000008ba00000, 0x000000008b900000| Updating 
| 186|0x000000008ba00000, 0x000000008bb00000, 0x000000008bb00000|100%| O|  |TAMS 0x000000008bb00000, 0x000000008ba00000| Updating 
| 187|0x000000008bb00000, 0x000000008bc00000, 0x000000008bc00000|100%| O|  |TAMS 0x000000008bc00000, 0x000000008bb00000| Updating 
| 188|0x000000008bc00000, 0x000000008bd00000, 0x000000008bd00000|100%| O|  |TAMS 0x000000008bd00000, 0x000000008bc00000| Updating 
| 189|0x000000008bd00000, 0x000000008be00000, 0x000000008be00000|100%| O|  |TAMS 0x000000008be00000, 0x000000008bd00000| Updating 
| 190|0x000000008be00000, 0x000000008bf00000, 0x000000008bf00000|100%|HS|  |TAMS 0x000000008bf00000, 0x000000008be00000| Complete 
| 191|0x000000008bf00000, 0x000000008c000000, 0x000000008c000000|100%| O|  |TAMS 0x000000008c000000, 0x000000008bf00000| Updating 
| 192|0x000000008c000000, 0x000000008c100000, 0x000000008c100000|100%| O|  |TAMS 0x000000008c100000, 0x000000008c000000| Updating 
| 193|0x000000008c100000, 0x000000008c200000, 0x000000008c200000|100%| O|  |TAMS 0x000000008c200000, 0x000000008c100000| Updating 
| 194|0x000000008c200000, 0x000000008c300000, 0x000000008c300000|100%| O|  |TAMS 0x000000008c300000, 0x000000008c200000| Updating 
| 195|0x000000008c300000, 0x000000008c400000, 0x000000008c400000|100%| O|  |TAMS 0x000000008c400000, 0x000000008c300000| Updating 
| 196|0x000000008c400000, 0x000000008c500000, 0x000000008c500000|100%| O|  |TAMS 0x000000008c500000, 0x000000008c400000| Updating 
| 197|0x000000008c500000, 0x000000008c600000, 0x000000008c600000|100%| O|  |TAMS 0x000000008c600000, 0x000000008c500000| Updating 
| 198|0x000000008c600000, 0x000000008c700000, 0x000000008c700000|100%| O|  |TAMS 0x000000008c700000, 0x000000008c600000| Updating 
| 199|0x000000008c700000, 0x000000008c800000, 0x000000008c800000|100%| O|  |TAMS 0x000000008c800000, 0x000000008c700000| Updating 
| 200|0x000000008c800000, 0x000000008c900000, 0x000000008c900000|100%| O|  |TAMS 0x000000008c900000, 0x000000008c800000| Updating 
| 201|0x000000008c900000, 0x000000008ca00000, 0x000000008ca00000|100%| O|  |TAMS 0x000000008ca00000, 0x000000008c900000| Updating 
| 202|0x000000008ca00000, 0x000000008cb00000, 0x000000008cb00000|100%| O|  |TAMS 0x000000008cb00000, 0x000000008ca00000| Updating 
| 203|0x000000008cb00000, 0x000000008cc00000, 0x000000008cc00000|100%| O|  |TAMS 0x000000008cc00000, 0x000000008cb00000| Updating 
| 204|0x000000008cc00000, 0x000000008cd00000, 0x000000008cd00000|100%| O|  |TAMS 0x000000008cd00000, 0x000000008cc00000| Updating 
| 205|0x000000008cd00000, 0x000000008ce00000, 0x000000008ce00000|100%| O|  |TAMS 0x000000008ce00000, 0x000000008cd00000| Updating 
| 206|0x000000008ce00000, 0x000000008cf00000, 0x000000008cf00000|100%| O|  |TAMS 0x000000008cf00000, 0x000000008ce00000| Updating 
| 207|0x000000008cf00000, 0x000000008d000000, 0x000000008d000000|100%| O|  |TAMS 0x000000008d000000, 0x000000008cf00000| Updating 
| 208|0x000000008d000000, 0x000000008d100000, 0x000000008d100000|100%| O|  |TAMS 0x000000008d100000, 0x000000008d000000| Updating 
| 209|0x000000008d100000, 0x000000008d200000, 0x000000008d200000|100%| O|  |TAMS 0x000000008d200000, 0x000000008d100000| Updating 
| 210|0x000000008d200000, 0x000000008d300000, 0x000000008d300000|100%| O|  |TAMS 0x000000008d300000, 0x000000008d200000| Updating 
| 211|0x000000008d300000, 0x000000008d400000, 0x000000008d400000|100%| O|  |TAMS 0x000000008d400000, 0x000000008d300000| Updating 
| 212|0x000000008d400000, 0x000000008d500000, 0x000000008d500000|100%| O|  |TAMS 0x000000008d500000, 0x000000008d400000| Updating 
| 213|0x000000008d500000, 0x000000008d600000, 0x000000008d600000|100%| O|  |TAMS 0x000000008d600000, 0x000000008d500000| Updating 
| 214|0x000000008d600000, 0x000000008d700000, 0x000000008d700000|100%| O|  |TAMS 0x000000008d700000, 0x000000008d600000| Updating 
| 215|0x000000008d700000, 0x000000008d800000, 0x000000008d800000|100%| O|  |TAMS 0x000000008d800000, 0x000000008d700000| Updating 
| 216|0x000000008d800000, 0x000000008d900000, 0x000000008d900000|100%| O|  |TAMS 0x000000008d900000, 0x000000008d800000| Updating 
| 217|0x000000008d900000, 0x000000008da00000, 0x000000008da00000|100%| O|  |TAMS 0x000000008da00000, 0x000000008d900000| Updating 
| 218|0x000000008da00000, 0x000000008db00000, 0x000000008db00000|100%| O|  |TAMS 0x000000008db00000, 0x000000008da00000| Updating 
| 219|0x000000008db00000, 0x000000008dc00000, 0x000000008dc00000|100%| O|  |TAMS 0x000000008dbb4e00, 0x000000008db00000| Updating 
| 220|0x000000008dc00000, 0x000000008dd00000, 0x000000008dd00000|100%| O|  |TAMS 0x000000008dc00000, 0x000000008dc00000| Untracked 
| 221|0x000000008dd00000, 0x000000008de00000, 0x000000008de00000|100%| O|  |TAMS 0x000000008dd00000, 0x000000008dd00000| Untracked 
| 222|0x000000008de00000, 0x000000008df00000, 0x000000008df00000|100%| O|  |TAMS 0x000000008de00000, 0x000000008de00000| Untracked 
| 223|0x000000008df00000, 0x000000008e000000, 0x000000008e000000|100%| O|  |TAMS 0x000000008df00000, 0x000000008df00000| Untracked 
| 224|0x000000008e000000, 0x000000008e100000, 0x000000008e100000|100%| O|  |TAMS 0x000000008e000000, 0x000000008e000000| Untracked 
| 225|0x000000008e100000, 0x000000008e200000, 0x000000008e200000|100%| O|  |TAMS 0x000000008e100000, 0x000000008e100000| Untracked 
| 226|0x000000008e200000, 0x000000008e300000, 0x000000008e300000|100%| O|  |TAMS 0x000000008e200000, 0x000000008e200000| Untracked 
| 227|0x000000008e300000, 0x000000008e400000, 0x000000008e400000|100%| O|  |TAMS 0x000000008e300000, 0x000000008e300000| Untracked 
| 228|0x000000008e400000, 0x000000008e500000, 0x000000008e500000|100%| O|  |TAMS 0x000000008e400000, 0x000000008e400000| Untracked 
| 229|0x000000008e500000, 0x000000008e600000, 0x000000008e600000|100%| O|  |TAMS 0x000000008e500000, 0x000000008e500000| Untracked 
| 230|0x000000008e600000, 0x000000008e700000, 0x000000008e700000|100%| O|  |TAMS 0x000000008e600000, 0x000000008e600000| Untracked 
| 231|0x000000008e700000, 0x000000008e800000, 0x000000008e800000|100%| O|  |TAMS 0x000000008e700000, 0x000000008e700000| Untracked 
| 232|0x000000008e800000, 0x000000008e900000, 0x000000008e900000|100%| O|  |TAMS 0x000000008e800000, 0x000000008e800000| Untracked 
| 233|0x000000008e900000, 0x000000008ea00000, 0x000000008ea00000|100%| O|  |TAMS 0x000000008e900000, 0x000000008e900000| Untracked 
| 234|0x000000008ea00000, 0x000000008eb00000, 0x000000008eb00000|100%| O|  |TAMS 0x000000008ea00000, 0x000000008ea00000| Untracked 
| 235|0x000000008eb00000, 0x000000008ec00000, 0x000000008ec00000|100%| O|  |TAMS 0x000000008eb00000, 0x000000008eb00000| Updating 
| 236|0x000000008ec00000, 0x000000008ed00000, 0x000000008ed00000|100%| O|  |TAMS 0x000000008ec00000, 0x000000008ec00000| Untracked 
| 237|0x000000008ed00000, 0x000000008ee00000, 0x000000008ee00000|100%| O|  |TAMS 0x000000008ed00000, 0x000000008ed00000| Untracked 
| 238|0x000000008ee00000, 0x000000008ef00000, 0x000000008ef00000|100%| O|  |TAMS 0x000000008ee00000, 0x000000008ee00000| Untracked 
| 239|0x000000008ef00000, 0x000000008f000000, 0x000000008f000000|100%| O|  |TAMS 0x000000008ef00000, 0x000000008ef00000| Untracked 
| 240|0x000000008f000000, 0x000000008f100000, 0x000000008f100000|100%| O|  |TAMS 0x000000008f000000, 0x000000008f000000| Untracked 
| 241|0x000000008f100000, 0x000000008f200000, 0x000000008f200000|100%| O|  |TAMS 0x000000008f100000, 0x000000008f100000| Untracked 
| 242|0x000000008f200000, 0x000000008f300000, 0x000000008f300000|100%| O|  |TAMS 0x000000008f200000, 0x000000008f200000| Untracked 
| 243|0x000000008f300000, 0x000000008f400000, 0x000000008f400000|100%| O|  |TAMS 0x000000008f300000, 0x000000008f300000| Untracked 
| 244|0x000000008f400000, 0x000000008f500000, 0x000000008f500000|100%| O|  |TAMS 0x000000008f400000, 0x000000008f400000| Untracked 
| 245|0x000000008f500000, 0x000000008f600000, 0x000000008f600000|100%| O|  |TAMS 0x000000008f500000, 0x000000008f500000| Untracked 
| 246|0x000000008f600000, 0x000000008f700000, 0x000000008f700000|100%| O|  |TAMS 0x000000008f600000, 0x000000008f600000| Untracked 
| 247|0x000000008f700000, 0x000000008f800000, 0x000000008f800000|100%| O|  |TAMS 0x000000008f700000, 0x000000008f700000| Untracked 
| 248|0x000000008f800000, 0x000000008f800000, 0x000000008f900000|  0%| F|  |TAMS 0x000000008f800000, 0x000000008f800000| Untracked 
| 249|0x000000008f900000, 0x000000008f900000, 0x000000008fa00000|  0%| F|  |TAMS 0x000000008f900000, 0x000000008f900000| Untracked 
| 250|0x000000008fa00000, 0x000000008fa00000, 0x000000008fb00000|  0%| F|  |TAMS 0x000000008fa00000, 0x000000008fa00000| Untracked 
| 251|0x000000008fb00000, 0x000000008fb00000, 0x000000008fc00000|  0%| F|  |TAMS 0x000000008fb00000, 0x000000008fb00000| Untracked 
| 252|0x000000008fc00000, 0x000000008fc00000, 0x000000008fd00000|  0%| F|  |TAMS 0x000000008fc00000, 0x000000008fc00000| Untracked 
| 253|0x000000008fd00000, 0x000000008fd00000, 0x000000008fe00000|  0%| F|  |TAMS 0x000000008fd00000, 0x000000008fd00000| Untracked 
| 254|0x000000008fe00000, 0x000000008fe00000, 0x000000008ff00000|  0%| F|  |TAMS 0x000000008fe00000, 0x000000008fe00000| Untracked 
| 255|0x000000008ff00000, 0x000000008ff00000, 0x0000000090000000|  0%| F|  |TAMS 0x000000008ff00000, 0x000000008ff00000| Untracked 
| 256|0x0000000090000000, 0x0000000090100000, 0x0000000090100000|100%| O|  |TAMS 0x0000000090100000, 0x0000000090000000| Updating 
| 257|0x0000000090100000, 0x0000000090200000, 0x0000000090200000|100%| O|  |TAMS 0x0000000090200000, 0x0000000090100000| Updating 
| 258|0x0000000090200000, 0x0000000090300000, 0x0000000090300000|100%| O|  |TAMS 0x0000000090300000, 0x0000000090200000| Updating 
| 259|0x0000000090300000, 0x0000000090400000, 0x0000000090400000|100%| O|  |TAMS 0x0000000090400000, 0x0000000090300000| Updating 
| 260|0x0000000090400000, 0x0000000090500000, 0x0000000090500000|100%| O|  |TAMS 0x0000000090500000, 0x0000000090400000| Updating 
| 261|0x0000000090500000, 0x0000000090600000, 0x0000000090600000|100%| O|  |TAMS 0x0000000090600000, 0x0000000090500000| Updating 
| 262|0x0000000090600000, 0x0000000090700000, 0x0000000090700000|100%| O|  |TAMS 0x0000000090700000, 0x0000000090600000| Updating 
| 263|0x0000000090700000, 0x0000000090800000, 0x0000000090800000|100%| O|  |TAMS 0x0000000090800000, 0x0000000090700000| Updating 
| 264|0x0000000090800000, 0x0000000090900000, 0x0000000090900000|100%| O|  |TAMS 0x0000000090900000, 0x0000000090800000| Updating 
| 265|0x0000000090900000, 0x0000000090900000, 0x0000000090a00000|  0%| F|  |TAMS 0x0000000090900000, 0x0000000090900000| Untracked 
| 266|0x0000000090a00000, 0x0000000090a00000, 0x0000000090b00000|  0%| F|  |TAMS 0x0000000090a00000, 0x0000000090a00000| Untracked 
| 267|0x0000000090b00000, 0x0000000090c00000, 0x0000000090c00000|100%| O|  |TAMS 0x0000000090c00000, 0x0000000090b00000| Updating 
| 268|0x0000000090c00000, 0x0000000090c00000, 0x0000000090d00000|  0%| F|  |TAMS 0x0000000090c00000, 0x0000000090c00000| Untracked 
| 269|0x0000000090d00000, 0x0000000090e00000, 0x0000000090e00000|100%| O|  |TAMS 0x0000000090e00000, 0x0000000090d00000| Updating 
| 270|0x0000000090e00000, 0x0000000090e00000, 0x0000000090f00000|  0%| F|  |TAMS 0x0000000090e00000, 0x0000000090e00000| Untracked 
| 271|0x0000000090f00000, 0x0000000091000000, 0x0000000091000000|100%| O|  |TAMS 0x0000000091000000, 0x0000000090f00000| Updating 
| 272|0x0000000091000000, 0x0000000091000000, 0x0000000091100000|  0%| F|  |TAMS 0x0000000091000000, 0x0000000091000000| Untracked 
| 273|0x0000000091100000, 0x0000000091200000, 0x0000000091200000|100%| O|  |TAMS 0x0000000091200000, 0x0000000091100000| Updating 
| 274|0x0000000091200000, 0x0000000091300000, 0x0000000091300000|100%| O|  |TAMS 0x0000000091300000, 0x0000000091200000| Updating 
| 275|0x0000000091300000, 0x0000000091400000, 0x0000000091400000|100%| O|  |TAMS 0x0000000091400000, 0x0000000091300000| Updating 
| 276|0x0000000091400000, 0x0000000091500000, 0x0000000091500000|100%| O|  |TAMS 0x0000000091500000, 0x0000000091400000| Updating 
| 277|0x0000000091500000, 0x0000000091600000, 0x0000000091600000|100%| O|  |TAMS 0x0000000091600000, 0x0000000091500000| Updating 
| 278|0x0000000091600000, 0x0000000091700000, 0x0000000091700000|100%| O|  |TAMS 0x0000000091700000, 0x0000000091600000| Updating 
| 279|0x0000000091700000, 0x0000000091800000, 0x0000000091800000|100%| O|  |TAMS 0x0000000091800000, 0x0000000091700000| Updating 
| 280|0x0000000091800000, 0x0000000091900000, 0x0000000091900000|100%| O|  |TAMS 0x0000000091900000, 0x0000000091800000| Updating 
| 281|0x0000000091900000, 0x0000000091a00000, 0x0000000091a00000|100%| O|  |TAMS 0x0000000091a00000, 0x0000000091900000| Updating 
| 282|0x0000000091a00000, 0x0000000091b00000, 0x0000000091b00000|100%| O|  |TAMS 0x0000000091b00000, 0x0000000091a00000| Updating 
| 283|0x0000000091b00000, 0x0000000091c00000, 0x0000000091c00000|100%| O|  |TAMS 0x0000000091c00000, 0x0000000091b00000| Updating 
| 284|0x0000000091c00000, 0x0000000091d00000, 0x0000000091d00000|100%| O|  |TAMS 0x0000000091d00000, 0x0000000091c00000| Updating 
| 285|0x0000000091d00000, 0x0000000091e00000, 0x0000000091e00000|100%| O|  |TAMS 0x0000000091e00000, 0x0000000091d00000| Updating 
| 286|0x0000000091e00000, 0x0000000091f00000, 0x0000000091f00000|100%| O|  |TAMS 0x0000000091f00000, 0x0000000091e00000| Updating 
| 287|0x0000000091f00000, 0x0000000092000000, 0x0000000092000000|100%| O|  |TAMS 0x0000000092000000, 0x0000000091f00000| Updating 
| 288|0x0000000092000000, 0x0000000092100000, 0x0000000092100000|100%| O|  |TAMS 0x0000000092100000, 0x0000000092000000| Updating 
| 289|0x0000000092100000, 0x0000000092200000, 0x0000000092200000|100%| O|  |TAMS 0x0000000092200000, 0x0000000092100000| Updating 
| 290|0x0000000092200000, 0x0000000092300000, 0x0000000092300000|100%| O|  |TAMS 0x0000000092300000, 0x0000000092200000| Updating 
| 291|0x0000000092300000, 0x0000000092400000, 0x0000000092400000|100%| O|  |TAMS 0x0000000092400000, 0x0000000092300000| Updating 
| 292|0x0000000092400000, 0x0000000092500000, 0x0000000092500000|100%| O|  |TAMS 0x0000000092500000, 0x0000000092400000| Updating 
| 293|0x0000000092500000, 0x0000000092600000, 0x0000000092600000|100%| O|  |TAMS 0x0000000092600000, 0x0000000092500000| Updating 
| 294|0x0000000092600000, 0x0000000092600000, 0x0000000092700000|  0%| F|  |TAMS 0x0000000092600000, 0x0000000092600000| Untracked 
| 295|0x0000000092700000, 0x0000000092700000, 0x0000000092800000|  0%| F|  |TAMS 0x0000000092700000, 0x0000000092700000| Untracked 
| 296|0x0000000092800000, 0x0000000092800000, 0x0000000092900000|  0%| F|  |TAMS 0x0000000092800000, 0x0000000092800000| Untracked 
| 297|0x0000000092900000, 0x0000000092900000, 0x0000000092a00000|  0%| F|  |TAMS 0x0000000092900000, 0x0000000092900000| Untracked 
| 298|0x0000000092a00000, 0x0000000092a00000, 0x0000000092b00000|  0%| F|  |TAMS 0x0000000092a00000, 0x0000000092a00000| Untracked 
| 299|0x0000000092b00000, 0x0000000092b00000, 0x0000000092c00000|  0%| F|  |TAMS 0x0000000092b00000, 0x0000000092b00000| Untracked 
| 300|0x0000000092c00000, 0x0000000092c00000, 0x0000000092d00000|  0%| F|  |TAMS 0x0000000092c00000, 0x0000000092c00000| Untracked 
| 301|0x0000000092d00000, 0x0000000092d00000, 0x0000000092e00000|  0%| F|  |TAMS 0x0000000092d00000, 0x0000000092d00000| Untracked 
| 302|0x0000000092e00000, 0x0000000092e00000, 0x0000000092f00000|  0%| F|  |TAMS 0x0000000092e00000, 0x0000000092e00000| Untracked 
| 303|0x0000000092f00000, 0x0000000092f00000, 0x0000000093000000|  0%| F|  |TAMS 0x0000000092f00000, 0x0000000092f00000| Untracked 
| 304|0x0000000093000000, 0x0000000093000000, 0x0000000093100000|  0%| F|  |TAMS 0x0000000093000000, 0x0000000093000000| Untracked 
| 305|0x0000000093100000, 0x0000000093100000, 0x0000000093200000|  0%| F|  |TAMS 0x0000000093100000, 0x0000000093100000| Untracked 
| 306|0x0000000093200000, 0x0000000093200000, 0x0000000093300000|  0%| F|  |TAMS 0x0000000093200000, 0x0000000093200000| Untracked 
| 307|0x0000000093300000, 0x0000000093300000, 0x0000000093400000|  0%| F|  |TAMS 0x0000000093300000, 0x0000000093300000| Untracked 
| 308|0x0000000093400000, 0x0000000093400000, 0x0000000093500000|  0%| F|  |TAMS 0x0000000093400000, 0x0000000093400000| Untracked 
| 309|0x0000000093500000, 0x0000000093500000, 0x0000000093600000|  0%| F|  |TAMS 0x0000000093500000, 0x0000000093500000| Untracked 
| 310|0x0000000093600000, 0x0000000093600000, 0x0000000093700000|  0%| F|  |TAMS 0x0000000093600000, 0x0000000093600000| Untracked 
| 311|0x0000000093700000, 0x0000000093700000, 0x0000000093800000|  0%| F|  |TAMS 0x0000000093700000, 0x0000000093700000| Untracked 
| 312|0x0000000093800000, 0x0000000093800000, 0x0000000093900000|  0%| F|  |TAMS 0x0000000093800000, 0x0000000093800000| Untracked 
| 313|0x0000000093900000, 0x0000000093900000, 0x0000000093a00000|  0%| F|  |TAMS 0x0000000093900000, 0x0000000093900000| Untracked 
| 314|0x0000000093a00000, 0x0000000093a00000, 0x0000000093b00000|  0%| F|  |TAMS 0x0000000093a00000, 0x0000000093a00000| Untracked 
| 315|0x0000000093b00000, 0x0000000093b00000, 0x0000000093c00000|  0%| F|  |TAMS 0x0000000093b00000, 0x0000000093b00000| Untracked 
| 316|0x0000000093c00000, 0x0000000093c00000, 0x0000000093d00000|  0%| F|  |TAMS 0x0000000093c00000, 0x0000000093c00000| Untracked 
| 317|0x0000000093d00000, 0x0000000093d00000, 0x0000000093e00000|  0%| F|  |TAMS 0x0000000093d00000, 0x0000000093d00000| Untracked 
| 318|0x0000000093e00000, 0x0000000093e00000, 0x0000000093f00000|  0%| F|  |TAMS 0x0000000093e00000, 0x0000000093e00000| Untracked 
| 319|0x0000000093f00000, 0x0000000093f00000, 0x0000000094000000|  0%| F|  |TAMS 0x0000000093f00000, 0x0000000093f00000| Untracked 
| 320|0x0000000094000000, 0x0000000094000000, 0x0000000094100000|  0%| F|  |TAMS 0x0000000094000000, 0x0000000094000000| Untracked 
| 321|0x0000000094100000, 0x0000000094100000, 0x0000000094200000|  0%| F|  |TAMS 0x0000000094100000, 0x0000000094100000| Untracked 
| 322|0x0000000094200000, 0x0000000094200000, 0x0000000094300000|  0%| F|  |TAMS 0x0000000094200000, 0x0000000094200000| Untracked 
| 323|0x0000000094300000, 0x0000000094300000, 0x0000000094400000|  0%| F|  |TAMS 0x0000000094300000, 0x0000000094300000| Untracked 
| 324|0x0000000094400000, 0x0000000094400000, 0x0000000094500000|  0%| F|  |TAMS 0x0000000094400000, 0x0000000094400000| Untracked 
| 325|0x0000000094500000, 0x0000000094500000, 0x0000000094600000|  0%| F|  |TAMS 0x0000000094500000, 0x0000000094500000| Untracked 
| 326|0x0000000094600000, 0x0000000094600000, 0x0000000094700000|  0%| F|  |TAMS 0x0000000094600000, 0x0000000094600000| Untracked 
| 327|0x0000000094700000, 0x0000000094700000, 0x0000000094800000|  0%| F|  |TAMS 0x0000000094700000, 0x0000000094700000| Untracked 
| 328|0x0000000094800000, 0x0000000094800000, 0x0000000094900000|  0%| F|  |TAMS 0x0000000094800000, 0x0000000094800000| Untracked 
| 329|0x0000000094900000, 0x0000000094900000, 0x0000000094a00000|  0%| F|  |TAMS 0x0000000094900000, 0x0000000094900000| Untracked 
| 330|0x0000000094a00000, 0x0000000094a00000, 0x0000000094b00000|  0%| F|  |TAMS 0x0000000094a00000, 0x0000000094a00000| Untracked 
| 331|0x0000000094b00000, 0x0000000094c00000, 0x0000000094c00000|100%| S|CS|TAMS 0x0000000094b00000, 0x0000000094b00000| Complete 
| 332|0x0000000094c00000, 0x0000000094d00000, 0x0000000094d00000|100%| S|CS|TAMS 0x0000000094c00000, 0x0000000094c00000| Complete 
| 333|0x0000000094d00000, 0x0000000094e00000, 0x0000000094e00000|100%| S|CS|TAMS 0x0000000094d00000, 0x0000000094d00000| Complete 
| 334|0x0000000094e00000, 0x0000000094e00000, 0x0000000094f00000|  0%| F|  |TAMS 0x0000000094e00000, 0x0000000094e00000| Untracked 
| 335|0x0000000094f00000, 0x0000000094f00000, 0x0000000095000000|  0%| F|  |TAMS 0x0000000094f00000, 0x0000000094f00000| Untracked 
| 336|0x0000000095000000, 0x0000000095000000, 0x0000000095100000|  0%| F|  |TAMS 0x0000000095000000, 0x0000000095000000| Untracked 
| 337|0x0000000095100000, 0x0000000095100000, 0x0000000095200000|  0%| F|  |TAMS 0x0000000095100000, 0x0000000095100000| Untracked 
| 338|0x0000000095200000, 0x0000000095200000, 0x0000000095300000|  0%| F|  |TAMS 0x0000000095200000, 0x0000000095200000| Untracked 
| 339|0x0000000095300000, 0x0000000095300000, 0x0000000095400000|  0%| F|  |TAMS 0x0000000095300000, 0x0000000095300000| Untracked 
| 340|0x0000000095400000, 0x0000000095400000, 0x0000000095500000|  0%| F|  |TAMS 0x0000000095400000, 0x0000000095400000| Untracked 
| 341|0x0000000095500000, 0x0000000095500000, 0x0000000095600000|  0%| F|  |TAMS 0x0000000095500000, 0x0000000095500000| Untracked 
| 342|0x0000000095600000, 0x0000000095600000, 0x0000000095700000|  0%| F|  |TAMS 0x0000000095600000, 0x0000000095600000| Untracked 
| 343|0x0000000095700000, 0x0000000095700000, 0x0000000095800000|  0%| F|  |TAMS 0x0000000095700000, 0x0000000095700000| Untracked 
| 344|0x0000000095800000, 0x0000000095800000, 0x0000000095900000|  0%| F|  |TAMS 0x0000000095800000, 0x0000000095800000| Untracked 
| 345|0x0000000095900000, 0x0000000095900000, 0x0000000095a00000|  0%| F|  |TAMS 0x0000000095900000, 0x0000000095900000| Untracked 
| 346|0x0000000095a00000, 0x0000000095a00000, 0x0000000095b00000|  0%| F|  |TAMS 0x0000000095a00000, 0x0000000095a00000| Untracked 
| 347|0x0000000095b00000, 0x0000000095b00000, 0x0000000095c00000|  0%| F|  |TAMS 0x0000000095b00000, 0x0000000095b00000| Untracked 
| 348|0x0000000095c00000, 0x0000000095c00000, 0x0000000095d00000|  0%| F|  |TAMS 0x0000000095c00000, 0x0000000095c00000| Untracked 
| 349|0x0000000095d00000, 0x0000000095d00000, 0x0000000095e00000|  0%| F|  |TAMS 0x0000000095d00000, 0x0000000095d00000| Untracked 
| 350|0x0000000095e00000, 0x0000000095e00000, 0x0000000095f00000|  0%| F|  |TAMS 0x0000000095e00000, 0x0000000095e00000| Untracked 
| 351|0x0000000095f00000, 0x0000000095f00000, 0x0000000096000000|  0%| F|  |TAMS 0x0000000095f00000, 0x0000000095f00000| Untracked 
| 352|0x0000000096000000, 0x0000000096000000, 0x0000000096100000|  0%| F|  |TAMS 0x0000000096000000, 0x0000000096000000| Untracked 

Card table byte_map: [0x000001c62f210000,0x000001c62f610000] _byte_map_base: 0x000001c62ee10000

Marking Bits (Prev, Next): (CMBitMap*) 0x000001c61c250dc0, (CMBitMap*) 0x000001c61c250d88
 Prev Bits: [0x000001c631a10000, 0x000001c633a10000)
 Next Bits: [0x000001c62fa10000, 0x000001c631a10000)

Polling page: 0x000001c61a180000

Metaspace:

Usage:
  Non-class:     79.04 MB capacity,    77.66 MB ( 98%) used,     1.13 MB (  1%) free+waste,   258.38 KB ( <1%) overhead. 
      Class:     12.42 MB capacity,    11.61 MB ( 93%) used,   718.45 KB (  6%) free+waste,   115.94 KB ( <1%) overhead. 
       Both:     91.46 MB capacity,    89.27 MB ( 98%) used,     1.83 MB (  2%) free+waste,   374.31 KB ( <1%) overhead. 

Virtual space:
  Non-class space:       80.00 MB reserved,      79.25 MB (>99%) committed 
      Class space:        1.00 GB reserved,      12.45 MB (  1%) committed 
             Both:        1.08 GB reserved,      91.70 MB (  8%) committed 

Chunk freelists:
   Non-Class:  23.00 KB
       Class:  17.00 KB
        Both:  40.00 KB

MaxMetaspaceSize: 17179869184.00 GB
CompressedClassSpaceSize: 1.00 GB

CodeHeap 'non-profiled nmethods': size=120064Kb used=7070Kb max_used=7070Kb free=112993Kb
 bounds [0x000001c6277c0000, 0x000001c627eb0000, 0x000001c62ed00000]
CodeHeap 'profiled nmethods': size=120000Kb used=24785Kb max_used=24785Kb free=95214Kb
 bounds [0x000001c620290000, 0x000001c621ad0000, 0x000001c6277c0000]
CodeHeap 'non-nmethods': size=5696Kb used=2307Kb max_used=2363Kb free=3389Kb
 bounds [0x000001c61fd00000, 0x000001c61ff70000, 0x000001c620290000]
 total_blobs=12660 nmethods=11762 adapters=809
 compilation: enabled
              stopped_count=0, restarted_count=0
 full_count=0

Compilation events (20 events):
Event: 13.001 Thread 0x000001c676b2c800 11920       2       com.android.tools.r8.code.v2::<init> (7 bytes)
Event: 13.002 Thread 0x000001c676b2c800 nmethod 11920 0x000001c621ac0c10 code [0x000001c621ac0dc0, 0x000001c621ac0f38]
Event: 13.004 Thread 0x000001c676b2c800 11921       2       com.android.tools.r8.graph.E1::<init> (41 bytes)
Event: 13.005 Thread 0x000001c676b2c800 nmethod 11921 0x000001c621ac1090 code [0x000001c621ac1240, 0x000001c621ac1398]
Event: 13.005 Thread 0x000001c676b2c800 11922       2       com.android.tools.r8.code.N0::<init> (34 bytes)
Event: 13.005 Thread 0x000001c676b2c800 nmethod 11922 0x000001c621ac1410 code [0x000001c621ac15e0, 0x000001c621ac17c8]
Event: 13.005 Thread 0x000001c676b2c800 11923       2       com.android.tools.r8.code.N0::hashCode (28 bytes)
Event: 13.005 Thread 0x000001c676b2c800 nmethod 11923 0x000001c621ac1990 code [0x000001c621ac1b40, 0x000001c621ac1ca8]
Event: 13.005 Thread 0x000001c676b2c800 11924       2       com.android.tools.r8.graph.t0$d::l (2 bytes)
Event: 13.005 Thread 0x000001c676b2c800 nmethod 11924 0x000001c621ac1d90 code [0x000001c621ac1f40, 0x000001c621ac2038]
Event: 13.006 Thread 0x000001c676b2c800 11925       2       com.android.tools.r8.code.u::<init> (7 bytes)
Event: 13.006 Thread 0x000001c676b2c800 nmethod 11925 0x000001c621ac2110 code [0x000001c621ac22e0, 0x000001c621ac2538]
Event: 13.022 Thread 0x000001c676b2c800 11928       2       com.android.tools.r8.code.P3::<init> (7 bytes)
Event: 13.022 Thread 0x000001c676b2c800 nmethod 11928 0x000001c621ac2710 code [0x000001c621ac28c0, 0x000001c621ac2a38]
Event: 13.022 Thread 0x000001c676b2c800 11929   !   2       com.android.tools.r8.graph.q0::g (24 bytes)
Event: 13.023 Thread 0x000001c676b2c800 nmethod 11929 0x000001c621ac2b90 code [0x000001c621ac2d80, 0x000001c621ac30d8]
Event: 13.024 Thread 0x000001c676b2c800 11930       2       com.android.tools.r8.dex.n::a (71 bytes)
Event: 13.024 Thread 0x000001c676b2c800 nmethod 11930 0x000001c621ac3310 code [0x000001c621ac35c0, 0x000001c621ac3f38]
Event: 13.032 Thread 0x000001c676b27800 nmethod 11889 0x000001c627ea5810 code [0x000001c627ea5a40, 0x000001c627ea6cc8]
Event: 13.032 Thread 0x000001c676b27800 11926       4       com.android.tools.r8.dex.n::e (654 bytes)

GC Heap History (20 events):
Event: 12.072 GC heap after
{Heap after GC invocations=21 (full 0):
 garbage-first heap   total 301056K, used 195984K [0x0000000080000000, 0x0000000100000000)
  region size 1024K, 10 young (10240K), 10 survivors (10240K)
 Metaspace       used 89398K, capacity 91591K, committed 91724K, reserved 1128448K
  class space    used 11534K, capacity 12334K, committed 12364K, reserved 1048576K
}
Event: 12.078 GC heap before
{Heap before GC invocations=21 (full 0):
 garbage-first heap   total 301056K, used 198032K [0x0000000080000000, 0x0000000100000000)
  region size 1024K, 13 young (13312K), 10 survivors (10240K)
 Metaspace       used 89398K, capacity 91591K, committed 91724K, reserved 1128448K
  class space    used 11534K, capacity 12334K, committed 12364K, reserved 1048576K
}
Event: 12.086 GC heap after
{Heap after GC invocations=22 (full 0):
 garbage-first heap   total 301056K, used 198990K [0x0000000080000000, 0x0000000100000000)
  region size 1024K, 2 young (2048K), 2 survivors (2048K)
 Metaspace       used 89398K, capacity 91591K, committed 91724K, reserved 1128448K
  class space    used 11534K, capacity 12334K, committed 12364K, reserved 1048576K
}
Event: 12.255 GC heap before
{Heap before GC invocations=23 (full 0):
 garbage-first heap   total 301056K, used 230734K [0x0000000080000000, 0x0000000100000000)
  region size 1024K, 32 young (32768K), 2 survivors (2048K)
 Metaspace       used 89396K, capacity 91585K, committed 91724K, reserved 1128448K
  class space    used 11534K, capacity 12333K, committed 12364K, reserved 1048576K
}
Event: 12.272 GC heap after
{Heap after GC invocations=24 (full 0):
 garbage-first heap   total 301056K, used 213808K [0x0000000080000000, 0x0000000100000000)
  region size 1024K, 4 young (4096K), 4 survivors (4096K)
 Metaspace       used 89396K, capacity 91585K, committed 91724K, reserved 1128448K
  class space    used 11534K, capacity 12333K, committed 12364K, reserved 1048576K
}
Event: 12.297 GC heap before
{Heap before GC invocations=24 (full 0):
 garbage-first heap   total 301056K, used 218928K [0x0000000080000000, 0x0000000100000000)
  region size 1024K, 10 young (10240K), 4 survivors (4096K)
 Metaspace       used 89411K, capacity 91586K, committed 91724K, reserved 1128448K
  class space    used 11534K, capacity 12333K, committed 12364K, reserved 1048576K
}
Event: 12.308 GC heap after
{Heap after GC invocations=25 (full 0):
 garbage-first heap   total 301056K, used 216869K [0x0000000080000000, 0x0000000100000000)
  region size 1024K, 3 young (3072K), 3 survivors (3072K)
 Metaspace       used 89411K, capacity 91586K, committed 91724K, reserved 1128448K
  class space    used 11534K, capacity 12333K, committed 12364K, reserved 1048576K
}
Event: 12.434 GC heap before
{Heap before GC invocations=25 (full 0):
 garbage-first heap   total 301056K, used 241445K [0x0000000080000000, 0x0000000100000000)
  region size 1024K, 23 young (23552K), 3 survivors (3072K)
 Metaspace       used 89438K, capacity 91650K, committed 91724K, reserved 1128448K
  class space    used 11534K, capacity 12333K, committed 12364K, reserved 1048576K
}
Event: 12.448 GC heap after
{Heap after GC invocations=26 (full 0):
 garbage-first heap   total 301056K, used 227678K [0x0000000080000000, 0x0000000100000000)
  region size 1024K, 3 young (3072K), 3 survivors (3072K)
 Metaspace       used 89438K, capacity 91650K, committed 91724K, reserved 1128448K
  class space    used 11534K, capacity 12333K, committed 12364K, reserved 1048576K
}
Event: 12.495 GC heap before
{Heap before GC invocations=27 (full 0):
 garbage-first heap   total 301056K, used 234846K [0x0000000080000000, 0x0000000100000000)
  region size 1024K, 11 young (11264K), 3 survivors (3072K)
 Metaspace       used 89438K, capacity 91650K, committed 91724K, reserved 1128448K
  class space    used 11534K, capacity 12333K, committed 12364K, reserved 1048576K
}
Event: 12.504 GC heap after
{Heap after GC invocations=28 (full 0):
 garbage-first heap   total 301056K, used 230869K [0x0000000080000000, 0x0000000100000000)
  region size 1024K, 3 young (3072K), 3 survivors (3072K)
 Metaspace       used 89438K, capacity 91650K, committed 91724K, reserved 1128448K
  class space    used 11534K, capacity 12333K, committed 12364K, reserved 1048576K
}
Event: 12.565 GC heap before
{Heap before GC invocations=28 (full 0):
 garbage-first heap   total 301056K, used 246229K [0x0000000080000000, 0x0000000100000000)
  region size 1024K, 18 young (18432K), 3 survivors (3072K)
 Metaspace       used 89438K, capacity 91650K, committed 91724K, reserved 1128448K
  class space    used 11534K, capacity 12333K, committed 12364K, reserved 1048576K
}
Event: 12.577 GC heap after
{Heap after GC invocations=29 (full 0):
 garbage-first heap   total 361472K, used 238045K [0x0000000080000000, 0x0000000100000000)
  region size 1024K, 3 young (3072K), 3 survivors (3072K)
 Metaspace       used 89438K, capacity 91650K, committed 91724K, reserved 1128448K
  class space    used 11534K, capacity 12333K, committed 12364K, reserved 1048576K
}
Event: 12.723 GC heap before
{Heap before GC invocations=30 (full 0):
 garbage-first heap   total 361472K, used 267741K [0x0000000080000000, 0x0000000100000000)
  region size 1024K, 35 young (35840K), 3 survivors (3072K)
 Metaspace       used 90459K, capacity 92692K, committed 92748K, reserved 1130496K
  class space    used 11766K, capacity 12575K, committed 12620K, reserved 1048576K
}
Event: 12.743 GC heap after
{Heap after GC invocations=31 (full 0):
 garbage-first heap   total 361472K, used 247743K [0x0000000080000000, 0x0000000100000000)
  region size 1024K, 5 young (5120K), 5 survivors (5120K)
 Metaspace       used 90459K, capacity 92692K, committed 92748K, reserved 1130496K
  class space    used 11766K, capacity 12575K, committed 12620K, reserved 1048576K
}
Event: 12.863 GC heap before
{Heap before GC invocations=31 (full 0):
 garbage-first heap   total 361472K, used 279487K [0x0000000080000000, 0x0000000100000000)
  region size 1024K, 36 young (36864K), 5 survivors (5120K)
 Metaspace       used 91348K, capacity 93585K, committed 93644K, reserved 1130496K
  class space    used 11884K, capacity 12719K, committed 12748K, reserved 1048576K
}
Event: 12.881 GC heap after
{Heap after GC invocations=32 (full 0):
 garbage-first heap   total 361472K, used 263891K [0x0000000080000000, 0x0000000100000000)
  region size 1024K, 5 young (5120K), 5 survivors (5120K)
 Metaspace       used 91348K, capacity 93585K, committed 93644K, reserved 1130496K
  class space    used 11884K, capacity 12719K, committed 12748K, reserved 1048576K
}
Event: 12.984 GC heap before
{Heap before GC invocations=32 (full 0):
 garbage-first heap   total 361472K, used 289491K [0x0000000080000000, 0x0000000100000000)
  region size 1024K, 30 young (30720K), 5 survivors (5120K)
 Metaspace       used 91402K, capacity 93655K, committed 93900K, reserved 1130496K
  class space    used 11884K, capacity 12719K, committed 12748K, reserved 1048576K
}
Event: 12.997 GC heap after
{Heap after GC invocations=33 (full 0):
 garbage-first heap   total 361472K, used 278969K [0x0000000080000000, 0x0000000100000000)
  region size 1024K, 4 young (4096K), 4 survivors (4096K)
 Metaspace       used 91402K, capacity 93655K, committed 93900K, reserved 1130496K
  class space    used 11884K, capacity 12719K, committed 12748K, reserved 1048576K
}
Event: 13.091 GC heap before
{Heap before GC invocations=33 (full 0):
 garbage-first heap   total 361472K, used 298425K [0x0000000080000000, 0x0000000100000000)
  region size 1024K, 23 young (23552K), 4 survivors (4096K)
 Metaspace       used 91410K, capacity 93656K, committed 93900K, reserved 1130496K
  class space    used 11884K, capacity 12719K, committed 12748K, reserved 1048576K
}

Deoptimization events (20 events):
Event: 12.954 Thread 0x000001c677de7000 Uncommon trap: reason=profile_predicate action=maybe_recompile pc=0x000001c627ea2290 method=com.android.tools.r8.dex.n$d.a(Lcom/android/tools/r8/graph/j0;)Lcom/android/tools/r8/graph/g0; @ 13 c2
Event: 12.954 Thread 0x000001c677de7000 DEOPT PACKING pc=0x000001c627ea2290 sp=0x0000000105afea80
Event: 12.954 Thread 0x000001c677de7000 DEOPT UNPACKING pc=0x000001c61fd27aaf sp=0x0000000105afea28 mode 2
Event: 12.956 Thread 0x000001c677dec800 DEOPT PACKING pc=0x000001c621a50dbf sp=0x00000001058fe9f0
Event: 12.956 Thread 0x000001c677dec800 DEOPT UNPACKING pc=0x000001c61fd278ce sp=0x00000001058fdf48 mode 0
Event: 12.959 Thread 0x000001c677ded800 Uncommon trap: reason=profile_predicate action=maybe_recompile pc=0x000001c627ea2290 method=com.android.tools.r8.dex.n$d.a(Lcom/android/tools/r8/graph/j0;)Lcom/android/tools/r8/graph/g0; @ 13 c2
Event: 12.959 Thread 0x000001c677ded800 DEOPT PACKING pc=0x000001c627ea2290 sp=0x0000000105dfe7b0
Event: 12.959 Thread 0x000001c677ded800 DEOPT UNPACKING pc=0x000001c61fd27aaf sp=0x0000000105dfe758 mode 2
Event: 12.981 Thread 0x000001c677ded800 DEOPT PACKING pc=0x000001c621a50dbf sp=0x0000000105dfe160
Event: 12.981 Thread 0x000001c677ded800 DEOPT UNPACKING pc=0x000001c61fd278ce sp=0x0000000105dfd6b8 mode 0
Event: 12.983 Thread 0x000001c677df0000 DEOPT PACKING pc=0x000001c621a50dbf sp=0x0000000105bfe6c0
Event: 12.983 Thread 0x000001c677df0000 DEOPT UNPACKING pc=0x000001c61fd278ce sp=0x0000000105bfdc18 mode 0
Event: 13.011 Thread 0x000001c677de7000 DEOPT PACKING pc=0x000001c621a50dbf sp=0x0000000105afe410
Event: 13.011 Thread 0x000001c677de7000 DEOPT UNPACKING pc=0x000001c61fd278ce sp=0x0000000105afd968 mode 0
Event: 13.013 Thread 0x000001c677dec000 DEOPT PACKING pc=0x000001c621a50dbf sp=0x00000001059feb00
Event: 13.013 Thread 0x000001c677dec000 DEOPT UNPACKING pc=0x000001c61fd278ce sp=0x00000001059fe058 mode 0
Event: 13.023 Thread 0x000001c677df0000 DEOPT PACKING pc=0x000001c621a50dbf sp=0x0000000105bfe6c0
Event: 13.023 Thread 0x000001c677df0000 DEOPT UNPACKING pc=0x000001c61fd278ce sp=0x0000000105bfdc18 mode 0
Event: 13.086 Thread 0x000001c677df0000 DEOPT PACKING pc=0x000001c621a50dbf sp=0x0000000105bfe700
Event: 13.086 Thread 0x000001c677df0000 DEOPT UNPACKING pc=0x000001c61fd278ce sp=0x0000000105bfdc58 mode 0

Classes redefined (0 events):
No events

Internal exceptions (20 events):
Event: 10.635 Thread 0x000001c67a6fd000 Implicit null exception at 0x000001c627d3f952 to 0x000001c627d3fd54
Event: 11.079 Thread 0x000001c677de8800 Exception <a 'java/lang/NoSuchMethodError'{0x000000008a710568}: 'void java.lang.invoke.DirectMethodHandle$Holder.invokeStatic(java.lang.Object, long)'> (0x000000008a710568) thrown at [./src/hotspot/share/interpreter/linkResolver.cpp, line 773]
Event: 11.080 Thread 0x000001c677de8800 Exception <a 'java/lang/NoSuchMethodError'{0x000000008a715780}: 'java.lang.Object java.lang.invoke.DirectMethodHandle$Holder.invokeStatic(java.lang.Object, long)'> (0x000000008a715780) thrown at [./src/hotspot/share/interpreter/linkResolver.cpp, line 773]
Event: 11.082 Thread 0x000001c677de8800 Exception <a 'java/lang/NoSuchMethodError'{0x000000008a723ae8}: 'java.lang.Object java.lang.invoke.DirectMethodHandle$Holder.invokeStaticInit(java.lang.Object, java.lang.Object, long, java.lang.Object)'> (0x000000008a723ae8) thrown at [./src/hotspot/share/interpreter/linkResolver.cpp, line 773]
Event: 11.083 Thread 0x000001c677de8800 Exception <a 'java/lang/NoSuchMethodError'{0x000000008a729c80}: 'java.lang.Object java.lang.invoke.DirectMethodHandle$Holder.invokeStatic(java.lang.Object, java.lang.Object, long)'> (0x000000008a729c80) thrown at [./src/hotspot/share/interpreter/linkResolver.cpp, line 773]
Event: 11.083 Thread 0x000001c677de8800 Exception <a 'java/lang/NoSuchMethodError'{0x000000008a7301f8}: 'java.lang.Object java.lang.invoke.Invokers$Holder.linkToTargetMethod(java.lang.Object, long, java.lang.Object)'> (0x000000008a7301f8) thrown at [./src/hotspot/share/interpreter/linkResolver.cpp, line 773]
Event: 11.415 Thread 0x000001c67a6ff000 Exception <a 'java/lang/NoSuchMethodError'{0x000000008e142220}: 'void java.lang.invoke.DirectMethodHandle$Holder.invokeStatic(java.lang.Object, java.lang.Object, java.lang.Object, java.lang.Object, java.lang.Object, java.lang.Object, java.lang.Object)'> (0x000000008e142220) thrown at [./src/hotspot/share/interpreter/linkResolver.cpp, line 773]
Event: 11.417 Thread 0x000001c677de8800 Exception <a 'java/lang/NoSuchMethodError'{0x000000008e15cfa8}: 'int java.lang.invoke.DirectMethodHandle$Holder.invokeSpecialIFC(java.lang.Object, java.lang.Object, java.lang.Object)'> (0x000000008e15cfa8) thrown at [./src/hotspot/share/interpreter/linkResolver.cpp, line 773]
Event: 11.716 Thread 0x000001c677de6000 Exception <a 'sun/nio/fs/WindowsException'{0x000000008a7b0608}> (0x000000008a7b0608) thrown at [./src/hotspot/share/prims/jni.cpp, line 615]
Event: 11.730 Thread 0x000001c678acb000 Exception <a 'java/lang/NoSuchMethodError'{0x000000008a22a570}: 'int java.lang.invoke.DirectMethodHandle$Holder.invokeSpecial(java.lang.Object, java.lang.Object, java.lang.Object, java.lang.Object, java.lang.Object)'> (0x000000008a22a570) thrown at [./src/hotspot/share/interpreter/linkResolver.cpp, line 773]
Event: 11.751 Thread 0x000001c677de8000 Exception <a 'sun/nio/fs/WindowsException'{0x000000008a05e818}> (0x000000008a05e818) thrown at [./src/hotspot/share/prims/jni.cpp, line 615]
Event: 11.761 Thread 0x000001c677de6000 Exception <a 'java/lang/NoSuchMethodError'{0x0000000089f880d0}: 'int java.lang.invoke.DirectMethodHandle$Holder.invokeVirtual(java.lang.Object, java.lang.Object, java.lang.Object)'> (0x0000000089f880d0) thrown at [./src/hotspot/share/interpreter/linkResolver.cpp, line 773]
Event: 11.796 Thread 0x000001c677de6000 Exception <a 'java/lang/NoSuchMethodError'{0x0000000089b27c70}: 'java.lang.Object java.lang.invoke.DirectMethodHandle$Holder.invokeStatic(java.lang.Object, java.lang.Object, java.lang.Object, java.lang.Object, java.lang.Object, java.lang.Object, java.lang.Object, java.lang.Object, java.lang.Object, java.lang.Object, java.lang.Object, java.lang.Object, java.lang.Object, java.lang.Object, java.lang.Object, java.lang.Object, java.lang.Object, int, java.lang.Object)'> (0x0000000089b27c70) thrown at [./src/hots
Event: 11.796 Thread 0x000001c677de6000 Exception <a 'java/lang/NoSuchMethodError'{0x0000000089b2d2c0}: 'java.lang.Object java.lang.invoke.DirectMethodHandle$Holder.invokeStaticInit(java.lang.Object, java.lang.Object, java.lang.Object, java.lang.Object, java.lang.Object, java.lang.Object, java.lang.Object, java.lang.Object, java.lang.Object, java.lang.Object, java.lang.Object, java.lang.Object, java.lang.Object, java.lang.Object, java.lang.Object, java.lang.Object, java.lang.Object, int, java.lang.Object)'> (0x0000000089b2d2c0) thrown at [./src/
Event: 11.859 Thread 0x000001c67a705000 Exception <a 'sun/nio/fs/WindowsException'{0x000000008e5c1ea8}> (0x000000008e5c1ea8) thrown at [./src/hotspot/share/prims/jni.cpp, line 615]
Event: 11.859 Thread 0x000001c67a705000 Exception <a 'sun/nio/fs/WindowsException'{0x000000008e5c2d28}> (0x000000008e5c2d28) thrown at [./src/hotspot/share/prims/jni.cpp, line 615]
Event: 11.859 Thread 0x000001c67a705000 Exception <a 'sun/nio/fs/WindowsException'{0x000000008e5c3018}> (0x000000008e5c3018) thrown at [./src/hotspot/share/prims/jni.cpp, line 615]
Event: 11.973 Thread 0x000001c67a6ff000 Exception <a 'sun/nio/fs/WindowsException'{0x000000008d5ae988}> (0x000000008d5ae988) thrown at [./src/hotspot/share/prims/jni.cpp, line 615]
Event: 11.973 Thread 0x000001c67a6ff000 Exception <a 'sun/nio/fs/WindowsException'{0x000000008d5afb00}> (0x000000008d5afb00) thrown at [./src/hotspot/share/prims/jni.cpp, line 615]
Event: 12.698 Thread 0x000001c677dec800 Exception <a 'java/lang/NoSuchMethodError'{0x00000000945b90c0}: 'java.lang.Object java.lang.invoke.DirectMethodHandle$Holder.newInvokeSpecial(java.lang.Object, int)'> (0x00000000945b90c0) thrown at [./src/hotspot/share/interpreter/linkResolver.cpp, line 773]

Events (20 events):
Event: 12.775 loading class com/android/tools/r8/w/a/a/a/h/h0
Event: 12.775 loading class com/android/tools/r8/w/a/a/a/h/h0 done
Event: 12.775 loading class com/android/tools/r8/graph/v1
Event: 12.775 loading class com/android/tools/r8/graph/v1 done
Event: 12.776 loading class com/android/tools/r8/w/a/a/a/h/f0$d
Event: 12.776 loading class com/android/tools/r8/w/a/a/a/h/f0$d done
Event: 12.776 loading class com/android/tools/r8/w/a/a/a/h/g0
Event: 12.776 loading class com/android/tools/r8/w/a/a/a/h/g0 done
Event: 12.829 loading class com/android/tools/r8/v/a/t/h
Event: 12.829 loading class com/android/tools/r8/v/a/t/h done
Event: 12.842 loading class com/android/tools/r8/graph/t0$a
Event: 12.842 loading class com/android/tools/r8/graph/t0$a done
Event: 12.863 Executing VM operation: G1CollectForAllocation
Event: 12.881 Executing VM operation: G1CollectForAllocation done
Event: 12.984 Executing VM operation: G1CollectForAllocation
Event: 12.997 Executing VM operation: G1CollectForAllocation done
Event: 13.045 Executing VM operation: CGC_Operation
Event: 13.071 Executing VM operation: CGC_Operation done
Event: 13.072 Loaded shared library C:\Program Files\Android\Android Studio\jre\bin\zip.dll
Event: 13.090 Executing VM operation: G1CollectForAllocation


Dynamic libraries:
0x00007ff63dde0000 - 0x00007ff63ddea000 	C:\Program Files\Android\Android Studio\jre\bin\java.exe
0x00007ffe311b0000 - 0x00007ffe313a5000 	C:\WINDOWS\SYSTEM32\ntdll.dll
0x00007ffe310b0000 - 0x00007ffe3116e000 	C:\WINDOWS\System32\KERNEL32.DLL
0x00007ffe2e8d0000 - 0x00007ffe2eb98000 	C:\WINDOWS\System32\KERNELBASE.dll
0x00007ffe2edc0000 - 0x00007ffe2eec0000 	C:\WINDOWS\System32\ucrtbase.dll
0x00007ffe25cf0000 - 0x00007ffe25d09000 	C:\Program Files\Android\Android Studio\jre\bin\jli.dll
0x00007ffe25a20000 - 0x00007ffe25a37000 	C:\Program Files\Android\Android Studio\jre\bin\VCRUNTIME140.dll
0x00007ffe30630000 - 0x00007ffe307d0000 	C:\WINDOWS\System32\USER32.dll
0x00007ffe2ed40000 - 0x00007ffe2ed62000 	C:\WINDOWS\System32\win32u.dll
0x00007ffe30600000 - 0x00007ffe3062a000 	C:\WINDOWS\System32\GDI32.dll
0x00007ffe2ec30000 - 0x00007ffe2ed3b000 	C:\WINDOWS\System32\gdi32full.dll
0x00007ffe2eec0000 - 0x00007ffe2ef5d000 	C:\WINDOWS\System32\msvcp_win.dll
0x00007ffe1aa30000 - 0x00007ffe1acca000 	C:\WINDOWS\WinSxS\amd64_microsoft.windows.common-controls_6595b64144ccf1df_6.0.19041.1110_none_60b5254171f9507e\COMCTL32.dll
0x00007ffe30560000 - 0x00007ffe305fe000 	C:\WINDOWS\System32\msvcrt.dll
0x00007ffe2f2a0000 - 0x00007ffe2f2d0000 	C:\WINDOWS\System32\IMM32.DLL
0x00007ffe21850000 - 0x00007ffe218ed000 	C:\Program Files\Android\Android Studio\jre\bin\msvcp140.dll
0x00007ffde53d0000 - 0x00007ffde5e9f000 	C:\Program Files\Android\Android Studio\jre\bin\server\jvm.dll
0x00007ffe302d0000 - 0x00007ffe3037e000 	C:\WINDOWS\System32\ADVAPI32.dll
0x00007ffe2f4d0000 - 0x00007ffe2f56c000 	C:\WINDOWS\System32\sechost.dll
0x00007ffe2f2d0000 - 0x00007ffe2f3f5000 	C:\WINDOWS\System32\RPCRT4.dll
0x00007ffe302c0000 - 0x00007ffe302c8000 	C:\WINDOWS\System32\PSAPI.DLL
0x00007ffe17f30000 - 0x00007ffe17f39000 	C:\WINDOWS\SYSTEM32\WSOCK32.dll
0x00007ffe2f400000 - 0x00007ffe2f46b000 	C:\WINDOWS\System32\WS2_32.dll
0x00007ffe269c0000 - 0x00007ffe269ca000 	C:\WINDOWS\SYSTEM32\VERSION.dll
0x00007ffe23940000 - 0x00007ffe23967000 	C:\WINDOWS\SYSTEM32\WINMM.dll
0x00007ffe2c810000 - 0x00007ffe2c822000 	C:\WINDOWS\SYSTEM32\kernel.appcore.dll
0x00007ffe295d0000 - 0x00007ffe295e1000 	C:\Program Files\Android\Android Studio\jre\bin\verify.dll
0x00007ffe17bd0000 - 0x00007ffe17db4000 	C:\WINDOWS\SYSTEM32\DBGHELP.DLL
0x00007ffe17ba0000 - 0x00007ffe17bcc000 	C:\WINDOWS\SYSTEM32\dbgcore.DLL
0x00007ffe2eba0000 - 0x00007ffe2ec22000 	C:\WINDOWS\System32\bcryptPrimitives.dll
0x00007ffe267a0000 - 0x00007ffe267c9000 	C:\Program Files\Android\Android Studio\jre\bin\java.dll
0x00007ffe2a830000 - 0x00007ffe2a83b000 	C:\Program Files\Android\Android Studio\jre\bin\jimage.dll
0x00007ffe27c20000 - 0x00007ffe27c38000 	C:\Program Files\Android\Android Studio\jre\bin\zip.dll
0x00007ffe2f6c0000 - 0x00007ffe2fe04000 	C:\WINDOWS\System32\SHELL32.dll
0x00007ffe2ca10000 - 0x00007ffe2d1a4000 	C:\WINDOWS\SYSTEM32\windows.storage.dll
0x00007ffe307d0000 - 0x00007ffe30b24000 	C:\WINDOWS\System32\combase.dll
0x00007ffe2e340000 - 0x00007ffe2e36c000 	C:\WINDOWS\SYSTEM32\Wldp.dll
0x00007ffe30b30000 - 0x00007ffe30bdd000 	C:\WINDOWS\System32\SHCORE.dll
0x00007ffe2f660000 - 0x00007ffe2f6b5000 	C:\WINDOWS\System32\shlwapi.dll
0x00007ffe2e810000 - 0x00007ffe2e82f000 	C:\WINDOWS\SYSTEM32\profapi.dll
0x00007ffe26780000 - 0x00007ffe2679a000 	C:\Program Files\Android\Android Studio\jre\bin\net.dll
0x00007ffe1d9e0000 - 0x00007ffe1daea000 	C:\WINDOWS\SYSTEM32\WINHTTP.dll
0x00007ffe2e0a0000 - 0x00007ffe2e10a000 	C:\WINDOWS\system32\mswsock.dll
0x00007ffe26760000 - 0x00007ffe26774000 	C:\Program Files\Android\Android Studio\jre\bin\nio.dll
0x00007ffe25960000 - 0x00007ffe25987000 	C:\Users\USER\.gradle\native\8bec1ad78214c89d9ad589b4d07fe93259594b29d510b10fafb7a158f7737e5d\windows-amd64\native-platform.dll
0x00007ffdff8c0000 - 0x00007ffdff9fd000 	C:\Users\USER\.gradle\native\53dbd7edfb1c66fb8903c78663c9afc45aea4f116125fa6feffd364cf09443e8\windows-amd64\native-platform-file-events.dll
0x00007ffe2a810000 - 0x00007ffe2a81a000 	C:\Program Files\Android\Android Studio\jre\bin\management.dll
0x00007ffe2a7f0000 - 0x00007ffe2a7fc000 	C:\Program Files\Android\Android Studio\jre\bin\management_ext.dll
0x00007ffe2e290000 - 0x00007ffe2e2a8000 	C:\WINDOWS\SYSTEM32\CRYPTSP.dll
0x00007ffe2d9b0000 - 0x00007ffe2d9e4000 	C:\WINDOWS\system32\rsaenh.dll
0x00007ffe2f1e0000 - 0x00007ffe2f207000 	C:\WINDOWS\System32\bcrypt.dll
0x00007ffe2e7d0000 - 0x00007ffe2e7fe000 	C:\WINDOWS\SYSTEM32\USERENV.dll
0x00007ffe2e2b0000 - 0x00007ffe2e2bc000 	C:\WINDOWS\SYSTEM32\CRYPTBASE.dll
0x00007ffe2dd40000 - 0x00007ffe2dd7b000 	C:\WINDOWS\SYSTEM32\IPHLPAPI.DLL
0x00007ffe30550000 - 0x00007ffe30558000 	C:\WINDOWS\System32\NSI.dll
0x00007ffe25990000 - 0x00007ffe259a7000 	C:\WINDOWS\SYSTEM32\dhcpcsvc6.DLL
0x00007ffe268a0000 - 0x00007ffe268bd000 	C:\WINDOWS\SYSTEM32\dhcpcsvc.DLL
0x00007ffe2dd80000 - 0x00007ffe2de4b000 	C:\WINDOWS\SYSTEM32\DNSAPI.dll

dbghelp: loaded successfully - version: 4.0.5 - missing functions: none
symbol engine: initialized successfully - sym options: 0x614 - pdb path: .;C:\Program Files\Android\Android Studio\jre\bin;C:\WINDOWS\SYSTEM32;C:\WINDOWS\WinSxS\amd64_microsoft.windows.common-controls_6595b64144ccf1df_6.0.19041.1110_none_60b5254171f9507e;C:\Program Files\Android\Android Studio\jre\bin\server;C:\Users\USER\.gradle\native\8bec1ad78214c89d9ad589b4d07fe93259594b29d510b10fafb7a158f7737e5d\windows-amd64;C:\Users\USER\.gradle\native\53dbd7edfb1c66fb8903c78663c9afc45aea4f116125fa6feffd364cf09443e8\windows-amd64

VM Arguments:
jvm_args: --add-opens=java.base/java.util=ALL-UNNAMED --add-opens=java.base/java.lang=ALL-UNNAMED --add-opens=java.base/java.lang.invoke=ALL-UNNAMED --add-opens=java.base/java.util=ALL-UNNAMED --add-opens=java.prefs/java.util.prefs=ALL-UNNAMED --add-opens=java.prefs/java.util.prefs=ALL-UNNAMED --add-opens=java.base/java.nio.charset=ALL-UNNAMED --add-opens=java.base/java.net=ALL-UNNAMED --add-opens=java.base/java.util.concurrent.atomic=ALL-UNNAMED -Xmx2048m -Dfile.encoding=UTF-8 -Duser.country=KR -Duser.language=ko -Duser.variant 
java_command: org.gradle.launcher.daemon.bootstrap.GradleDaemon 7.0.2
java_class_path (initial): C:\Users\USER\.gradle\wrapper\dists\gradle-7.0.2-bin\857tjihv64xamwrf0h14cai3r\gradle-7.0.2\lib\gradle-launcher-7.0.2.jar
Launcher Type: SUN_STANDARD

[Global flags]
     intx CICompilerCount                          = 3                                         {product} {ergonomic}
     uint ConcGCThreads                            = 2                                         {product} {ergonomic}
     uint G1ConcRefinementThreads                  = 6                                         {product} {ergonomic}
   size_t G1HeapRegionSize                         = 1048576                                   {product} {ergonomic}
    uintx GCDrainStackTargetSize                   = 64                                        {product} {ergonomic}
   size_t InitialHeapSize                          = 268435456                                 {product} {ergonomic}
   size_t MarkStackSize                            = 4194304                                   {product} {ergonomic}
   size_t MaxHeapSize                              = 2147483648                                {product} {command line}
   size_t MaxNewSize                               = 1287651328                                {product} {ergonomic}
   size_t MinHeapDeltaBytes                        = 1048576                                   {product} {ergonomic}
    uintx NonNMethodCodeHeapSize                   = 5830732                                {pd product} {ergonomic}
    uintx NonProfiledCodeHeapSize                  = 122913754                              {pd product} {ergonomic}
    uintx ProfiledCodeHeapSize                     = 122913754                              {pd product} {ergonomic}
    uintx ReservedCodeCacheSize                    = 251658240                              {pd product} {ergonomic}
     bool SegmentedCodeCache                       = true                                      {product} {ergonomic}
     bool UseCompressedClassPointers               = true                                 {lp64_product} {ergonomic}
     bool UseCompressedOops                        = true                                 {lp64_product} {ergonomic}
     bool UseG1GC                                  = true                                      {product} {ergonomic}
     bool UseLargePagesIndividualAllocation        = false                                  {pd product} {ergonomic}

Logging:
Log output configuration:
 #0: stdout all=warning uptime,level,tags
 #1: stderr all=off uptime,level,tags

Environment Variables:
PATH=C:\Program Files\NVIDIA GPU Computing Toolkit\CUDA\v9.0\bin;C:\Program Files\NVIDIA GPU Computing Toolkit\CUDA\v9.0\libnvvp;C:\ProgramData\Anaconda3;C:\ProgramData\Anaconda3\Library\mingw-w64\bin;C:\ProgramData\Anaconda3\Library\usr\bin;C:\ProgramData\Anaconda3\Library\bin;C:\ProgramData\Anaconda3\Scripts;C:\WINDOWS\system32;C:\WINDOWS;C:\WINDOWS\System32\Wbem;C:\WINDOWS\System32\WindowsPowerShell\v1.0\;C:\Program Files\Java\jdk-15.0.1\bin;C:\WINDOWS\System32\OpenSSH\;C:\Program Files\dotnet\;C:\Program Files\Microsoft SQL Server\130\Tools\Binn\;C:\Program Files\Microsoft SQL Server\Client SDK\ODBC\170\Tools\Binn\;C:\Program Files (x86)\Windows Live\Shared;C:\WINDOWS\System32\WindowsPowerShell\v1.0\;C:\Program Files (x86)\NVIDIA Corporation\PhysX\Common;%JAVA_HOME%\bin\;C:\Program Files\Git\cmd;C:\Program Files (x86)\ePapyrus\Papyrus-PlugIn-web;C:\Program Files (x86)\ePapyrus\Papyrus-PlugIn-web\Addins;C:\Program Files\MySQL\MySQL Shell 8.0\bin\;C:\Users\USER\AppData\Local\Microsoft\WindowsApps;C:\Program Files\Bandizip\;C:\Program Files\Java\jdk-13.0.1\bin;C:\Program Files (x86)\SoftForum\XecureHSM\;C:\Users\USER\AppData\Local\GitHubDesktop\bin;C:\Users\USER\AppData\Local\Microsoft\WindowsApps;C:\Users\USER\AppData\Local\Programs\Microsoft VS Code\bin;C:\Program Files\JetBrains\PyCharm Community Edition 2021.1.3\bin;;C:\Program Files\mingw64\bin;C:\Program Files (x86)\GnuWin32\bin;C:\cygwin64\bin;
USERNAME=USER
OS=Windows_NT
PROCESSOR_IDENTIFIER=Intel64 Family 6 Model 158 Stepping 10, GenuineIntel



---------------  S Y S T E M  ---------------

OS: Windows 10 , 64 bit Build 19041 (10.0.19041.1645)
OS uptime: 21 days 0:07 hours

CPU:total 6 (initial active 6) (6 cores per cpu, 1 threads per core) family 6 model 158 stepping 10 microcode 0xb4, cmov, cx8, fxsr, mmx, sse, sse2, sse3, ssse3, sse4.1, sse4.2, popcnt, avx, avx2, aes, clmul, erms, 3dnowpref, lzcnt, tsc, tscinvbit, bmi1, bmi2, adx, fma

Memory: 4k page, system-wide physical 16317M (3499M free)
TotalPageFile size 16317M (AvailPageFile size 57M)
current process WorkingSet (physical memory assigned to process): 610M, peak: 614M
current process commit charge ("private bytes"): 668M, peak: 937M

vm_info: OpenJDK 64-Bit Server VM (11.0.10+0-b96-7249189) for windows-amd64 JRE (11.0.10+0-b96-7249189), built on Mar 31 2021 21:44:00 by "builder" with MS VC++ 14.0 (VS2015)

END.
