#
# There is insufficient memory for the Java Runtime Environment to continue.
# Native memory allocation (mmap) failed to map 187695104 bytes for Failed to commit area from 0x0000000097600000 to 0x00000000a2900000 of length 187695104.
# Possible reasons:
#   The system is out of physical RAM or swap space
#   The process is running with CompressedOops enabled, and the Java Heap may be blocking the growth of the native heap
# Possible solutions:
#   Reduce memory load on the system
#   Increase physical memory or swap space
#   Check if swap backing store is full
#   Decrease Java heap size (-Xmx/-Xms)
#   Decrease number of Java threads
#   Decrease Java thread stack sizes (-Xss)
#   Set larger code cache with -XX:ReservedCodeCacheSize=
#   JVM is running with Unscaled Compressed Oops mode in which the Java heap is
#     placed in the first 4GB address space. The Java Heap base address is the
#     maximum limit for the native heap growth. Please use -XX:HeapBaseMinAddress
#     to set the Java Heap base and to place the Java Heap above 4GB virtual address.
# This output file may be truncated or incomplete.
#
#  Out of Memory Error (./src/hotspot/os/windows/os_windows.cpp:3301), pid=24952, tid=33108
#
# JRE version: OpenJDK Runtime Environment (11.0.10) (build 11.0.10+0-b96-7249189)
# Java VM: OpenJDK 64-Bit Server VM (11.0.10+0-b96-7249189, mixed mode, tiered, compressed oops, g1 gc, windows-amd64)
# No core dump will be written. Minidumps are not enabled by default on client versions of Windows
#

---------------  S U M M A R Y ------------

Command Line: --add-opens=java.base/java.util=ALL-UNNAMED --add-opens=java.base/java.lang=ALL-UNNAMED --add-opens=java.base/java.lang.invoke=ALL-UNNAMED --add-opens=java.base/java.util=ALL-UNNAMED --add-opens=java.prefs/java.util.prefs=ALL-UNNAMED --add-opens=java.prefs/java.util.prefs=ALL-UNNAMED --add-opens=java.base/java.nio.charset=ALL-UNNAMED --add-opens=java.base/java.net=ALL-UNNAMED --add-opens=java.base/java.util.concurrent.atomic=ALL-UNNAMED -Xmx2048m -Dfile.encoding=UTF-8 -Duser.country=KR -Duser.language=ko -Duser.variant org.gradle.launcher.daemon.bootstrap.GradleDaemon 7.0.2

Host: Intel(R) Core(TM) i5-9400F CPU @ 2.90GHz, 6 cores, 15G,  Windows 10 , 64 bit Build 19041 (10.0.19041.1645)
Time: Mon May  9 10:55:57 2022 대한민국 표준시 elapsed time: 85.639908 seconds (0d 0h 1m 25s)

---------------  T H R E A D  ---------------

Current thread (0x000001ca9c19d800):  VMThread "VM Thread" [stack: 0x000000a73c000000,0x000000a73c100000] [id=33108]

Stack: [0x000000a73c000000,0x000000a73c100000]
[error occurred during error reporting (printing stack bounds), id 0xc0000005, EXCEPTION_ACCESS_VIOLATION (0xc0000005) at pc=0x000001caa1ef0f2d]

Native frames: (J=compiled Java code, j=interpreted, Vv=VM code, C=native code)
V  [jvm.dll+0x5ecfaa]
V  [jvm.dll+0x722bd5]
V  [jvm.dll+0x72412d]
V  [jvm.dll+0x724745]
V  [jvm.dll+0x7246fb]
V  [jvm.dll+0x5ec348]
V  [jvm.dll+0x5ecad8]
C  [ntdll.dll+0xa20cf]
C  [ntdll.dll+0x51454]
C  [ntdll.dll+0xa0bfe]
C  0x000001caa1ef0f2d

VM_Operation (0x000000a73fffa490): G1CollectForAllocation, mode: safepoint, requested by thread 0x000001cabb21d800


---------------  P R O C E S S  ---------------

Threads class SMR info:
_java_thread_list=0x000001cac75b7d90, length=68, elements={
0x000001ca9e405000, 0x000001cab8c9e000, 0x000001cab8ca7000, 0x000001cab8d13800,
0x000001cab8d16000, 0x000001cab8d17000, 0x000001cab8d1b000, 0x000001cab8d26000,
0x000001cab8d2c800, 0x000001cab8e96000, 0x000001cabb4a8800, 0x000001cab9018800,
0x000001caba19c000, 0x000001caba118800, 0x000001cabb1b8800, 0x000001caba7e1000,
0x000001caba7dd800, 0x000001caba7dc800, 0x000001caba7de800, 0x000001caba7e2800,
0x000001caba7e3000, 0x000001caba7e0000, 0x000001cabb214800, 0x000001cabb218800,
0x000001cabb215000, 0x000001cabb216000, 0x000001cabb213800, 0x000001cabb21a000,
0x000001cac02a2800, 0x000001cac029d800, 0x000001cac02a5000, 0x000001cac029f800,
0x000001cac02a3800, 0x000001cac02a1000, 0x000001cac02a4000, 0x000001cac02a0000,
0x000001cac02aa800, 0x000001cac02aa000, 0x000001cac02a6800, 0x000001cac02ab800,
0x000001cac02a6000, 0x000001cac02a9000, 0x000001cac02a7800, 0x000001cac02a8000,
0x000001cabb21c800, 0x000001cabb219000, 0x000001cabb21b000, 0x000001cabb216800,
0x000001cabb21b800, 0x000001cabb217800, 0x000001cabb21e000, 0x000001cabb221800,
0x000001cabb21f000, 0x000001cabb222000, 0x000001cabb21d800, 0x000001caba7df000,
0x000001cab9c7c000, 0x000001cab9c7b800, 0x000001cabbb24800, 0x000001cab9c77800,
0x000001cab9c78000, 0x000001cab9c7d000, 0x000001cab9c7e000, 0x000001cabbb07800,
0x000001cabbb01800, 0x000001cabbb09000, 0x000001cabbb03800, 0x000001cabbb0a000
}

Java Threads: ( => current thread )
  0x000001ca9e405000 JavaThread "main" [_thread_blocked, id=30396, stack(0x000000a73ba00000,0x000000a73bb00000)]
  0x000001cab8c9e000 JavaThread "Reference Handler" daemon [_thread_blocked, id=11276, stack(0x000000a73c100000,0x000000a73c200000)]
  0x000001cab8ca7000 JavaThread "Finalizer" daemon [_thread_blocked, id=8692, stack(0x000000a73c200000,0x000000a73c300000)]
  0x000001cab8d13800 JavaThread "Signal Dispatcher" daemon [_thread_blocked, id=24956, stack(0x000000a73c300000,0x000000a73c400000)]
  0x000001cab8d16000 JavaThread "Attach Listener" daemon [_thread_blocked, id=23004, stack(0x000000a73c400000,0x000000a73c500000)]
  0x000001cab8d17000 JavaThread "Service Thread" daemon [_thread_blocked, id=26556, stack(0x000000a73c500000,0x000000a73c600000)]
  0x000001cab8d1b000 JavaThread "C2 CompilerThread0" daemon [_thread_in_native, id=37300, stack(0x000000a73c600000,0x000000a73c700000)]
  0x000001cab8d26000 JavaThread "C1 CompilerThread0" daemon [_thread_blocked, id=22328, stack(0x000000a73c700000,0x000000a73c800000)]
  0x000001cab8d2c800 JavaThread "Sweeper thread" daemon [_thread_blocked, id=10356, stack(0x000000a73c800000,0x000000a73c900000)]
  0x000001cab8e96000 JavaThread "Common-Cleaner" daemon [_thread_blocked, id=1368, stack(0x000000a73c900000,0x000000a73ca00000)]
  0x000001cabb4a8800 JavaThread "Daemon health stats" [_thread_blocked, id=6528, stack(0x000000a73d100000,0x000000a73d200000)]
  0x000001cab9018800 JavaThread "Incoming local TCP Connector on port 9531" [_thread_in_native, id=26968, stack(0x000000a73cb00000,0x000000a73cc00000)]
  0x000001caba19c000 JavaThread "Daemon periodic checks" [_thread_blocked, id=34524, stack(0x000000a73d200000,0x000000a73d300000)]
  0x000001caba118800 JavaThread "Daemon" [_thread_blocked, id=26376, stack(0x000000a73d300000,0x000000a73d400000)]
  0x000001cabb1b8800 JavaThread "Daemon worker" [_thread_blocked, id=37156, stack(0x000000a73d600000,0x000000a73d700000)]
  0x000001caba7e1000 JavaThread "Cache worker for file hash cache (C:\Users\USER\.gradle\caches\7.0.2\fileHashes)" [_thread_blocked, id=37052, stack(0x000000a73db00000,0x000000a73dc00000)]
  0x000001caba7dd800 JavaThread "File lock request listener" [_thread_in_native, id=8244, stack(0x000000a73dc00000,0x000000a73dd00000)]
  0x000001caba7dc800 JavaThread "Cache worker for journal cache (C:\Users\USER\.gradle\caches\journal-1)" [_thread_blocked, id=31488, stack(0x000000a73de00000,0x000000a73df00000)]
  0x000001caba7de800 JavaThread "File watcher server" daemon [_thread_blocked, id=2436, stack(0x000000a73e000000,0x000000a73e100000)]
  0x000001caba7e2800 JavaThread "File watcher consumer" daemon [_thread_blocked, id=17904, stack(0x000000a73e100000,0x000000a73e200000)]
  0x000001caba7e3000 JavaThread "jar transforms" [_thread_blocked, id=10112, stack(0x000000a73e200000,0x000000a73e300000)]
  0x000001caba7e0000 JavaThread "jar transforms Thread 2" [_thread_blocked, id=31476, stack(0x000000a73e300000,0x000000a73e400000)]
  0x000001cabb214800 JavaThread "jar transforms Thread 3" [_thread_blocked, id=38136, stack(0x000000a73e400000,0x000000a73e500000)]
  0x000001cabb218800 JavaThread "jar transforms Thread 4" [_thread_blocked, id=7500, stack(0x000000a73e500000,0x000000a73e600000)]
  0x000001cabb215000 JavaThread "jar transforms Thread 5" [_thread_blocked, id=12268, stack(0x000000a73e600000,0x000000a73e700000)]
  0x000001cabb216000 JavaThread "jar transforms Thread 6" [_thread_blocked, id=29016, stack(0x000000a73e700000,0x000000a73e800000)]
  0x000001cabb213800 JavaThread "Cache worker for execution history cache (C:\Users\USER\.gradle\caches\7.0.2\executionHistory)" [_thread_blocked, id=6720, stack(0x000000a73eb00000,0x000000a73ec00000)]
  0x000001cabb21a000 JavaThread "Cache worker for file content cache (C:\Users\USER\.gradle\caches\7.0.2\fileContent)" [_thread_blocked, id=28112, stack(0x000000a73ec00000,0x000000a73ed00000)]
  0x000001cac02a2800 JavaThread "Memory manager" [_thread_blocked, id=24764, stack(0x000000a73f700000,0x000000a73f800000)]
  0x000001cac029d800 JavaThread "pool-3-thread-1" [_thread_blocked, id=16400, stack(0x000000a73f800000,0x000000a73f900000)]
  0x000001cac02a5000 JavaThread "Handler for socket connection from /127.0.0.1:9531 to /127.0.0.1:9550" [_thread_in_native, id=37464, stack(0x000000a73b800000,0x000000a73b900000)]
  0x000001cac029f800 JavaThread "Cancel handler" [_thread_blocked, id=9720, stack(0x000000a73b900000,0x000000a73ba00000)]
  0x000001cac02a3800 JavaThread "Asynchronous log dispatcher for DefaultDaemonConnection: socket connection from /127.0.0.1:9531 to /127.0.0.1:9550" [_thread_blocked, id=21776, stack(0x000000a73d500000,0x000000a73d600000)]
  0x000001cac02a1000 JavaThread "Stdin handler" [_thread_blocked, id=36596, stack(0x000000a73d700000,0x000000a73d800000)]
  0x000001cac02a4000 JavaThread "Daemon client event forwarder" [_thread_blocked, id=6704, stack(0x000000a73d800000,0x000000a73d900000)]
  0x000001cac02a0000 JavaThread "Cache worker for file hash cache (D:\android_projects_coll\recent\.gradle\7.0.2\fileHashes)" [_thread_blocked, id=38104, stack(0x000000a73da00000,0x000000a73db00000)]
  0x000001cac02aa800 JavaThread "Cache worker for checksums cache (D:\android_projects_coll\recent\.gradle\checksums)" [_thread_blocked, id=28160, stack(0x000000a73df00000,0x000000a73e000000)]
  0x000001cac02aa000 JavaThread "Cache worker for cache directory md-supplier (C:\Users\USER\.gradle\caches\7.0.2\md-supplier)" [_thread_blocked, id=10504, stack(0x000000a73e800000,0x000000a73e900000)]
  0x000001cac02a6800 JavaThread "Cache worker for cache directory md-rule (C:\Users\USER\.gradle\caches\7.0.2\md-rule)" [_thread_blocked, id=31228, stack(0x000000a73e900000,0x000000a73ea00000)]
  0x000001cac02ab800 JavaThread "Cache worker for dependencies-accessors (D:\android_projects_coll\recent\.gradle\7.0.2\dependencies-accessors)" [_thread_blocked, id=9524, stack(0x000000a73ea00000,0x000000a73eb00000)]
  0x000001cac02a6000 JavaThread "Cache worker for Build Output Cleanup Cache (D:\android_projects_coll\recent\.gradle\buildOutputCleanup)" [_thread_blocked, id=20832, stack(0x000000a73ef00000,0x000000a73f000000)]
  0x000001cac02a9000 JavaThread "Build operations" [_thread_blocked, id=24624, stack(0x000000a73f000000,0x000000a73f100000)]
  0x000001cac02a7800 JavaThread "Build operations Thread 2" [_thread_blocked, id=33148, stack(0x000000a73f100000,0x000000a73f200000)]
  0x000001cac02a8000 JavaThread "Build operations Thread 3" [_thread_blocked, id=31708, stack(0x000000a73f200000,0x000000a73f300000)]
  0x000001cabb21c800 JavaThread "Build operations Thread 4" [_thread_blocked, id=37728, stack(0x000000a73f300000,0x000000a73f400000)]
  0x000001cabb219000 JavaThread "Build operations Thread 5" [_thread_blocked, id=13496, stack(0x000000a73f400000,0x000000a73f500000)]
  0x000001cabb21b000 JavaThread "Build operations Thread 6" [_thread_blocked, id=17636, stack(0x000000a73f500000,0x000000a73f600000)]
  0x000001cabb216800 JavaThread "build event listener" [_thread_blocked, id=18752, stack(0x000000a73f600000,0x000000a73f700000)]
  0x000001cabb21b800 JavaThread "pool-6-thread-1" [_thread_blocked, id=24544, stack(0x000000a73f900000,0x000000a73fa00000)]
  0x000001cabb217800 JavaThread "build event listener" [_thread_blocked, id=26284, stack(0x000000a73fa00000,0x000000a73fb00000)]
  0x000001cabb21e000 JavaThread "Execution worker for ':'" [_thread_blocked, id=2000, stack(0x000000a73fb00000,0x000000a73fc00000)]
  0x000001cabb221800 JavaThread "Execution worker for ':' Thread 2" [_thread_blocked, id=30836, stack(0x000000a73fc00000,0x000000a73fd00000)]
  0x000001cabb21f000 JavaThread "Execution worker for ':' Thread 3" [_thread_blocked, id=16852, stack(0x000000a73fd00000,0x000000a73fe00000)]
  0x000001cabb222000 JavaThread "Execution worker for ':' Thread 4" [_thread_blocked, id=37472, stack(0x000000a73fe00000,0x000000a73ff00000)]
  0x000001cabb21d800 JavaThread "Execution worker for ':' Thread 5" [_thread_blocked, id=4564, stack(0x000000a73ff00000,0x000000a740000000)]
  0x000001caba7df000 JavaThread "Cache worker for execution history cache (D:\android_projects_coll\recent\.gradle\7.0.2\executionHistory)" [_thread_blocked, id=32112, stack(0x000000a740000000,0x000000a740100000)]
  0x000001cab9c7c000 JavaThread "WorkerExecutor Queue Thread 2" [_thread_blocked, id=13508, stack(0x000000a740200000,0x000000a740300000)]
  0x000001cab9c7b800 JavaThread "WorkerExecutor Queue Thread 3" [_thread_blocked, id=24648, stack(0x000000a740300000,0x000000a740400000)]
  0x000001cabbb24800 JavaThread "C2 CompilerThread1" daemon [_thread_blocked, id=38496, stack(0x000000a73d900000,0x000000a73da00000)]
  0x000001cab9c77800 JavaThread "WorkerExecutor Queue Thread 5" [_thread_blocked, id=17064, stack(0x000000a740500000,0x000000a740600000)]
  0x000001cab9c78000 JavaThread "pool-7-thread-1" [_thread_blocked, id=30860, stack(0x000000a740700000,0x000000a740800000)]
  0x000001cab9c7d000 JavaThread "stderr" [_thread_in_native, id=29004, stack(0x000000a740800000,0x000000a740900000)]
  0x000001cab9c7e000 JavaThread "stdout" [_thread_in_native, id=37544, stack(0x000000a740900000,0x000000a740a00000)]
  0x000001cabbb07800 JavaThread "stderr" [_thread_in_native, id=13136, stack(0x000000a740a00000,0x000000a740b00000)]
  0x000001cabbb01800 JavaThread "stdout" [_thread_in_native, id=12088, stack(0x000000a740b00000,0x000000a740c00000)]
  0x000001cabbb09000 JavaThread "WorkerExecutor Queue Thread 7" [_thread_blocked, id=9076, stack(0x000000a740100000,0x000000a740200000)]
  0x000001cabbb03800 JavaThread "WorkerExecutor Queue Thread 8" [_thread_blocked, id=9576, stack(0x000000a740400000,0x000000a740500000)]
  0x000001cabbb0a000 JavaThread "WorkerExecutor Queue Thread 9" [_thread_blocked, id=2220, stack(0x000000a740600000,0x000000a740700000)]

Other Threads:
=>0x000001ca9c19d800 VMThread "VM Thread" [stack: 0x000000a73c000000,0x000000a73c100000] [id=33108]
  0x000001cab8eb2800 WatcherThread [stack: 0x000000a73ca00000,0x000000a73cb00000] [id=27504]
  0x000001ca9e41d800 GCTaskThread "GC Thread#0" [stack: 0x000000a73bb00000,0x000000a73bc00000] [id=16692]
  0x000001cab97b4000 GCTaskThread "GC Thread#1" [stack: 0x000000a73cc00000,0x000000a73cd00000] [id=20920]
  0x000001cab954b800 GCTaskThread "GC Thread#2" [stack: 0x000000a73cd00000,0x000000a73ce00000] [id=29388]
  0x000001cab954c000 GCTaskThread "GC Thread#3" [stack: 0x000000a73ce00000,0x000000a73cf00000] [id=32244]
  0x000001cab9aa3800 GCTaskThread "GC Thread#4" [stack: 0x000000a73cf00000,0x000000a73d000000] [id=4324]
  0x000001cab9a6c800 GCTaskThread "GC Thread#5" [stack: 0x000000a73d000000,0x000000a73d100000] [id=696]
  0x000001ca9e44f800 ConcurrentGCThread "G1 Main Marker" [stack: 0x000000a73bc00000,0x000000a73bd00000] [id=32512]
  0x000001ca9e451800 ConcurrentGCThread "G1 Conc#0" [stack: 0x000000a73bd00000,0x000000a73be00000] [id=8488]
  0x000001cab97f1000 ConcurrentGCThread "G1 Conc#1" [stack: 0x000000a73dd00000,0x000000a73de00000] [id=7952]
  0x000001ca9e4dd800 ConcurrentGCThread "G1 Refine#0" [stack: 0x000000a73be00000,0x000000a73bf00000] [id=27744]
  0x000001cabe7e8800 ConcurrentGCThread "G1 Refine#1" [stack: 0x000000a73ed00000,0x000000a73ee00000] [id=4772]
  0x000001cabe8cf800 ConcurrentGCThread "G1 Refine#2" [stack: 0x000000a73ee00000,0x000000a73ef00000] [id=36676]
  0x000001cab82ea800 ConcurrentGCThread "G1 Young RemSet Sampling" [stack: 0x000000a73bf00000,0x000000a73c000000] [id=36364]

Threads with active compile tasks:
C2 CompilerThread0  85671 22145 %     4       com.android.tools.r8.dex.n::m @ 64 (2054 bytes)
C2 CompilerThread1  85672 21957   !   4       java.nio.file.FileTreeWalker::visit (204 bytes)

VM state:at safepoint (normal execution)

VM Mutex/Monitor currently owned by a thread:  ([mutex/lock_event])
[0x000001ca9e401a40] Threads_lock - owner thread: 0x000001ca9c19d800
[0x000001ca9e401380] Heap_lock - owner thread: 0x000001cabb21d800

Heap address: 0x0000000080000000, size: 2048 MB, Compressed Oops mode: 32-bit
Narrow klass base: 0x0000000000000000, Narrow klass shift: 3
Compressed class space size: 1073741824 Address: 0x0000000100000000

Heap:
 garbage-first heap   total 566272K, used 292157K [0x0000000080000000, 0x0000000100000000)
  region size 1024K, 5 young (5120K), 5 survivors (5120K)
 Metaspace       used 124237K, capacity 127692K, committed 127864K, reserved 1161216K
  class space    used 15186K, capacity 16439K, committed 16512K, reserved 1048576K
Heap Regions: E=young(eden), S=young(survivor), O=old, HS=humongous(starts), HC=humongous(continues), CS=collection set, F=free, A=archive, TAMS=top-at-mark-start (previous, next)
|   0|0x0000000080000000, 0x0000000080100000, 0x0000000080100000|100%| O|  |TAMS 0x0000000080100000, 0x0000000080000000| Untracked 
|   1|0x0000000080100000, 0x0000000080200000, 0x0000000080200000|100%| O|  |TAMS 0x0000000080200000, 0x0000000080100000| Untracked 
|   2|0x0000000080200000, 0x0000000080300000, 0x0000000080300000|100%| O|  |TAMS 0x0000000080300000, 0x0000000080200000| Untracked 
|   3|0x0000000080300000, 0x0000000080400000, 0x0000000080400000|100%|HS|  |TAMS 0x0000000080400000, 0x0000000080300000| Complete 
|   4|0x0000000080400000, 0x0000000080500000, 0x0000000080500000|100%|HC|  |TAMS 0x0000000080500000, 0x0000000080400000| Complete 
|   5|0x0000000080500000, 0x0000000080600000, 0x0000000080600000|100%|HC|  |TAMS 0x0000000080600000, 0x0000000080500000| Complete 
|   6|0x0000000080600000, 0x0000000080700000, 0x0000000080700000|100%| O|  |TAMS 0x0000000080700000, 0x0000000080600000| Untracked 
|   7|0x0000000080700000, 0x0000000080800000, 0x0000000080800000|100%| O|  |TAMS 0x0000000080800000, 0x0000000080700000| Untracked 
|   8|0x0000000080800000, 0x0000000080900000, 0x0000000080900000|100%| O|  |TAMS 0x0000000080900000, 0x0000000080800000| Untracked 
|   9|0x0000000080900000, 0x0000000080a00000, 0x0000000080a00000|100%| O|  |TAMS 0x0000000080a00000, 0x0000000080900000| Untracked 
|  10|0x0000000080a00000, 0x0000000080b00000, 0x0000000080b00000|100%| O|  |TAMS 0x0000000080b00000, 0x0000000080a00000| Untracked 
|  11|0x0000000080b00000, 0x0000000080c00000, 0x0000000080c00000|100%| O|  |TAMS 0x0000000080c00000, 0x0000000080b00000| Untracked 
|  12|0x0000000080c00000, 0x0000000080d00000, 0x0000000080d00000|100%| O|  |TAMS 0x0000000080d00000, 0x0000000080c00000| Untracked 
|  13|0x0000000080d00000, 0x0000000080e00000, 0x0000000080e00000|100%| O|  |TAMS 0x0000000080e00000, 0x0000000080d00000| Untracked 
|  14|0x0000000080e00000, 0x0000000080f00000, 0x0000000080f00000|100%| O|  |TAMS 0x0000000080f00000, 0x0000000080e00000| Untracked 
|  15|0x0000000080f00000, 0x0000000081000000, 0x0000000081000000|100%| O|  |TAMS 0x0000000081000000, 0x0000000080f00000| Untracked 
|  16|0x0000000081000000, 0x0000000081100000, 0x0000000081100000|100%|HS|  |TAMS 0x0000000081100000, 0x0000000081000000| Complete 
|  17|0x0000000081100000, 0x0000000081200000, 0x0000000081200000|100%|HC|  |TAMS 0x0000000081200000, 0x0000000081100000| Complete 
|  18|0x0000000081200000, 0x0000000081300000, 0x0000000081300000|100%|HS|  |TAMS 0x0000000081300000, 0x0000000081200000| Complete 
|  19|0x0000000081300000, 0x0000000081400000, 0x0000000081400000|100%|HC|  |TAMS 0x0000000081400000, 0x0000000081300000| Complete 
|  20|0x0000000081400000, 0x0000000081500000, 0x0000000081500000|100%|HC|  |TAMS 0x0000000081500000, 0x0000000081400000| Complete 
|  21|0x0000000081500000, 0x0000000081600000, 0x0000000081600000|100%|HS|  |TAMS 0x0000000081600000, 0x0000000081500000| Complete 
|  22|0x0000000081600000, 0x0000000081700000, 0x0000000081700000|100%|HC|  |TAMS 0x0000000081700000, 0x0000000081600000| Complete 
|  23|0x0000000081700000, 0x0000000081800000, 0x0000000081800000|100%|HC|  |TAMS 0x0000000081800000, 0x0000000081700000| Complete 
|  24|0x0000000081800000, 0x0000000081900000, 0x0000000081900000|100%|HC|  |TAMS 0x0000000081900000, 0x0000000081800000| Complete 
|  25|0x0000000081900000, 0x0000000081a00000, 0x0000000081a00000|100%|HC|  |TAMS 0x0000000081a00000, 0x0000000081900000| Complete 
|  26|0x0000000081a00000, 0x0000000081b00000, 0x0000000081b00000|100%| O|  |TAMS 0x0000000081b00000, 0x0000000081a00000| Untracked 
|  27|0x0000000081b00000, 0x0000000081c00000, 0x0000000081c00000|100%| O|  |TAMS 0x0000000081c00000, 0x0000000081b00000| Untracked 
|  28|0x0000000081c00000, 0x0000000081d00000, 0x0000000081d00000|100%| O|  |TAMS 0x0000000081d00000, 0x0000000081c00000| Untracked 
|  29|0x0000000081d00000, 0x0000000081e00000, 0x0000000081e00000|100%|HS|  |TAMS 0x0000000081e00000, 0x0000000081d00000| Complete 
|  30|0x0000000081e00000, 0x0000000081f00000, 0x0000000081f00000|100%|HC|  |TAMS 0x0000000081f00000, 0x0000000081e00000| Complete 
|  31|0x0000000081f00000, 0x0000000082000000, 0x0000000082000000|100%|HC|  |TAMS 0x0000000082000000, 0x0000000081f00000| Complete 
|  32|0x0000000082000000, 0x0000000082100000, 0x0000000082100000|100%|HC|  |TAMS 0x0000000082100000, 0x0000000082000000| Complete 
|  33|0x0000000082100000, 0x0000000082200000, 0x0000000082200000|100%|HC|  |TAMS 0x0000000082200000, 0x0000000082100000| Complete 
|  34|0x0000000082200000, 0x0000000082300000, 0x0000000082300000|100%|HS|  |TAMS 0x0000000082300000, 0x0000000082200000| Complete 
|  35|0x0000000082300000, 0x0000000082400000, 0x0000000082400000|100%|HC|  |TAMS 0x0000000082400000, 0x0000000082300000| Complete 
|  36|0x0000000082400000, 0x0000000082500000, 0x0000000082500000|100%|HC|  |TAMS 0x0000000082500000, 0x0000000082400000| Complete 
|  37|0x0000000082500000, 0x0000000082600000, 0x0000000082600000|100%| O|  |TAMS 0x0000000082600000, 0x0000000082500000| Untracked 
|  38|0x0000000082600000, 0x0000000082700000, 0x0000000082700000|100%| O|  |TAMS 0x0000000082700000, 0x0000000082600000| Complete 
|  39|0x0000000082700000, 0x0000000082800000, 0x0000000082800000|100%| O|  |TAMS 0x0000000082800000, 0x0000000082700000| Untracked 
|  40|0x0000000082800000, 0x0000000082900000, 0x0000000082900000|100%| O|  |TAMS 0x0000000082900000, 0x0000000082800000| Complete 
|  41|0x0000000082900000, 0x0000000082a00000, 0x0000000082a00000|100%| O|  |TAMS 0x0000000082a00000, 0x0000000082900000| Complete 
|  42|0x0000000082a00000, 0x0000000082b00000, 0x0000000082b00000|100%| O|  |TAMS 0x0000000082b00000, 0x0000000082a00000| Complete 
|  43|0x0000000082b00000, 0x0000000082c00000, 0x0000000082c00000|100%|HS|  |TAMS 0x0000000082c00000, 0x0000000082b00000| Complete 
|  44|0x0000000082c00000, 0x0000000082d00000, 0x0000000082d00000|100%|HS|  |TAMS 0x0000000082d00000, 0x0000000082c00000| Complete 
|  45|0x0000000082d00000, 0x0000000082e00000, 0x0000000082e00000|100%|HC|  |TAMS 0x0000000082e00000, 0x0000000082d00000| Complete 
|  46|0x0000000082e00000, 0x0000000082f00000, 0x0000000082f00000|100%| O|  |TAMS 0x0000000082f00000, 0x0000000082e00000| Complete 
|  47|0x0000000082f00000, 0x0000000083000000, 0x0000000083000000|100%| O|  |TAMS 0x0000000083000000, 0x0000000082f00000| Untracked 
|  48|0x0000000083000000, 0x0000000083100000, 0x0000000083100000|100%| O|  |TAMS 0x0000000083100000, 0x0000000083000000| Untracked 
|  49|0x0000000083100000, 0x0000000083200000, 0x0000000083200000|100%| O|  |TAMS 0x0000000083200000, 0x0000000083100000| Untracked 
|  50|0x0000000083200000, 0x0000000083300000, 0x0000000083300000|100%| O|  |TAMS 0x0000000083300000, 0x0000000083200000| Untracked 
|  51|0x0000000083300000, 0x0000000083400000, 0x0000000083400000|100%| O|  |TAMS 0x0000000083400000, 0x0000000083300000| Untracked 
|  52|0x0000000083400000, 0x0000000083500000, 0x0000000083500000|100%| O|  |TAMS 0x0000000083500000, 0x0000000083400000| Complete 
|  53|0x0000000083500000, 0x0000000083600000, 0x0000000083600000|100%| O|  |TAMS 0x0000000083600000, 0x0000000083500000| Complete 
|  54|0x0000000083600000, 0x0000000083700000, 0x0000000083700000|100%| O|  |TAMS 0x0000000083700000, 0x0000000083600000| Untracked 
|  55|0x0000000083700000, 0x0000000083800000, 0x0000000083800000|100%| O|  |TAMS 0x0000000083800000, 0x0000000083700000| Untracked 
|  56|0x0000000083800000, 0x0000000083900000, 0x0000000083900000|100%| O|  |TAMS 0x0000000083900000, 0x0000000083800000| Complete 
|  57|0x0000000083900000, 0x0000000083a00000, 0x0000000083a00000|100%| O|  |TAMS 0x0000000083a00000, 0x0000000083900000| Complete 
|  58|0x0000000083a00000, 0x0000000083b00000, 0x0000000083b00000|100%| O|  |TAMS 0x0000000083b00000, 0x0000000083a00000| Complete 
|  59|0x0000000083b00000, 0x0000000083c00000, 0x0000000083c00000|100%| O|  |TAMS 0x0000000083c00000, 0x0000000083b00000| Complete 
|  60|0x0000000083c00000, 0x0000000083d00000, 0x0000000083d00000|100%| O|  |TAMS 0x0000000083d00000, 0x0000000083c00000| Complete 
|  61|0x0000000083d00000, 0x0000000083e00000, 0x0000000083e00000|100%| O|  |TAMS 0x0000000083e00000, 0x0000000083d00000| Untracked 
|  62|0x0000000083e00000, 0x0000000083f00000, 0x0000000083f00000|100%| O|  |TAMS 0x0000000083f00000, 0x0000000083e00000| Untracked 
|  63|0x0000000083f00000, 0x0000000084000000, 0x0000000084000000|100%| O|  |TAMS 0x0000000084000000, 0x0000000083f00000| Complete 
|  64|0x0000000084000000, 0x0000000084100000, 0x0000000084100000|100%| O|  |TAMS 0x0000000084100000, 0x0000000084000000| Untracked 
|  65|0x0000000084100000, 0x0000000084200000, 0x0000000084200000|100%| O|  |TAMS 0x0000000084200000, 0x0000000084100000| Untracked 
|  66|0x0000000084200000, 0x0000000084300000, 0x0000000084300000|100%| O|  |TAMS 0x0000000084300000, 0x0000000084200000| Untracked 
|  67|0x0000000084300000, 0x0000000084400000, 0x0000000084400000|100%| O|  |TAMS 0x0000000084400000, 0x0000000084300000| Untracked 
|  68|0x0000000084400000, 0x0000000084500000, 0x0000000084500000|100%| O|  |TAMS 0x0000000084500000, 0x0000000084400000| Untracked 
|  69|0x0000000084500000, 0x0000000084600000, 0x0000000084600000|100%| O|  |TAMS 0x0000000084600000, 0x0000000084500000| Complete 
|  70|0x0000000084600000, 0x0000000084700000, 0x0000000084700000|100%| O|  |TAMS 0x0000000084700000, 0x0000000084600000| Untracked 
|  71|0x0000000084700000, 0x0000000084800000, 0x0000000084800000|100%| O|  |TAMS 0x0000000084800000, 0x0000000084700000| Untracked 
|  72|0x0000000084800000, 0x0000000084900000, 0x0000000084900000|100%| O|  |TAMS 0x0000000084900000, 0x0000000084800000| Complete 
|  73|0x0000000084900000, 0x0000000084a00000, 0x0000000084a00000|100%| O|  |TAMS 0x0000000084a00000, 0x0000000084900000| Untracked 
|  74|0x0000000084a00000, 0x0000000084b00000, 0x0000000084b00000|100%| O|  |TAMS 0x0000000084b00000, 0x0000000084a00000| Complete 
|  75|0x0000000084b00000, 0x0000000084c00000, 0x0000000084c00000|100%| O|  |TAMS 0x0000000084c00000, 0x0000000084b00000| Complete 
|  76|0x0000000084c00000, 0x0000000084d00000, 0x0000000084d00000|100%| O|  |TAMS 0x0000000084d00000, 0x0000000084c00000| Complete 
|  77|0x0000000084d00000, 0x0000000084e00000, 0x0000000084e00000|100%| O|  |TAMS 0x0000000084e00000, 0x0000000084d00000| Untracked 
|  78|0x0000000084e00000, 0x0000000084f00000, 0x0000000084f00000|100%| O|  |TAMS 0x0000000084f00000, 0x0000000084e00000| Untracked 
|  79|0x0000000084f00000, 0x0000000085000000, 0x0000000085000000|100%| O|  |TAMS 0x0000000085000000, 0x0000000084f00000| Untracked 
|  80|0x0000000085000000, 0x0000000085100000, 0x0000000085100000|100%| O|  |TAMS 0x0000000085100000, 0x0000000085000000| Untracked 
|  81|0x0000000085100000, 0x0000000085200000, 0x0000000085200000|100%| O|  |TAMS 0x0000000085200000, 0x0000000085100000| Complete 
|  82|0x0000000085200000, 0x0000000085300000, 0x0000000085300000|100%| O|  |TAMS 0x0000000085300000, 0x0000000085200000| Complete 
|  83|0x0000000085300000, 0x0000000085400000, 0x0000000085400000|100%| O|  |TAMS 0x0000000085400000, 0x0000000085300000| Complete 
|  84|0x0000000085400000, 0x0000000085500000, 0x0000000085500000|100%| O|  |TAMS 0x0000000085500000, 0x0000000085400000| Complete 
|  85|0x0000000085500000, 0x0000000085600000, 0x0000000085600000|100%|HS|  |TAMS 0x0000000085600000, 0x0000000085500000| Complete 
|  86|0x0000000085600000, 0x0000000085700000, 0x0000000085700000|100%| O|  |TAMS 0x0000000085700000, 0x0000000085600000| Complete 
|  87|0x0000000085700000, 0x0000000085800000, 0x0000000085800000|100%| O|  |TAMS 0x0000000085800000, 0x0000000085700000| Untracked 
|  88|0x0000000085800000, 0x0000000085900000, 0x0000000085900000|100%| O|  |TAMS 0x0000000085900000, 0x0000000085800000| Untracked 
|  89|0x0000000085900000, 0x0000000085a00000, 0x0000000085a00000|100%| O|  |TAMS 0x0000000085a00000, 0x0000000085900000| Untracked 
|  90|0x0000000085a00000, 0x0000000085b00000, 0x0000000085b00000|100%| O|  |TAMS 0x0000000085b00000, 0x0000000085a00000| Complete 
|  91|0x0000000085b00000, 0x0000000085c00000, 0x0000000085c00000|100%| O|  |TAMS 0x0000000085c00000, 0x0000000085b00000| Complete 
|  92|0x0000000085c00000, 0x0000000085d00000, 0x0000000085d00000|100%| O|  |TAMS 0x0000000085d00000, 0x0000000085c00000| Complete 
|  93|0x0000000085d00000, 0x0000000085e00000, 0x0000000085e00000|100%| O|  |TAMS 0x0000000085e00000, 0x0000000085d00000| Untracked 
|  94|0x0000000085e00000, 0x0000000085f00000, 0x0000000085f00000|100%|HS|  |TAMS 0x0000000085f00000, 0x0000000085e00000| Complete 
|  95|0x0000000085f00000, 0x0000000086000000, 0x0000000086000000|100%| O|  |TAMS 0x0000000086000000, 0x0000000085f00000| Complete 
|  96|0x0000000086000000, 0x0000000086100000, 0x0000000086100000|100%| O|  |TAMS 0x0000000086100000, 0x0000000086000000| Complete 
|  97|0x0000000086100000, 0x0000000086200000, 0x0000000086200000|100%| O|  |TAMS 0x0000000086200000, 0x0000000086100000| Untracked 
|  98|0x0000000086200000, 0x0000000086300000, 0x0000000086300000|100%| O|  |TAMS 0x0000000086300000, 0x0000000086200000| Untracked 
|  99|0x0000000086300000, 0x0000000086400000, 0x0000000086400000|100%| O|  |TAMS 0x0000000086400000, 0x0000000086300000| Untracked 
| 100|0x0000000086400000, 0x0000000086500000, 0x0000000086500000|100%| O|  |TAMS 0x0000000086500000, 0x0000000086400000| Complete 
| 101|0x0000000086500000, 0x0000000086600000, 0x0000000086600000|100%| O|  |TAMS 0x0000000086600000, 0x0000000086500000| Untracked 
| 102|0x0000000086600000, 0x0000000086700000, 0x0000000086700000|100%| O|  |TAMS 0x0000000086700000, 0x0000000086600000| Untracked 
| 103|0x0000000086700000, 0x0000000086800000, 0x0000000086800000|100%| O|  |TAMS 0x0000000086800000, 0x0000000086700000| Complete 
| 104|0x0000000086800000, 0x0000000086900000, 0x0000000086900000|100%| O|  |TAMS 0x0000000086900000, 0x0000000086800000| Untracked 
| 105|0x0000000086900000, 0x0000000086a00000, 0x0000000086a00000|100%| O|  |TAMS 0x0000000086a00000, 0x0000000086900000| Untracked 
| 106|0x0000000086a00000, 0x0000000086b00000, 0x0000000086b00000|100%| O|  |TAMS 0x0000000086b00000, 0x0000000086a00000| Untracked 
| 107|0x0000000086b00000, 0x0000000086c00000, 0x0000000086c00000|100%| O|  |TAMS 0x0000000086c00000, 0x0000000086b00000| Untracked 
| 108|0x0000000086c00000, 0x0000000086d00000, 0x0000000086d00000|100%| O|  |TAMS 0x0000000086d00000, 0x0000000086c00000| Untracked 
| 109|0x0000000086d00000, 0x0000000086dffff8, 0x0000000086e00000| 99%| O|  |TAMS 0x0000000086dffff8, 0x0000000086d00000| Untracked 
| 110|0x0000000086e00000, 0x0000000086f00000, 0x0000000086f00000|100%| O|  |TAMS 0x0000000086f00000, 0x0000000086e00000| Untracked 
| 111|0x0000000086f00000, 0x0000000087000000, 0x0000000087000000|100%| O|  |TAMS 0x0000000087000000, 0x0000000086f00000| Untracked 
| 112|0x0000000087000000, 0x0000000087100000, 0x0000000087100000|100%| O|  |TAMS 0x0000000087100000, 0x0000000087000000| Complete 
| 113|0x0000000087100000, 0x0000000087200000, 0x0000000087200000|100%| O|  |TAMS 0x0000000087200000, 0x0000000087100000| Untracked 
| 114|0x0000000087200000, 0x0000000087300000, 0x0000000087300000|100%| O|  |TAMS 0x0000000087300000, 0x0000000087200000| Complete 
| 115|0x0000000087300000, 0x0000000087400000, 0x0000000087400000|100%| O|  |TAMS 0x0000000087400000, 0x0000000087300000| Untracked 
| 116|0x0000000087400000, 0x0000000087500000, 0x0000000087500000|100%| O|  |TAMS 0x0000000087500000, 0x0000000087400000| Untracked 
| 117|0x0000000087500000, 0x0000000087600000, 0x0000000087600000|100%| O|  |TAMS 0x0000000087600000, 0x0000000087500000| Untracked 
| 118|0x0000000087600000, 0x0000000087700000, 0x0000000087700000|100%| O|  |TAMS 0x0000000087700000, 0x0000000087600000| Untracked 
| 119|0x0000000087700000, 0x0000000087800000, 0x0000000087800000|100%| O|  |TAMS 0x0000000087800000, 0x0000000087700000| Complete 
| 120|0x0000000087800000, 0x0000000087900000, 0x0000000087900000|100%|HS|  |TAMS 0x0000000087900000, 0x0000000087800000| Complete 
| 121|0x0000000087900000, 0x0000000087a00000, 0x0000000087a00000|100%| O|  |TAMS 0x0000000087a00000, 0x0000000087900000| Untracked 
| 122|0x0000000087a00000, 0x0000000087b00000, 0x0000000087b00000|100%| O|  |TAMS 0x0000000087b00000, 0x0000000087a00000| Complete 
| 123|0x0000000087b00000, 0x0000000087c00000, 0x0000000087c00000|100%| O|  |TAMS 0x0000000087c00000, 0x0000000087b00000| Complete 
| 124|0x0000000087c00000, 0x0000000087d00000, 0x0000000087d00000|100%| O|  |TAMS 0x0000000087d00000, 0x0000000087c00000| Untracked 
| 125|0x0000000087d00000, 0x0000000087e00000, 0x0000000087e00000|100%| O|  |TAMS 0x0000000087e00000, 0x0000000087d00000| Complete 
| 126|0x0000000087e00000, 0x0000000087f00000, 0x0000000087f00000|100%| O|  |TAMS 0x0000000087f00000, 0x0000000087e00000| Complete 
| 127|0x0000000087f00000, 0x0000000088000000, 0x0000000088000000|100%| O|  |TAMS 0x0000000088000000, 0x0000000087f00000| Untracked 
| 128|0x0000000088000000, 0x0000000088100000, 0x0000000088100000|100%| O|  |TAMS 0x0000000088100000, 0x0000000088000000| Complete 
| 129|0x0000000088100000, 0x0000000088200000, 0x0000000088200000|100%| O|  |TAMS 0x0000000088200000, 0x0000000088100000| Complete 
| 130|0x0000000088200000, 0x0000000088300000, 0x0000000088300000|100%|HS|  |TAMS 0x0000000088300000, 0x0000000088200000| Complete 
| 131|0x0000000088300000, 0x0000000088400000, 0x0000000088400000|100%| O|  |TAMS 0x0000000088400000, 0x0000000088300000| Complete 
| 132|0x0000000088400000, 0x0000000088500000, 0x0000000088500000|100%| O|  |TAMS 0x0000000088500000, 0x0000000088400000| Untracked 
| 133|0x0000000088500000, 0x0000000088600000, 0x0000000088600000|100%| O|  |TAMS 0x0000000088600000, 0x0000000088500000| Complete 
| 134|0x0000000088600000, 0x0000000088700000, 0x0000000088700000|100%| O|  |TAMS 0x0000000088700000, 0x0000000088600000| Complete 
| 135|0x0000000088700000, 0x0000000088800000, 0x0000000088800000|100%| O|  |TAMS 0x0000000088800000, 0x0000000088700000| Complete 
| 136|0x0000000088800000, 0x0000000088900000, 0x0000000088900000|100%|HS|  |TAMS 0x0000000088900000, 0x0000000088800000| Complete 
| 137|0x0000000088900000, 0x0000000088a00000, 0x0000000088a00000|100%| O|  |TAMS 0x0000000088a00000, 0x0000000088900000| Untracked 
| 138|0x0000000088a00000, 0x0000000088b00000, 0x0000000088b00000|100%| O|  |TAMS 0x0000000088b00000, 0x0000000088a00000| Complete 
| 139|0x0000000088b00000, 0x0000000088c00000, 0x0000000088c00000|100%| O|  |TAMS 0x0000000088c00000, 0x0000000088b00000| Untracked 
| 140|0x0000000088c00000, 0x0000000088d00000, 0x0000000088d00000|100%| O|  |TAMS 0x0000000088d00000, 0x0000000088c00000| Complete 
| 141|0x0000000088d00000, 0x0000000088e00000, 0x0000000088e00000|100%| O|  |TAMS 0x0000000088e00000, 0x0000000088d00000| Untracked 
| 142|0x0000000088e00000, 0x0000000088f00000, 0x0000000088f00000|100%|HS|  |TAMS 0x0000000088f00000, 0x0000000088e00000| Complete 
| 143|0x0000000088f00000, 0x0000000089000000, 0x0000000089000000|100%|HC|  |TAMS 0x0000000089000000, 0x0000000088f00000| Complete 
| 144|0x0000000089000000, 0x0000000089100000, 0x0000000089100000|100%|HC|  |TAMS 0x0000000089100000, 0x0000000089000000| Complete 
| 145|0x0000000089100000, 0x0000000089200000, 0x0000000089200000|100%| O|  |TAMS 0x0000000089200000, 0x0000000089100000| Untracked 
| 146|0x0000000089200000, 0x0000000089300000, 0x0000000089300000|100%| O|  |TAMS 0x0000000089300000, 0x0000000089200000| Untracked 
| 147|0x0000000089300000, 0x0000000089400000, 0x0000000089400000|100%| O|  |TAMS 0x0000000089400000, 0x0000000089300000| Complete 
| 148|0x0000000089400000, 0x0000000089500000, 0x0000000089500000|100%| O|  |TAMS 0x0000000089500000, 0x0000000089400000| Untracked 
| 149|0x0000000089500000, 0x0000000089600000, 0x0000000089600000|100%| O|  |TAMS 0x0000000089600000, 0x0000000089500000| Untracked 
| 150|0x0000000089600000, 0x0000000089700000, 0x0000000089700000|100%| O|  |TAMS 0x0000000089700000, 0x0000000089600000| Complete 
| 151|0x0000000089700000, 0x0000000089800000, 0x0000000089800000|100%| O|  |TAMS 0x0000000089800000, 0x0000000089700000| Complete 
| 152|0x0000000089800000, 0x0000000089900000, 0x0000000089900000|100%| O|  |TAMS 0x0000000089900000, 0x0000000089800000| Complete 
| 153|0x0000000089900000, 0x0000000089a00000, 0x0000000089a00000|100%| O|  |TAMS 0x0000000089a00000, 0x0000000089900000| Untracked 
| 154|0x0000000089a00000, 0x0000000089b00000, 0x0000000089b00000|100%| O|  |TAMS 0x0000000089b00000, 0x0000000089a00000| Complete 
| 155|0x0000000089b00000, 0x0000000089c00000, 0x0000000089c00000|100%| O|  |TAMS 0x0000000089c00000, 0x0000000089b00000| Complete 
| 156|0x0000000089c00000, 0x0000000089d00000, 0x0000000089d00000|100%| O|  |TAMS 0x0000000089d00000, 0x0000000089c00000| Complete 
| 157|0x0000000089d00000, 0x0000000089e00000, 0x0000000089e00000|100%| O|  |TAMS 0x0000000089e00000, 0x0000000089d00000| Untracked 
| 158|0x0000000089e00000, 0x0000000089f00000, 0x0000000089f00000|100%| O|  |TAMS 0x0000000089f00000, 0x0000000089e00000| Complete 
| 159|0x0000000089f00000, 0x000000008a000000, 0x000000008a000000|100%|HS|  |TAMS 0x000000008a000000, 0x0000000089f00000| Complete 
| 160|0x000000008a000000, 0x000000008a100000, 0x000000008a100000|100%| O|  |TAMS 0x000000008a100000, 0x000000008a000000| Complete 
| 161|0x000000008a100000, 0x000000008a200000, 0x000000008a200000|100%| O|  |TAMS 0x000000008a200000, 0x000000008a100000| Complete 
| 162|0x000000008a200000, 0x000000008a300000, 0x000000008a300000|100%|HS|  |TAMS 0x000000008a300000, 0x000000008a200000| Complete 
| 163|0x000000008a300000, 0x000000008a400000, 0x000000008a400000|100%|HS|  |TAMS 0x000000008a400000, 0x000000008a300000| Complete 
| 164|0x000000008a400000, 0x000000008a500000, 0x000000008a500000|100%|HC|  |TAMS 0x000000008a500000, 0x000000008a400000| Complete 
| 165|0x000000008a500000, 0x000000008a600000, 0x000000008a600000|100%|HS|  |TAMS 0x000000008a600000, 0x000000008a500000| Complete 
| 166|0x000000008a600000, 0x000000008a700000, 0x000000008a700000|100%|HC|  |TAMS 0x000000008a700000, 0x000000008a600000| Complete 
| 167|0x000000008a700000, 0x000000008a800000, 0x000000008a800000|100%|HC|  |TAMS 0x000000008a800000, 0x000000008a700000| Complete 
| 168|0x000000008a800000, 0x000000008a900000, 0x000000008a900000|100%|HS|  |TAMS 0x000000008a900000, 0x000000008a800000| Complete 
| 169|0x000000008a900000, 0x000000008aa00000, 0x000000008aa00000|100%|HC|  |TAMS 0x000000008aa00000, 0x000000008a900000| Complete 
| 170|0x000000008aa00000, 0x000000008ab00000, 0x000000008ab00000|100%|HS|  |TAMS 0x000000008ab00000, 0x000000008aa00000| Complete 
| 171|0x000000008ab00000, 0x000000008ac00000, 0x000000008ac00000|100%|HC|  |TAMS 0x000000008ac00000, 0x000000008ab00000| Complete 
| 172|0x000000008ac00000, 0x000000008ad00000, 0x000000008ad00000|100%|HS|  |TAMS 0x000000008ad00000, 0x000000008ac00000| Complete 
| 173|0x000000008ad00000, 0x000000008ae00000, 0x000000008ae00000|100%| O|  |TAMS 0x000000008ae00000, 0x000000008ad00000| Untracked 
| 174|0x000000008ae00000, 0x000000008af00000, 0x000000008af00000|100%| O|  |TAMS 0x000000008aee9c00, 0x000000008ae00000| Complete 
| 175|0x000000008af00000, 0x000000008b000000, 0x000000008b000000|100%|HS|  |TAMS 0x000000008af00000, 0x000000008af00000| Complete 
| 176|0x000000008b000000, 0x000000008b100000, 0x000000008b100000|100%|HS|  |TAMS 0x000000008b100000, 0x000000008b000000| Complete 
| 177|0x000000008b100000, 0x000000008b200000, 0x000000008b200000|100%|HC|  |TAMS 0x000000008b200000, 0x000000008b100000| Complete 
| 178|0x000000008b200000, 0x000000008b300000, 0x000000008b300000|100%|HC|  |TAMS 0x000000008b300000, 0x000000008b200000| Complete 
| 179|0x000000008b300000, 0x000000008b400000, 0x000000008b400000|100%|HS|  |TAMS 0x000000008b400000, 0x000000008b300000| Complete 
| 180|0x000000008b400000, 0x000000008b500000, 0x000000008b500000|100%| O|  |TAMS 0x000000008b500000, 0x000000008b400000| Complete 
| 181|0x000000008b500000, 0x000000008b600000, 0x000000008b600000|100%|HS|  |TAMS 0x000000008b600000, 0x000000008b500000| Complete 
| 182|0x000000008b600000, 0x000000008b700000, 0x000000008b700000|100%|HS|  |TAMS 0x000000008b700000, 0x000000008b600000| Complete 
| 183|0x000000008b700000, 0x000000008b800000, 0x000000008b800000|100%|HS|  |TAMS 0x000000008b800000, 0x000000008b700000| Complete 
| 184|0x000000008b800000, 0x000000008b900000, 0x000000008b900000|100%| O|  |TAMS 0x000000008b900000, 0x000000008b800000| Untracked 
| 185|0x000000008b900000, 0x000000008ba00000, 0x000000008ba00000|100%| O|  |TAMS 0x000000008ba00000, 0x000000008b900000| Complete 
| 186|0x000000008ba00000, 0x000000008bb00000, 0x000000008bb00000|100%| O|  |TAMS 0x000000008bb00000, 0x000000008ba00000| Complete 
| 187|0x000000008bb00000, 0x000000008bc00000, 0x000000008bc00000|100%| O|  |TAMS 0x000000008bc00000, 0x000000008bb00000| Complete 
| 188|0x000000008bc00000, 0x000000008bd00000, 0x000000008bd00000|100%| O|  |TAMS 0x000000008bd00000, 0x000000008bc00000| Complete 
| 189|0x000000008bd00000, 0x000000008be00000, 0x000000008be00000|100%| O|  |TAMS 0x000000008be00000, 0x000000008bd00000| Untracked 
| 190|0x000000008be00000, 0x000000008bf00000, 0x000000008bf00000|100%| O|  |TAMS 0x000000008bf00000, 0x000000008be00000| Untracked 
| 191|0x000000008bf00000, 0x000000008c000000, 0x000000008c000000|100%| O|  |TAMS 0x000000008c000000, 0x000000008bf00000| Untracked 
| 192|0x000000008c000000, 0x000000008c100000, 0x000000008c100000|100%| O|  |TAMS 0x000000008c100000, 0x000000008c000000| Untracked 
| 193|0x000000008c100000, 0x000000008c200000, 0x000000008c200000|100%| O|  |TAMS 0x000000008c200000, 0x000000008c100000| Complete 
| 194|0x000000008c200000, 0x000000008c300000, 0x000000008c300000|100%|HS|  |TAMS 0x000000008c300000, 0x000000008c200000| Complete 
| 195|0x000000008c300000, 0x000000008c400000, 0x000000008c400000|100%|HS|  |TAMS 0x000000008c400000, 0x000000008c300000| Complete 
| 196|0x000000008c400000, 0x000000008c500000, 0x000000008c500000|100%|HS|  |TAMS 0x000000008c500000, 0x000000008c400000| Complete 
| 197|0x000000008c500000, 0x000000008c600000, 0x000000008c600000|100%|HC|  |TAMS 0x000000008c600000, 0x000000008c500000| Complete 
| 198|0x000000008c600000, 0x000000008c700000, 0x000000008c700000|100%|HC|  |TAMS 0x000000008c700000, 0x000000008c600000| Complete 
| 199|0x000000008c700000, 0x000000008c800000, 0x000000008c800000|100%|HS|  |TAMS 0x000000008c800000, 0x000000008c700000| Complete 
| 200|0x000000008c800000, 0x000000008c900000, 0x000000008c900000|100%|HC|  |TAMS 0x000000008c900000, 0x000000008c800000| Complete 
| 201|0x000000008c900000, 0x000000008ca00000, 0x000000008ca00000|100%|HC|  |TAMS 0x000000008ca00000, 0x000000008c900000| Complete 
| 202|0x000000008ca00000, 0x000000008cb00000, 0x000000008cb00000|100%|HS|  |TAMS 0x000000008cb00000, 0x000000008ca00000| Complete 
| 203|0x000000008cb00000, 0x000000008cc00000, 0x000000008cc00000|100%|HS|  |TAMS 0x000000008cc00000, 0x000000008cb00000| Complete 
| 204|0x000000008cc00000, 0x000000008cd00000, 0x000000008cd00000|100%| O|  |TAMS 0x000000008cd00000, 0x000000008cc00000| Complete 
| 205|0x000000008cd00000, 0x000000008ce00000, 0x000000008ce00000|100%|HS|  |TAMS 0x000000008ce00000, 0x000000008cd00000| Complete 
| 206|0x000000008ce00000, 0x000000008cf00000, 0x000000008cf00000|100%| O|  |TAMS 0x000000008cf00000, 0x000000008ce00000| Complete 
| 207|0x000000008cf00000, 0x000000008d000000, 0x000000008d000000|100%|HS|  |TAMS 0x000000008d000000, 0x000000008cf00000| Complete 
| 208|0x000000008d000000, 0x000000008d100000, 0x000000008d100000|100%| O|  |TAMS 0x000000008d100000, 0x000000008d000000| Untracked 
| 209|0x000000008d100000, 0x000000008d200000, 0x000000008d200000|100%| O|  |TAMS 0x000000008d200000, 0x000000008d100000| Complete 
| 210|0x000000008d200000, 0x000000008d300000, 0x000000008d300000|100%|HS|  |TAMS 0x000000008d300000, 0x000000008d200000| Complete 
| 211|0x000000008d300000, 0x000000008d400000, 0x000000008d400000|100%|HC|  |TAMS 0x000000008d400000, 0x000000008d300000| Complete 
| 212|0x000000008d400000, 0x000000008d500000, 0x000000008d500000|100%| O|  |TAMS 0x000000008d500000, 0x000000008d400000| Untracked 
| 213|0x000000008d500000, 0x000000008d600000, 0x000000008d600000|100%| O|  |TAMS 0x000000008d600000, 0x000000008d500000| Untracked 
| 214|0x000000008d600000, 0x000000008d700000, 0x000000008d700000|100%| O|  |TAMS 0x000000008d700000, 0x000000008d600000| Untracked 
| 215|0x000000008d700000, 0x000000008d800000, 0x000000008d800000|100%|HS|  |TAMS 0x000000008d800000, 0x000000008d700000| Complete 
| 216|0x000000008d800000, 0x000000008d900000, 0x000000008d900000|100%|HC|  |TAMS 0x000000008d900000, 0x000000008d800000| Complete 
| 217|0x000000008d900000, 0x000000008da00000, 0x000000008da00000|100%|HC|  |TAMS 0x000000008da00000, 0x000000008d900000| Complete 
| 218|0x000000008da00000, 0x000000008db00000, 0x000000008db00000|100%| O|  |TAMS 0x000000008db00000, 0x000000008da00000| Complete 
| 219|0x000000008db00000, 0x000000008dc00000, 0x000000008dc00000|100%| O|  |TAMS 0x000000008dc00000, 0x000000008db00000| Untracked 
| 220|0x000000008dc00000, 0x000000008dd00000, 0x000000008dd00000|100%|HS|  |TAMS 0x000000008dd00000, 0x000000008dc00000| Complete 
| 221|0x000000008dd00000, 0x000000008de00000, 0x000000008de00000|100%|HC|  |TAMS 0x000000008de00000, 0x000000008dd00000| Complete 
| 222|0x000000008de00000, 0x000000008df00000, 0x000000008df00000|100%| O|  |TAMS 0x000000008df00000, 0x000000008de00000| Untracked 
| 223|0x000000008df00000, 0x000000008e000000, 0x000000008e000000|100%| O|  |TAMS 0x000000008e000000, 0x000000008df00000| Untracked 
| 224|0x000000008e000000, 0x000000008e100000, 0x000000008e100000|100%|HS|  |TAMS 0x000000008e100000, 0x000000008e000000| Complete 
| 225|0x000000008e100000, 0x000000008e200000, 0x000000008e200000|100%|HC|  |TAMS 0x000000008e200000, 0x000000008e100000| Complete 
| 226|0x000000008e200000, 0x000000008e300000, 0x000000008e300000|100%| O|  |TAMS 0x000000008e300000, 0x000000008e200000| Untracked 
| 227|0x000000008e300000, 0x000000008e400000, 0x000000008e400000|100%|HS|  |TAMS 0x000000008e400000, 0x000000008e300000| Complete 
| 228|0x000000008e400000, 0x000000008e500000, 0x000000008e500000|100%| O|  |TAMS 0x000000008e500000, 0x000000008e400000| Untracked 
| 229|0x000000008e500000, 0x000000008e600000, 0x000000008e600000|100%|HS|  |TAMS 0x000000008e600000, 0x000000008e500000| Complete 
| 230|0x000000008e600000, 0x000000008e700000, 0x000000008e700000|100%| O|  |TAMS 0x000000008e700000, 0x000000008e600000| Untracked 
| 231|0x000000008e700000, 0x000000008e800000, 0x000000008e800000|100%|HS|  |TAMS 0x000000008e800000, 0x000000008e700000| Complete 
| 232|0x000000008e800000, 0x000000008e900000, 0x000000008e900000|100%| O|  |TAMS 0x000000008e900000, 0x000000008e800000| Untracked 
| 233|0x000000008e900000, 0x000000008ea00000, 0x000000008ea00000|100%|HS|  |TAMS 0x000000008ea00000, 0x000000008e900000| Complete 
| 234|0x000000008ea00000, 0x000000008eb00000, 0x000000008eb00000|100%| O|  |TAMS 0x000000008eb00000, 0x000000008ea00000| Complete 
| 235|0x000000008eb00000, 0x000000008ec00000, 0x000000008ec00000|100%| O|  |TAMS 0x000000008ec00000, 0x000000008eb00000| Untracked 
| 236|0x000000008ec00000, 0x000000008ed00000, 0x000000008ed00000|100%| O|  |TAMS 0x000000008ed00000, 0x000000008ec00000| Untracked 
| 237|0x000000008ed00000, 0x000000008ee00000, 0x000000008ee00000|100%| O|  |TAMS 0x000000008ee00000, 0x000000008ed00000| Untracked 
| 238|0x000000008ee00000, 0x000000008ef00000, 0x000000008ef00000|100%| O|  |TAMS 0x000000008ef00000, 0x000000008ee00000| Complete 
| 239|0x000000008ef00000, 0x000000008f000000, 0x000000008f000000|100%| O|  |TAMS 0x000000008f000000, 0x000000008ef00000| Complete 
| 240|0x000000008f000000, 0x000000008f100000, 0x000000008f100000|100%| O|  |TAMS 0x000000008f100000, 0x000000008f000000| Complete 
| 241|0x000000008f100000, 0x000000008f200000, 0x000000008f200000|100%| O|  |TAMS 0x000000008f200000, 0x000000008f100000| Untracked 
| 242|0x000000008f200000, 0x000000008f300000, 0x000000008f300000|100%| O|  |TAMS 0x000000008f300000, 0x000000008f200000| Untracked 
| 243|0x000000008f300000, 0x000000008f400000, 0x000000008f400000|100%| O|  |TAMS 0x000000008f400000, 0x000000008f300000| Untracked 
| 244|0x000000008f400000, 0x000000008f500000, 0x000000008f500000|100%| O|  |TAMS 0x000000008f500000, 0x000000008f400000| Untracked 
| 245|0x000000008f500000, 0x000000008f600000, 0x000000008f600000|100%| O|  |TAMS 0x000000008f600000, 0x000000008f500000| Complete 
| 246|0x000000008f600000, 0x000000008f700000, 0x000000008f700000|100%| O|  |TAMS 0x000000008f700000, 0x000000008f600000| Complete 
| 247|0x000000008f700000, 0x000000008f800000, 0x000000008f800000|100%| O|  |TAMS 0x000000008f800000, 0x000000008f700000| Untracked 
| 248|0x000000008f800000, 0x000000008f900000, 0x000000008f900000|100%| O|  |TAMS 0x000000008f900000, 0x000000008f800000| Untracked 
| 249|0x000000008f900000, 0x000000008fa00000, 0x000000008fa00000|100%| O|  |TAMS 0x000000008fa00000, 0x000000008f900000| Complete 
| 250|0x000000008fa00000, 0x000000008fb00000, 0x000000008fb00000|100%|HS|  |TAMS 0x000000008fa00000, 0x000000008fa00000| Complete 
| 251|0x000000008fb00000, 0x000000008fc00000, 0x000000008fc00000|100%| O|  |TAMS 0x000000008fb00000, 0x000000008fb00000| Untracked 
| 252|0x000000008fc00000, 0x000000008fd00000, 0x000000008fd00000|100%| O|  |TAMS 0x000000008fc00000, 0x000000008fc00000| Untracked 
| 253|0x000000008fd00000, 0x000000008fe00000, 0x000000008fe00000|100%| O|  |TAMS 0x000000008fe00000, 0x000000008fd00000| Untracked 
| 254|0x000000008fe00000, 0x000000008ff00000, 0x000000008ff00000|100%| O|  |TAMS 0x000000008ff00000, 0x000000008fe00000| Complete 
| 255|0x000000008ff00000, 0x0000000090000000, 0x0000000090000000|100%| O|  |TAMS 0x000000008ff00000, 0x000000008ff00000| Untracked 
| 256|0x0000000090000000, 0x0000000090100000, 0x0000000090100000|100%| O|  |TAMS 0x0000000090000000, 0x0000000090000000| Untracked 
| 257|0x0000000090100000, 0x0000000090200000, 0x0000000090200000|100%| O|  |TAMS 0x0000000090100000, 0x0000000090100000| Untracked 
| 258|0x0000000090200000, 0x0000000090300000, 0x0000000090300000|100%| O|  |TAMS 0x0000000090200000, 0x0000000090200000| Untracked 
| 259|0x0000000090300000, 0x0000000090400000, 0x0000000090400000|100%| O|  |TAMS 0x0000000090300000, 0x0000000090300000| Untracked 
| 260|0x0000000090400000, 0x0000000090500000, 0x0000000090500000|100%| O|  |TAMS 0x0000000090400000, 0x0000000090400000| Untracked 
| 261|0x0000000090500000, 0x0000000090600000, 0x0000000090600000|100%| O|  |TAMS 0x0000000090500000, 0x0000000090500000| Untracked 
| 262|0x0000000090600000, 0x0000000090700000, 0x0000000090700000|100%| O|  |TAMS 0x0000000090600000, 0x0000000090600000| Untracked 
| 263|0x0000000090700000, 0x0000000090800000, 0x0000000090800000|100%| O|  |TAMS 0x0000000090700000, 0x0000000090700000| Untracked 
| 264|0x0000000090800000, 0x0000000090900000, 0x0000000090900000|100%| O|  |TAMS 0x0000000090800000, 0x0000000090800000| Untracked 
| 265|0x0000000090900000, 0x0000000090a00000, 0x0000000090a00000|100%|HS|  |TAMS 0x0000000090900000, 0x0000000090900000| Complete 
| 266|0x0000000090a00000, 0x0000000090b00000, 0x0000000090b00000|100%|HC|  |TAMS 0x0000000090a00000, 0x0000000090a00000| Complete 
| 267|0x0000000090b00000, 0x0000000090c00000, 0x0000000090c00000|100%|HS|  |TAMS 0x0000000090b00000, 0x0000000090b00000| Complete 
| 268|0x0000000090c00000, 0x0000000090d00000, 0x0000000090d00000|100%|HC|  |TAMS 0x0000000090c00000, 0x0000000090c00000| Complete 
| 269|0x0000000090d00000, 0x0000000090e00000, 0x0000000090e00000|100%| O|  |TAMS 0x0000000090d00000, 0x0000000090d00000| Untracked 
| 270|0x0000000090e00000, 0x0000000090f00000, 0x0000000090f00000|100%| O|  |TAMS 0x0000000090e00000, 0x0000000090e00000| Untracked 
| 271|0x0000000090f00000, 0x0000000091000000, 0x0000000091000000|100%| O|  |TAMS 0x0000000090f00000, 0x0000000090f00000| Untracked 
| 272|0x0000000091000000, 0x0000000091100000, 0x0000000091100000|100%| O|  |TAMS 0x0000000091000000, 0x0000000091000000| Untracked 
| 273|0x0000000091100000, 0x0000000091200000, 0x0000000091200000|100%| O|  |TAMS 0x0000000091100000, 0x0000000091100000| Untracked 
| 274|0x0000000091200000, 0x0000000091300000, 0x0000000091300000|100%| O|  |TAMS 0x0000000091200000, 0x0000000091200000| Untracked 
| 275|0x0000000091300000, 0x0000000091400000, 0x0000000091400000|100%| O|  |TAMS 0x0000000091300000, 0x0000000091300000| Untracked 
| 276|0x0000000091400000, 0x0000000091500000, 0x0000000091500000|100%| O|  |TAMS 0x0000000091400000, 0x0000000091400000| Untracked 
| 277|0x0000000091500000, 0x000000009154f800, 0x0000000091600000| 31%| O|  |TAMS 0x0000000091500000, 0x0000000091500000| Untracked 
| 278|0x0000000091600000, 0x0000000091600000, 0x0000000091700000|  0%| F|  |TAMS 0x0000000091600000, 0x0000000091600000| Untracked 
| 279|0x0000000091700000, 0x0000000091700000, 0x0000000091800000|  0%| F|  |TAMS 0x0000000091700000, 0x0000000091700000| Untracked 
| 280|0x0000000091800000, 0x0000000091800000, 0x0000000091900000|  0%| F|  |TAMS 0x0000000091800000, 0x0000000091800000| Untracked 
| 281|0x0000000091900000, 0x0000000091900000, 0x0000000091a00000|  0%| F|  |TAMS 0x0000000091900000, 0x0000000091900000| Untracked 
| 282|0x0000000091a00000, 0x0000000091a00000, 0x0000000091b00000|  0%| F|  |TAMS 0x0000000091a00000, 0x0000000091a00000| Untracked 
| 283|0x0000000091b00000, 0x0000000091b00000, 0x0000000091c00000|  0%| F|  |TAMS 0x0000000091b00000, 0x0000000091b00000| Untracked 
| 284|0x0000000091c00000, 0x0000000091c00000, 0x0000000091d00000|  0%| F|  |TAMS 0x0000000091c00000, 0x0000000091c00000| Untracked 
| 285|0x0000000091d00000, 0x0000000091d00000, 0x0000000091e00000|  0%| F|  |TAMS 0x0000000091d00000, 0x0000000091d00000| Untracked 
| 286|0x0000000091e00000, 0x0000000091e00000, 0x0000000091f00000|  0%| F|  |TAMS 0x0000000091e00000, 0x0000000091e00000| Untracked 
| 287|0x0000000091f00000, 0x0000000091f00000, 0x0000000092000000|  0%| F|  |TAMS 0x0000000091f00000, 0x0000000091f00000| Untracked 
| 288|0x0000000092000000, 0x0000000092000000, 0x0000000092100000|  0%| F|  |TAMS 0x0000000092000000, 0x0000000092000000| Untracked 
| 289|0x0000000092100000, 0x0000000092100000, 0x0000000092200000|  0%| F|  |TAMS 0x0000000092100000, 0x0000000092100000| Untracked 
| 290|0x0000000092200000, 0x0000000092200000, 0x0000000092300000|  0%| F|  |TAMS 0x0000000092200000, 0x0000000092200000| Untracked 
| 291|0x0000000092300000, 0x0000000092300000, 0x0000000092400000|  0%| F|  |TAMS 0x0000000092300000, 0x0000000092300000| Untracked 
| 292|0x0000000092400000, 0x0000000092400000, 0x0000000092500000|  0%| F|  |TAMS 0x0000000092400000, 0x0000000092400000| Untracked 
| 293|0x0000000092500000, 0x0000000092500000, 0x0000000092600000|  0%| F|  |TAMS 0x0000000092500000, 0x0000000092500000| Untracked 
| 294|0x0000000092600000, 0x0000000092600000, 0x0000000092700000|  0%| F|  |TAMS 0x0000000092600000, 0x0000000092600000| Untracked 
| 295|0x0000000092700000, 0x0000000092700000, 0x0000000092800000|  0%| F|  |TAMS 0x0000000092700000, 0x0000000092700000| Untracked 
| 296|0x0000000092800000, 0x0000000092800000, 0x0000000092900000|  0%| F|  |TAMS 0x0000000092800000, 0x0000000092800000| Untracked 
| 297|0x0000000092900000, 0x0000000092900000, 0x0000000092a00000|  0%| F|  |TAMS 0x0000000092900000, 0x0000000092900000| Untracked 
| 298|0x0000000092a00000, 0x0000000092a00000, 0x0000000092b00000|  0%| F|  |TAMS 0x0000000092a00000, 0x0000000092a00000| Untracked 
| 299|0x0000000092b00000, 0x0000000092b00000, 0x0000000092c00000|  0%| F|  |TAMS 0x0000000092b00000, 0x0000000092b00000| Untracked 
| 300|0x0000000092c00000, 0x0000000092c00000, 0x0000000092d00000|  0%| F|  |TAMS 0x0000000092c00000, 0x0000000092c00000| Untracked 
| 301|0x0000000092d00000, 0x0000000092d00000, 0x0000000092e00000|  0%| F|  |TAMS 0x0000000092d00000, 0x0000000092d00000| Untracked 
| 302|0x0000000092e00000, 0x0000000092e00000, 0x0000000092f00000|  0%| F|  |TAMS 0x0000000092e00000, 0x0000000092e00000| Untracked 
| 303|0x0000000092f00000, 0x0000000092f00000, 0x0000000093000000|  0%| F|  |TAMS 0x0000000092f00000, 0x0000000092f00000| Untracked 
| 304|0x0000000093000000, 0x0000000093000000, 0x0000000093100000|  0%| F|  |TAMS 0x0000000093000000, 0x0000000093000000| Untracked 
| 305|0x0000000093100000, 0x0000000093100000, 0x0000000093200000|  0%| F|  |TAMS 0x0000000093100000, 0x0000000093100000| Untracked 
| 306|0x0000000093200000, 0x0000000093200000, 0x0000000093300000|  0%| F|  |TAMS 0x0000000093200000, 0x0000000093200000| Untracked 
| 307|0x0000000093300000, 0x0000000093300000, 0x0000000093400000|  0%| F|  |TAMS 0x0000000093300000, 0x0000000093300000| Untracked 
| 308|0x0000000093400000, 0x0000000093500000, 0x0000000093500000|100%| O|  |TAMS 0x0000000093500000, 0x0000000093400000| Complete 
| 309|0x0000000093500000, 0x0000000093600000, 0x0000000093600000|100%| O|  |TAMS 0x0000000093600000, 0x0000000093500000| Complete 
| 310|0x0000000093600000, 0x0000000093700000, 0x0000000093700000|100%| O|  |TAMS 0x0000000093700000, 0x0000000093600000| Untracked 
| 311|0x0000000093700000, 0x0000000093700000, 0x0000000093800000|  0%| F|  |TAMS 0x0000000093700000, 0x0000000093700000| Untracked 
| 312|0x0000000093800000, 0x0000000093800000, 0x0000000093900000|  0%| F|  |TAMS 0x0000000093800000, 0x0000000093800000| Untracked 
| 313|0x0000000093900000, 0x0000000093900000, 0x0000000093a00000|  0%| F|  |TAMS 0x0000000093900000, 0x0000000093900000| Untracked 
| 314|0x0000000093a00000, 0x0000000093a00000, 0x0000000093b00000|  0%| F|  |TAMS 0x0000000093a00000, 0x0000000093a00000| Untracked 
| 315|0x0000000093b00000, 0x0000000093b00000, 0x0000000093c00000|  0%| F|  |TAMS 0x0000000093b00000, 0x0000000093b00000| Untracked 
| 316|0x0000000093c00000, 0x0000000093c00000, 0x0000000093d00000|  0%| F|  |TAMS 0x0000000093c00000, 0x0000000093c00000| Untracked 
| 317|0x0000000093d00000, 0x0000000093d00000, 0x0000000093e00000|  0%| F|  |TAMS 0x0000000093d00000, 0x0000000093d00000| Untracked 
| 318|0x0000000093e00000, 0x0000000093e00000, 0x0000000093f00000|  0%| F|  |TAMS 0x0000000093e00000, 0x0000000093e00000| Untracked 
| 319|0x0000000093f00000, 0x0000000093f00000, 0x0000000094000000|  0%| F|  |TAMS 0x0000000093f00000, 0x0000000093f00000| Untracked 
| 320|0x0000000094000000, 0x0000000094000000, 0x0000000094100000|  0%| F|  |TAMS 0x0000000094000000, 0x0000000094000000| Untracked 
| 321|0x0000000094100000, 0x0000000094100000, 0x0000000094200000|  0%| F|  |TAMS 0x0000000094100000, 0x0000000094100000| Untracked 
| 322|0x0000000094200000, 0x0000000094200000, 0x0000000094300000|  0%| F|  |TAMS 0x0000000094200000, 0x0000000094200000| Untracked 
| 323|0x0000000094300000, 0x0000000094300000, 0x0000000094400000|  0%| F|  |TAMS 0x0000000094300000, 0x0000000094300000| Untracked 
| 324|0x0000000094400000, 0x0000000094400000, 0x0000000094500000|  0%| F|  |TAMS 0x0000000094400000, 0x0000000094400000| Untracked 
| 325|0x0000000094500000, 0x0000000094500000, 0x0000000094600000|  0%| F|  |TAMS 0x0000000094500000, 0x0000000094500000| Untracked 
| 326|0x0000000094600000, 0x0000000094600000, 0x0000000094700000|  0%| F|  |TAMS 0x0000000094600000, 0x0000000094600000| Untracked 
| 327|0x0000000094700000, 0x0000000094700000, 0x0000000094800000|  0%| F|  |TAMS 0x0000000094700000, 0x0000000094700000| Untracked 
| 328|0x0000000094800000, 0x0000000094800000, 0x0000000094900000|  0%| F|  |TAMS 0x0000000094800000, 0x0000000094800000| Untracked 
| 329|0x0000000094900000, 0x0000000094900000, 0x0000000094a00000|  0%| F|  |TAMS 0x0000000094900000, 0x0000000094900000| Untracked 
| 330|0x0000000094a00000, 0x0000000094a00000, 0x0000000094b00000|  0%| F|  |TAMS 0x0000000094a00000, 0x0000000094a00000| Untracked 
| 331|0x0000000094b00000, 0x0000000094b00000, 0x0000000094c00000|  0%| F|  |TAMS 0x0000000094b00000, 0x0000000094b00000| Untracked 
| 332|0x0000000094c00000, 0x0000000094c00000, 0x0000000094d00000|  0%| F|  |TAMS 0x0000000094c00000, 0x0000000094c00000| Untracked 
| 333|0x0000000094d00000, 0x0000000094d00000, 0x0000000094e00000|  0%| F|  |TAMS 0x0000000094d00000, 0x0000000094d00000| Untracked 
| 334|0x0000000094e00000, 0x0000000094e00000, 0x0000000094f00000|  0%| F|  |TAMS 0x0000000094e00000, 0x0000000094e00000| Untracked 
| 335|0x0000000094f00000, 0x0000000094f00000, 0x0000000095000000|  0%| F|  |TAMS 0x0000000094f00000, 0x0000000094f00000| Untracked 
| 336|0x0000000095000000, 0x0000000095000000, 0x0000000095100000|  0%| F|  |TAMS 0x0000000095000000, 0x0000000095000000| Untracked 
| 337|0x0000000095100000, 0x0000000095100000, 0x0000000095200000|  0%| F|  |TAMS 0x0000000095100000, 0x0000000095100000| Untracked 
| 338|0x0000000095200000, 0x0000000095200000, 0x0000000095300000|  0%| F|  |TAMS 0x0000000095200000, 0x0000000095200000| Untracked 
| 339|0x0000000095300000, 0x0000000095300000, 0x0000000095400000|  0%| F|  |TAMS 0x0000000095300000, 0x0000000095300000| Untracked 
| 340|0x0000000095400000, 0x0000000095500000, 0x0000000095500000|100%| S|CS|TAMS 0x0000000095400000, 0x0000000095400000| Complete 
| 341|0x0000000095500000, 0x0000000095600000, 0x0000000095600000|100%| S|CS|TAMS 0x0000000095500000, 0x0000000095500000| Complete 
| 342|0x0000000095600000, 0x0000000095700000, 0x0000000095700000|100%| S|CS|TAMS 0x0000000095600000, 0x0000000095600000| Complete 
| 343|0x0000000095700000, 0x0000000095800000, 0x0000000095800000|100%| S|CS|TAMS 0x0000000095700000, 0x0000000095700000| Complete 
| 344|0x0000000095800000, 0x0000000095900000, 0x0000000095900000|100%| S|CS|TAMS 0x0000000095800000, 0x0000000095800000| Complete 
| 345|0x0000000095900000, 0x0000000095900000, 0x0000000095a00000|  0%| F|  |TAMS 0x0000000095900000, 0x0000000095900000| Untracked 
| 346|0x0000000095a00000, 0x0000000095a00000, 0x0000000095b00000|  0%| F|  |TAMS 0x0000000095a00000, 0x0000000095a00000| Untracked 
| 347|0x0000000095b00000, 0x0000000095b00000, 0x0000000095c00000|  0%| F|  |TAMS 0x0000000095b00000, 0x0000000095b00000| Untracked 
| 348|0x0000000095c00000, 0x0000000095c00000, 0x0000000095d00000|  0%| F|  |TAMS 0x0000000095c00000, 0x0000000095c00000| Untracked 
| 349|0x0000000095d00000, 0x0000000095d00000, 0x0000000095e00000|  0%| F|  |TAMS 0x0000000095d00000, 0x0000000095d00000| Untracked 
| 350|0x0000000095e00000, 0x0000000095e00000, 0x0000000095f00000|  0%| F|  |TAMS 0x0000000095e00000, 0x0000000095e00000| Untracked 
| 351|0x0000000095f00000, 0x0000000095f00000, 0x0000000096000000|  0%| F|  |TAMS 0x0000000095f00000, 0x0000000095f00000| Untracked 
| 352|0x0000000096000000, 0x0000000096000000, 0x0000000096100000|  0%| F|  |TAMS 0x0000000096000000, 0x0000000096000000| Untracked 
| 353|0x0000000096100000, 0x0000000096100000, 0x0000000096200000|  0%| F|  |TAMS 0x0000000096100000, 0x0000000096100000| Untracked 
| 354|0x0000000096200000, 0x0000000096200000, 0x0000000096300000|  0%| F|  |TAMS 0x0000000096200000, 0x0000000096200000| Untracked 
| 355|0x0000000096300000, 0x0000000096300000, 0x0000000096400000|  0%| F|  |TAMS 0x0000000096300000, 0x0000000096300000| Untracked 
| 356|0x0000000096400000, 0x0000000096400000, 0x0000000096500000|  0%| F|  |TAMS 0x0000000096400000, 0x0000000096400000| Untracked 
| 357|0x0000000096500000, 0x0000000096500000, 0x0000000096600000|  0%| F|  |TAMS 0x0000000096500000, 0x0000000096500000| Untracked 
| 358|0x0000000096600000, 0x0000000096600000, 0x0000000096700000|  0%| F|  |TAMS 0x0000000096600000, 0x0000000096600000| Untracked 
| 359|0x0000000096700000, 0x0000000096700000, 0x0000000096800000|  0%| F|  |TAMS 0x0000000096700000, 0x0000000096700000| Untracked 
| 360|0x0000000096800000, 0x0000000096800000, 0x0000000096900000|  0%| F|  |TAMS 0x0000000096800000, 0x0000000096800000| Untracked 
| 361|0x0000000096900000, 0x0000000096900000, 0x0000000096a00000|  0%| F|  |TAMS 0x0000000096900000, 0x0000000096900000| Untracked 
| 362|0x0000000096a00000, 0x0000000096a00000, 0x0000000096b00000|  0%| F|  |TAMS 0x0000000096a00000, 0x0000000096a00000| Untracked 
| 363|0x0000000096b00000, 0x0000000096b00000, 0x0000000096c00000|  0%| F|  |TAMS 0x0000000096b00000, 0x0000000096b00000| Untracked 
| 364|0x0000000096c00000, 0x0000000096c00000, 0x0000000096d00000|  0%| F|  |TAMS 0x0000000096c00000, 0x0000000096c00000| Untracked 
| 365|0x0000000096d00000, 0x0000000096d00000, 0x0000000096e00000|  0%| F|  |TAMS 0x0000000096d00000, 0x0000000096d00000| Untracked 
| 366|0x0000000096e00000, 0x0000000096e00000, 0x0000000096f00000|  0%| F|  |TAMS 0x0000000096e00000, 0x0000000096e00000| Untracked 
| 367|0x0000000096f00000, 0x0000000096f00000, 0x0000000097000000|  0%| F|  |TAMS 0x0000000096f00000, 0x0000000096f00000| Untracked 
| 368|0x0000000097000000, 0x0000000097000000, 0x0000000097100000|  0%| F|  |TAMS 0x0000000097000000, 0x0000000097000000| Untracked 
| 369|0x0000000097100000, 0x0000000097100000, 0x0000000097200000|  0%| F|  |TAMS 0x0000000097100000, 0x0000000097100000| Untracked 
| 370|0x0000000097200000, 0x0000000097200000, 0x0000000097300000|  0%| F|  |TAMS 0x0000000097200000, 0x0000000097200000| Untracked 
| 371|0x0000000097300000, 0x0000000097300000, 0x0000000097400000|  0%| F|  |TAMS 0x0000000097300000, 0x0000000097300000| Untracked 
| 372|0x0000000097400000, 0x0000000097400000, 0x0000000097500000|  0%| F|  |TAMS 0x0000000097400000, 0x0000000097400000| Untracked 
| 373|0x0000000097500000, 0x0000000097500000, 0x0000000097600000|  0%| F|  |TAMS 0x0000000097500000, 0x0000000097500000| Untracked 

Card table byte_map: [0x000001cab1400000,0x000001cab1800000] _byte_map_base: 0x000001cab1000000

Marking Bits (Prev, Next): (CMBitMap*) 0x000001ca9e446a80, (CMBitMap*) 0x000001ca9e446a48
 Prev Bits: [0x000001cab3c00000, 0x000001cab5c00000)
 Next Bits: [0x000001cab1c00000, 0x000001cab3c00000)

Polling page: 0x000001ca9c360000

Metaspace:

Usage:
  Non-class:    108.65 MB capacity,   106.49 MB ( 98%) used,     1.77 MB (  2%) free+waste,   395.13 KB ( <1%) overhead. 
      Class:     16.05 MB capacity,    14.83 MB ( 92%) used,     1.05 MB (  7%) free+waste,   175.31 KB (  1%) overhead. 
       Both:    124.70 MB capacity,   121.33 MB ( 97%) used,     2.82 MB (  2%) free+waste,   570.44 KB ( <1%) overhead. 

Virtual space:
  Non-class space:      110.00 MB reserved,     108.74 MB ( 99%) committed 
      Class space:        1.00 GB reserved,      16.13 MB (  2%) committed 
             Both:        1.11 GB reserved,     124.87 MB ( 11%) committed 

Chunk freelists:
   Non-Class:  35.00 KB
       Class:  41.00 KB
        Both:  76.00 KB

MaxMetaspaceSize: 17179869184.00 GB
CompressedClassSpaceSize: 1.00 GB

CodeHeap 'non-profiled nmethods': size=120064Kb used=12604Kb max_used=12604Kb free=107459Kb
 bounds [0x000001caa99b0000, 0x000001caaa620000, 0x000001cab0ef0000]
CodeHeap 'profiled nmethods': size=120000Kb used=45226Kb max_used=45226Kb free=74773Kb
 bounds [0x000001caa2480000, 0x000001caa50c0000, 0x000001caa99b0000]
CodeHeap 'non-nmethods': size=5696Kb used=2340Kb max_used=2392Kb free=3356Kb
 bounds [0x000001caa1ef0000, 0x000001caa2160000, 0x000001caa2480000]
 total_blobs=21080 nmethods=20124 adapters=865
 compilation: enabled
              stopped_count=0, restarted_count=0
 full_count=0

Compilation events (20 events):
Event: 85.525 Thread 0x000001cabbb24800 nmethod 22146 0x000001caa9e72490 code [0x000001caa9e72660, 0x000001caa9e72968]
Event: 85.525 Thread 0x000001cabbb24800 22147       4       java.io.ByteArrayOutputStream::grow (43 bytes)
Event: 85.527 Thread 0x000001cabbb24800 nmethod 22147 0x000001caa9e71e10 code [0x000001caa9e71fc0, 0x000001caa9e72338]
Event: 85.527 Thread 0x000001cabbb24800 21913   !   4       com.android.tools.build.apkzlib.zip.CentralDirectoryHeader::getCompressionInfoWithWait (50 bytes)
Event: 85.528 Thread 0x000001cab8d26000 22148       1       com.android.tools.r8.s.a.b.m.a::b (6 bytes)
Event: 85.528 Thread 0x000001cab8d26000 nmethod 22148 0x000001caa9db4510 code [0x000001caa9db46c0, 0x000001caa9db4778]
Event: 85.528 Thread 0x000001cabbb24800 nmethod 21913 0x000001caa9e15890 code [0x000001caa9e15a40, 0x000001caa9e15af8]
Event: 85.528 Thread 0x000001cabbb24800 21914       4       java.nio.HeapByteBuffer::get (59 bytes)
Event: 85.532 Thread 0x000001cabbb24800 nmethod 21914 0x000001caa9e71810 code [0x000001caa9e719c0, 0x000001caa9e71bb8]
Event: 85.532 Thread 0x000001cabbb24800 21910       4       com.android.builder.files.RelativeFile::hashCode (22 bytes)
Event: 85.534 Thread 0x000001cabbb24800 nmethod 21910 0x000001caa9e71390 code [0x000001caa9e71540, 0x000001caa9e716d8]
Event: 85.534 Thread 0x000001cabbb24800 21884       4       com.android.tools.build.apkzlib.zip.FileUseMapEntry::<init> (53 bytes)
Event: 85.535 Thread 0x000001cabbb24800 nmethod 21884 0x000001caa9e70f90 code [0x000001caa9e71120, 0x000001caa9e712d8]
Event: 85.535 Thread 0x000001cabbb24800 21957   !   4       java.nio.file.FileTreeWalker::visit (204 bytes)
Event: 85.563 Thread 0x000001cab8d26000 22150       3       com.android.tools.r8.w.a.a.a.h.Y::a (189 bytes)
Event: 85.563 Thread 0x000001cab8d26000 nmethod 22150 0x000001caa50bbf90 code [0x000001caa50bc200, 0x000001caa50bcbc8]
Event: 85.605 Thread 0x000001cab8d26000 22152       2       org.gradle.internal.logging.slf4j.OutputEventListenerBackedLogger::debug (8 bytes)
Event: 85.605 Thread 0x000001cab8d26000 nmethod 22152 0x000001caa50bcf90 code [0x000001caa50bd180, 0x000001caa50bd598]
Event: 85.612 Thread 0x000001cab8d26000 22153       2       org.gradle.api.internal.artifacts.ivyservice.resolveengine.result.ComponentSelectionReasons$DefaultComponentSelectionReason::<init> (56 bytes)
Event: 85.612 Thread 0x000001cab8d26000 nmethod 22153 0x000001caa50bd810 code [0x000001caa50bd9e0, 0x000001caa50bdda8]

GC Heap History (20 events):
Event: 84.062 GC heap after
{Heap after GC invocations=58 (full 0):
 garbage-first heap   total 315392K, used 175491K [0x0000000080000000, 0x0000000100000000)
  region size 1024K, 8 young (8192K), 8 survivors (8192K)
 Metaspace       used 123303K, capacity 126773K, committed 127096K, reserved 1159168K
  class space    used 15145K, capacity 16420K, committed 16512K, reserved 1048576K
}
Event: 84.264 GC heap before
{Heap before GC invocations=58 (full 0):
 garbage-first heap   total 315392K, used 262531K [0x0000000080000000, 0x0000000100000000)
  region size 1024K, 93 young (95232K), 8 survivors (8192K)
 Metaspace       used 123368K, capacity 126842K, committed 127096K, reserved 1159168K
  class space    used 15145K, capacity 16420K, committed 16512K, reserved 1048576K
}
Event: 84.270 GC heap after
{Heap after GC invocations=59 (full 0):
 garbage-first heap   total 315392K, used 177893K [0x0000000080000000, 0x0000000100000000)
  region size 1024K, 8 young (8192K), 8 survivors (8192K)
 Metaspace       used 123368K, capacity 126842K, committed 127096K, reserved 1159168K
  class space    used 15145K, capacity 16420K, committed 16512K, reserved 1048576K
}
Event: 84.470 GC heap before
{Heap before GC invocations=59 (full 0):
 garbage-first heap   total 315392K, used 265957K [0x0000000080000000, 0x0000000100000000)
  region size 1024K, 94 young (96256K), 8 survivors (8192K)
 Metaspace       used 123390K, capacity 126843K, committed 127096K, reserved 1159168K
  class space    used 15145K, capacity 16420K, committed 16512K, reserved 1048576K
}
Event: 84.474 GC heap after
{Heap after GC invocations=60 (full 0):
 garbage-first heap   total 315392K, used 180337K [0x0000000080000000, 0x0000000100000000)
  region size 1024K, 8 young (8192K), 8 survivors (8192K)
 Metaspace       used 123390K, capacity 126843K, committed 127096K, reserved 1159168K
  class space    used 15145K, capacity 16420K, committed 16512K, reserved 1048576K
}
Event: 84.806 GC heap before
{Heap before GC invocations=60 (full 0):
 garbage-first heap   total 315392K, used 267377K [0x0000000080000000, 0x0000000100000000)
  region size 1024K, 93 young (95232K), 8 survivors (8192K)
 Metaspace       used 123849K, capacity 127321K, committed 127608K, reserved 1161216K
  class space    used 15160K, capacity 16429K, committed 16512K, reserved 1048576K
}
Event: 84.815 GC heap after
{Heap after GC invocations=61 (full 0):
 garbage-first heap   total 315392K, used 186331K [0x0000000080000000, 0x0000000100000000)
  region size 1024K, 11 young (11264K), 11 survivors (11264K)
 Metaspace       used 123849K, capacity 127321K, committed 127608K, reserved 1161216K
  class space    used 15160K, capacity 16429K, committed 16512K, reserved 1048576K
}
Event: 84.882 GC heap before
{Heap before GC invocations=61 (full 0):
 garbage-first heap   total 315392K, used 221147K [0x0000000080000000, 0x0000000100000000)
  region size 1024K, 34 young (34816K), 11 survivors (11264K)
 Metaspace       used 123934K, capacity 127430K, committed 127608K, reserved 1161216K
  class space    used 15169K, capacity 16463K, committed 16512K, reserved 1048576K
}
Event: 84.890 GC heap after
{Heap after GC invocations=62 (full 0):
 garbage-first heap   total 315392K, used 204327K [0x0000000080000000, 0x0000000100000000)
  region size 1024K, 7 young (7168K), 7 survivors (7168K)
 Metaspace       used 123934K, capacity 127430K, committed 127608K, reserved 1161216K
  class space    used 15169K, capacity 16463K, committed 16512K, reserved 1048576K
}
Event: 85.142 GC heap before
{Heap before GC invocations=63 (full 0):
 garbage-first heap   total 315392K, used 293415K [0x0000000080000000, 0x0000000100000000)
  region size 1024K, 55 young (56320K), 7 survivors (7168K)
 Metaspace       used 124040K, capacity 127484K, committed 127608K, reserved 1161216K
  class space    used 15177K, capacity 16436K, committed 16512K, reserved 1048576K
}
Event: 85.148 GC heap after
{Heap after GC invocations=64 (full 0):
 garbage-first heap   total 318464K, used 246227K [0x0000000080000000, 0x0000000100000000)
  region size 1024K, 7 young (7168K), 7 survivors (7168K)
 Metaspace       used 124040K, capacity 127484K, committed 127608K, reserved 1161216K
  class space    used 15177K, capacity 16436K, committed 16512K, reserved 1048576K
}
Event: 85.152 GC heap before
{Heap before GC invocations=64 (full 0):
 garbage-first heap   total 318464K, used 253395K [0x0000000080000000, 0x0000000100000000)
  region size 1024K, 15 young (15360K), 7 survivors (7168K)
 Metaspace       used 124040K, capacity 127484K, committed 127608K, reserved 1161216K
  class space    used 15177K, capacity 16436K, committed 16512K, reserved 1048576K
}
Event: 85.164 GC heap after
{Heap after GC invocations=65 (full 0):
 garbage-first heap   total 382976K, used 226303K [0x0000000080000000, 0x0000000100000000)
  region size 1024K, 2 young (2048K), 2 survivors (2048K)
 Metaspace       used 124040K, capacity 127484K, committed 127608K, reserved 1161216K
  class space    used 15177K, capacity 16436K, committed 16512K, reserved 1048576K
}
Event: 85.335 GC heap before
{Heap before GC invocations=65 (full 0):
 garbage-first heap   total 382976K, used 317439K [0x0000000080000000, 0x0000000100000000)
  region size 1024K, 70 young (71680K), 2 survivors (2048K)
 Metaspace       used 124226K, capacity 127686K, committed 127864K, reserved 1161216K
  class space    used 15186K, capacity 16438K, committed 16512K, reserved 1048576K
}
Event: 85.350 GC heap after
{Heap after GC invocations=66 (full 0):
 garbage-first heap   total 382976K, used 259071K [0x0000000080000000, 0x0000000100000000)
  region size 1024K, 9 young (9216K), 9 survivors (9216K)
 Metaspace       used 124226K, capacity 127686K, committed 127864K, reserved 1161216K
  class space    used 15186K, capacity 16438K, committed 16512K, reserved 1048576K
}
Event: 85.371 GC heap before
{Heap before GC invocations=66 (full 0):
 garbage-first heap   total 382976K, used 267263K [0x0000000080000000, 0x0000000100000000)
  region size 1024K, 18 young (18432K), 9 survivors (9216K)
 Metaspace       used 124226K, capacity 127686K, committed 127864K, reserved 1161216K
  class space    used 15186K, capacity 16438K, committed 16512K, reserved 1048576K
}
Event: 85.380 GC heap after
{Heap after GC invocations=67 (full 0):
 garbage-first heap   total 382976K, used 263649K [0x0000000080000000, 0x0000000100000000)
  region size 1024K, 4 young (4096K), 4 survivors (4096K)
 Metaspace       used 124226K, capacity 127686K, committed 127864K, reserved 1161216K
  class space    used 15186K, capacity 16438K, committed 16512K, reserved 1048576K
}
Event: 85.477 GC heap before
{Heap before GC invocations=67 (full 0):
 garbage-first heap   total 382976K, used 300513K [0x0000000080000000, 0x0000000100000000)
  region size 1024K, 38 young (38912K), 4 survivors (4096K)
 Metaspace       used 124237K, capacity 127692K, committed 127864K, reserved 1161216K
  class space    used 15186K, capacity 16439K, committed 16512K, reserved 1048576K
}
Event: 85.494 GC heap after
{Heap after GC invocations=68 (full 0):
 garbage-first heap   total 382976K, used 278747K [0x0000000080000000, 0x0000000100000000)
  region size 1024K, 5 young (5120K), 5 survivors (5120K)
 Metaspace       used 124237K, capacity 127692K, committed 127864K, reserved 1161216K
  class space    used 15186K, capacity 16439K, committed 16512K, reserved 1048576K
}
Event: 85.616 GC heap before
{Heap before GC invocations=69 (full 0):
 garbage-first heap   total 382976K, used 312539K [0x0000000080000000, 0x0000000100000000)
  region size 1024K, 34 young (34816K), 5 survivors (5120K)
 Metaspace       used 124237K, capacity 127692K, committed 127864K, reserved 1161216K
  class space    used 15186K, capacity 16439K, committed 16512K, reserved 1048576K
}

Deoptimization events (20 events):
Event: 85.295 Thread 0x000001cabb21c800 DEOPT PACKING pc=0x000001caaa2b87a0 sp=0x000000a73f3fb5d0
Event: 85.295 Thread 0x000001cabb21c800 DEOPT UNPACKING pc=0x000001caa1f178af sp=0x000000a73f3fb578 mode 2
Event: 85.300 Thread 0x000001cabb21b000 DEOPT PACKING pc=0x000001caa46b4d44 sp=0x000000a73f5fc480
Event: 85.300 Thread 0x000001cabb21b000 DEOPT UNPACKING pc=0x000001caa1f176ce sp=0x000000a73f5fba20 mode 0
Event: 85.321 Thread 0x000001cab9c7c000 DEOPT PACKING pc=0x000001caa5093f49 sp=0x000000a7402fd270
Event: 85.321 Thread 0x000001cab9c7c000 DEOPT UNPACKING pc=0x000001caa1f176ce sp=0x000000a7402fc830 mode 0
Event: 85.327 Thread 0x000001cac02a8000 DEOPT PACKING pc=0x000001caa2a67e53 sp=0x000000a73f2fbcc0
Event: 85.327 Thread 0x000001cac02a8000 DEOPT UNPACKING pc=0x000001caa1f176ce sp=0x000000a73f2fb1f8 mode 0
Event: 85.354 Thread 0x000001cabb21d800 DEOPT PACKING pc=0x000001caa46b4d44 sp=0x000000a73fff95c0
Event: 85.354 Thread 0x000001cabb21d800 DEOPT UNPACKING pc=0x000001caa1f176ce sp=0x000000a73fff8b60 mode 0
Event: 85.420 Thread 0x000001cab9c7c000 DEOPT PACKING pc=0x000001caa507931e sp=0x000000a7402fd610
Event: 85.420 Thread 0x000001cab9c7c000 DEOPT UNPACKING pc=0x000001caa1f176ce sp=0x000000a7402fccc0 mode 0
Event: 85.422 Thread 0x000001cab9c7c000 Uncommon trap: trap_request=0xfffffff4 fr.pc=0x000001caaa605270 relative=0x00000000000053b0
Event: 85.423 Thread 0x000001cab9c7c000 Uncommon trap: reason=null_check action=make_not_entrant pc=0x000001caaa605270 method=com.android.tools.r8.graph.h0.d(Lcom/android/tools/r8/graph/q0;)Lcom/android/tools/r8/graph/r0; @ 35 c2
Event: 85.423 Thread 0x000001cab9c7c000 DEOPT PACKING pc=0x000001caaa605270 sp=0x000000a7402fd7f0
Event: 85.423 Thread 0x000001cab9c7c000 DEOPT UNPACKING pc=0x000001caa1f178af sp=0x000000a7402fd6e0 mode 2
Event: 85.473 Thread 0x000001cabb21b000 DEOPT PACKING pc=0x000001caa46b4d44 sp=0x000000a73f5fc480
Event: 85.473 Thread 0x000001cabb21b000 DEOPT UNPACKING pc=0x000001caa1f176ce sp=0x000000a73f5fba20 mode 0
Event: 85.614 Thread 0x000001cab9c7c000 DEOPT PACKING pc=0x000001caa5079b41 sp=0x000000a7402fd610
Event: 85.614 Thread 0x000001cab9c7c000 DEOPT UNPACKING pc=0x000001caa1f176ce sp=0x000000a7402fccc8 mode 0

Classes redefined (0 events):
No events

Internal exceptions (20 events):
Event: 82.444 Thread 0x000001cabb219000 Exception <a 'java/lang/NoSuchMethodError'{0x000000008f54baa8}: 'void java.lang.invoke.DirectMethodHandle$Holder.invokeVirtual(java.lang.Object, java.lang.Object, int, java.lang.Object)'> (0x000000008f54baa8) thrown at [./src/hotspot/share/interpreter/linkResolver.cpp, line 773]
Event: 82.467 Thread 0x000001cabb21c800 Exception <a 'sun/nio/fs/WindowsException'{0x000000008eef5ec8}> (0x000000008eef5ec8) thrown at [./src/hotspot/share/prims/jni.cpp, line 615]
Event: 82.475 Thread 0x000001cac02a8000 Exception <a 'sun/nio/fs/WindowsException'{0x000000008ec69008}> (0x000000008ec69008) thrown at [./src/hotspot/share/prims/jni.cpp, line 615]
Event: 82.488 Thread 0x000001cac02a9000 Exception <a 'java/lang/NoSuchMethodError'{0x000000008eaacf08}: 'java.lang.Object java.lang.invoke.DirectMethodHandle$Holder.newInvokeSpecial(java.lang.Object, int)'> (0x000000008eaacf08) thrown at [./src/hotspot/share/interpreter/linkResolver.cpp, line 773]
Event: 82.488 Thread 0x000001cabb219000 Exception <a 'java/lang/NoSuchMethodError'{0x000000008ecc8da8}: 'java.lang.Object java.lang.invoke.DirectMethodHandle$Holder.newInvokeSpecial(java.lang.Object, int)'> (0x000000008ecc8da8) thrown at [./src/hotspot/share/interpreter/linkResolver.cpp, line 773]
Event: 82.512 Thread 0x000001cac02a8000 Exception <a 'java/lang/NoSuchMethodError'{0x000000008e6343c0}: 'void java.lang.invoke.DirectMethodHandle$Holder.invokeStatic(java.lang.Object, java.lang.Object, java.lang.Object, java.lang.Object, java.lang.Object, java.lang.Object, java.lang.Object, java.lang.Object, java.lang.Object, java.lang.Object, java.lang.Object)'> (0x000000008e6343c0) thrown at [./src/hotspot/share/interpreter/linkResolver.cpp, line 773]
Event: 82.513 Thread 0x000001cac02a8000 Exception <a 'java/lang/NoSuchMethodError'{0x000000008e6cb958}: 'java.lang.Object java.lang.invoke.DirectMethodHandle$Holder.invokeSpecial(java.lang.Object, java.lang.Object, java.lang.Object, java.lang.Object, java.lang.Object, java.lang.Object, java.lang.Object, java.lang.Object, java.lang.Object, java.lang.Object)'> (0x000000008e6cb958) thrown at [./src/hotspot/share/interpreter/linkResolver.cpp, line 773]
Event: 82.513 Thread 0x000001cac02a8000 Exception <a 'java/lang/NoSuchMethodError'{0x000000008e6cff98}: 'java.lang.Object java.lang.invoke.Invokers$Holder.linkToTargetMethod(java.lang.Object, java.lang.Object, java.lang.Object, java.lang.Object, java.lang.Object, java.lang.Object, java.lang.Object, java.lang.Object, java.lang.Object)'> (0x000000008e6cff98) thrown at [./src/hotspot/share/interpreter/linkResolver.cpp, line 773]
Event: 82.524 Thread 0x000001cabb21c800 Exception <a 'java/lang/NoSuchMethodError'{0x000000008e4ce040}: 'java.lang.Object java.lang.invoke.DirectMethodHandle$Holder.invokeInterface(java.lang.Object, java.lang.Object, int)'> (0x000000008e4ce040) thrown at [./src/hotspot/share/interpreter/linkResolver.cpp, line 773]
Event: 82.707 Thread 0x000001cac02a8000 Exception <a 'java/lang/NoSuchMethodError'{0x000000008f027258}: 'void java.lang.invoke.DirectMethodHandle$Holder.invokeVirtual(java.lang.Object, java.lang.Object, int)'> (0x000000008f027258) thrown at [./src/hotspot/share/interpreter/linkResolver.cpp, line 773]
Event: 82.726 Thread 0x000001cac02a8000 Exception <a 'sun/nio/fs/WindowsException'{0x000000008efd1010}> (0x000000008efd1010) thrown at [./src/hotspot/share/prims/jni.cpp, line 615]
Event: 82.963 Thread 0x000001cac02a9000 Exception <a 'sun/nio/fs/WindowsException'{0x0000000090b16618}> (0x0000000090b16618) thrown at [./src/hotspot/share/prims/jni.cpp, line 615]
Event: 83.148 Thread 0x000001cabb21c800 Exception <a 'sun/nio/fs/WindowsException'{0x0000000092996d40}> (0x0000000092996d40) thrown at [./src/hotspot/share/prims/jni.cpp, line 615]
Event: 83.158 Thread 0x000001cabb219000 Implicit null exception at 0x000001caaa03566b to 0x000001caaa03568c
Event: 83.212 Thread 0x000001cabb219000 Exception <a 'java/lang/NoSuchMethodError'{0x00000000902d2408}: 'int java.lang.invoke.DirectMethodHandle$Holder.invokeInterface(java.lang.Object, java.lang.Object, int)'> (0x00000000902d2408) thrown at [./src/hotspot/share/interpreter/linkResolver.cpp, line 773]
Event: 83.435 Thread 0x000001cac02a7800 Exception <a 'sun/nio/fs/WindowsException'{0x00000000900cb688}> (0x00000000900cb688) thrown at [./src/hotspot/share/prims/jni.cpp, line 615]
Event: 83.826 Thread 0x000001cabb219000 Implicit null exception at 0x000001caa9f1ef23 to 0x000001caa9f23c6c
Event: 84.662 Thread 0x000001cabb219000 Exception <a 'sun/nio/fs/WindowsException'{0x000000008fac8958}> (0x000000008fac8958) thrown at [./src/hotspot/share/prims/jni.cpp, line 615]
Event: 85.129 Thread 0x000001cab9c7c000 Exception <a 'sun/nio/fs/WindowsException'{0x00000000905d5be8}> (0x00000000905d5be8) thrown at [./src/hotspot/share/prims/jni.cpp, line 615]
Event: 85.422 Thread 0x000001cab9c7c000 Implicit null exception at 0x000001caaa6010a3 to 0x000001caaa60524c

Events (20 events):
Event: 85.292 loading class java/nio/file/FileChannelLinesSpliterator done
Event: 85.293 loading class com/android/ide/common/symbols/SymbolUtils
Event: 85.293 loading class com/android/ide/common/symbols/SymbolUtils done
Event: 85.295 loading class java/nio/file/FileChannelLinesSpliterator$1
Event: 85.295 loading class java/nio/file/FileChannelLinesSpliterator$1 done
Event: 85.316 loading class java/io/BufferedReader$1
Event: 85.317 loading class java/io/BufferedReader$1 done
Event: 85.335 Executing VM operation: G1CollectForAllocation
Event: 85.350 Executing VM operation: G1CollectForAllocation done
Event: 85.371 Executing VM operation: G1CollectForAllocation
Event: 85.380 Executing VM operation: G1CollectForAllocation done
Event: 85.422 Executing VM operation: RevokeBias
Event: 85.423 Executing VM operation: RevokeBias done
Event: 85.477 Executing VM operation: G1CollectForAllocation
Event: 85.494 Executing VM operation: G1CollectForAllocation done
Event: 85.510 Executing VM operation: CGC_Operation
Event: 85.521 Executing VM operation: CGC_Operation done
Event: 85.586 Executing VM operation: CGC_Operation
Event: 85.586 Executing VM operation: CGC_Operation done
Event: 85.615 Executing VM operation: G1CollectForAllocation


Dynamic libraries:
0x00007ff63dde0000 - 0x00007ff63ddea000 	C:\Program Files\Android\Android Studio\jre\bin\java.exe
0x00007ffe311b0000 - 0x00007ffe313a5000 	C:\WINDOWS\SYSTEM32\ntdll.dll
0x00007ffe310b0000 - 0x00007ffe3116e000 	C:\WINDOWS\System32\KERNEL32.DLL
0x00007ffe2e8d0000 - 0x00007ffe2eb98000 	C:\WINDOWS\System32\KERNELBASE.dll
0x00007ffe2edc0000 - 0x00007ffe2eec0000 	C:\WINDOWS\System32\ucrtbase.dll
0x00007ffe24a60000 - 0x00007ffe24a79000 	C:\Program Files\Android\Android Studio\jre\bin\jli.dll
0x00007ffe24a40000 - 0x00007ffe24a57000 	C:\Program Files\Android\Android Studio\jre\bin\VCRUNTIME140.dll
0x00007ffe30630000 - 0x00007ffe307d0000 	C:\WINDOWS\System32\USER32.dll
0x00007ffe2ed40000 - 0x00007ffe2ed62000 	C:\WINDOWS\System32\win32u.dll
0x00007ffe30600000 - 0x00007ffe3062a000 	C:\WINDOWS\System32\GDI32.dll
0x00007ffe2ec30000 - 0x00007ffe2ed3b000 	C:\WINDOWS\System32\gdi32full.dll
0x00007ffe2eec0000 - 0x00007ffe2ef5d000 	C:\WINDOWS\System32\msvcp_win.dll
0x00007ffe1aa30000 - 0x00007ffe1acca000 	C:\WINDOWS\WinSxS\amd64_microsoft.windows.common-controls_6595b64144ccf1df_6.0.19041.1110_none_60b5254171f9507e\COMCTL32.dll
0x00007ffe30560000 - 0x00007ffe305fe000 	C:\WINDOWS\System32\msvcrt.dll
0x00007ffe2f2a0000 - 0x00007ffe2f2d0000 	C:\WINDOWS\System32\IMM32.DLL
0x00007ffe21850000 - 0x00007ffe218ed000 	C:\Program Files\Android\Android Studio\jre\bin\msvcp140.dll
0x00007ffde53d0000 - 0x00007ffde5e9f000 	C:\Program Files\Android\Android Studio\jre\bin\server\jvm.dll
0x00007ffe302d0000 - 0x00007ffe3037e000 	C:\WINDOWS\System32\ADVAPI32.dll
0x00007ffe2f4d0000 - 0x00007ffe2f56c000 	C:\WINDOWS\System32\sechost.dll
0x00007ffe2f2d0000 - 0x00007ffe2f3f5000 	C:\WINDOWS\System32\RPCRT4.dll
0x00007ffe302c0000 - 0x00007ffe302c8000 	C:\WINDOWS\System32\PSAPI.DLL
0x00007ffe17f30000 - 0x00007ffe17f39000 	C:\WINDOWS\SYSTEM32\WSOCK32.dll
0x00007ffe269c0000 - 0x00007ffe269ca000 	C:\WINDOWS\SYSTEM32\VERSION.dll
0x00007ffe23940000 - 0x00007ffe23967000 	C:\WINDOWS\SYSTEM32\WINMM.dll
0x00007ffe2f400000 - 0x00007ffe2f46b000 	C:\WINDOWS\System32\WS2_32.dll
0x00007ffe2c810000 - 0x00007ffe2c822000 	C:\WINDOWS\SYSTEM32\kernel.appcore.dll
0x00007ffe295d0000 - 0x00007ffe295e1000 	C:\Program Files\Android\Android Studio\jre\bin\verify.dll
0x00007ffe17bd0000 - 0x00007ffe17db4000 	C:\WINDOWS\SYSTEM32\DBGHELP.DLL
0x00007ffe17ba0000 - 0x00007ffe17bcc000 	C:\WINDOWS\SYSTEM32\dbgcore.DLL
0x00007ffe2eba0000 - 0x00007ffe2ec22000 	C:\WINDOWS\System32\bcryptPrimitives.dll
0x00007ffe267a0000 - 0x00007ffe267c9000 	C:\Program Files\Android\Android Studio\jre\bin\java.dll
0x00007ffe2a830000 - 0x00007ffe2a83b000 	C:\Program Files\Android\Android Studio\jre\bin\jimage.dll
0x00007ffe27c20000 - 0x00007ffe27c38000 	C:\Program Files\Android\Android Studio\jre\bin\zip.dll
0x00007ffe2f6c0000 - 0x00007ffe2fe04000 	C:\WINDOWS\System32\SHELL32.dll
0x00007ffe2ca10000 - 0x00007ffe2d1a4000 	C:\WINDOWS\SYSTEM32\windows.storage.dll
0x00007ffe307d0000 - 0x00007ffe30b24000 	C:\WINDOWS\System32\combase.dll
0x00007ffe2e340000 - 0x00007ffe2e36c000 	C:\WINDOWS\SYSTEM32\Wldp.dll
0x00007ffe30b30000 - 0x00007ffe30bdd000 	C:\WINDOWS\System32\SHCORE.dll
0x00007ffe2f660000 - 0x00007ffe2f6b5000 	C:\WINDOWS\System32\shlwapi.dll
0x00007ffe2e810000 - 0x00007ffe2e82f000 	C:\WINDOWS\SYSTEM32\profapi.dll
0x00007ffe26780000 - 0x00007ffe2679a000 	C:\Program Files\Android\Android Studio\jre\bin\net.dll
0x00007ffe1d9e0000 - 0x00007ffe1daea000 	C:\WINDOWS\SYSTEM32\WINHTTP.dll
0x00007ffe2e0a0000 - 0x00007ffe2e10a000 	C:\WINDOWS\system32\mswsock.dll
0x00007ffe26760000 - 0x00007ffe26774000 	C:\Program Files\Android\Android Studio\jre\bin\nio.dll
0x00007ffe25960000 - 0x00007ffe25987000 	C:\Users\USER\.gradle\native\8bec1ad78214c89d9ad589b4d07fe93259594b29d510b10fafb7a158f7737e5d\windows-amd64\native-platform.dll
0x00007ffdff8c0000 - 0x00007ffdff9fd000 	C:\Users\USER\.gradle\native\53dbd7edfb1c66fb8903c78663c9afc45aea4f116125fa6feffd364cf09443e8\windows-amd64\native-platform-file-events.dll
0x00007ffe2a810000 - 0x00007ffe2a81a000 	C:\Program Files\Android\Android Studio\jre\bin\management.dll
0x00007ffe2a7f0000 - 0x00007ffe2a7fc000 	C:\Program Files\Android\Android Studio\jre\bin\management_ext.dll
0x00007ffe2e290000 - 0x00007ffe2e2a8000 	C:\WINDOWS\SYSTEM32\CRYPTSP.dll
0x00007ffe2d9b0000 - 0x00007ffe2d9e4000 	C:\WINDOWS\system32\rsaenh.dll
0x00007ffe2f1e0000 - 0x00007ffe2f207000 	C:\WINDOWS\System32\bcrypt.dll
0x00007ffe2e7d0000 - 0x00007ffe2e7fe000 	C:\WINDOWS\SYSTEM32\USERENV.dll
0x00007ffe2e2b0000 - 0x00007ffe2e2bc000 	C:\WINDOWS\SYSTEM32\CRYPTBASE.dll
0x00007ffe2dd40000 - 0x00007ffe2dd7b000 	C:\WINDOWS\SYSTEM32\IPHLPAPI.DLL
0x00007ffe30550000 - 0x00007ffe30558000 	C:\WINDOWS\System32\NSI.dll
0x00007ffe25990000 - 0x00007ffe259a7000 	C:\WINDOWS\SYSTEM32\dhcpcsvc6.DLL
0x00007ffe268a0000 - 0x00007ffe268bd000 	C:\WINDOWS\SYSTEM32\dhcpcsvc.DLL
0x00007ffe2dd80000 - 0x00007ffe2de4b000 	C:\WINDOWS\SYSTEM32\DNSAPI.dll
0x00007ffe2d5e0000 - 0x00007ffe2d613000 	C:\WINDOWS\SYSTEM32\ntmarta.dll

dbghelp: loaded successfully - version: 4.0.5 - missing functions: none
symbol engine: initialized successfully - sym options: 0x614 - pdb path: .;C:\Program Files\Android\Android Studio\jre\bin;C:\WINDOWS\SYSTEM32;C:\WINDOWS\WinSxS\amd64_microsoft.windows.common-controls_6595b64144ccf1df_6.0.19041.1110_none_60b5254171f9507e;C:\Program Files\Android\Android Studio\jre\bin\server;C:\Users\USER\.gradle\native\8bec1ad78214c89d9ad589b4d07fe93259594b29d510b10fafb7a158f7737e5d\windows-amd64;C:\Users\USER\.gradle\native\53dbd7edfb1c66fb8903c78663c9afc45aea4f116125fa6feffd364cf09443e8\windows-amd64

VM Arguments:
jvm_args: --add-opens=java.base/java.util=ALL-UNNAMED --add-opens=java.base/java.lang=ALL-UNNAMED --add-opens=java.base/java.lang.invoke=ALL-UNNAMED --add-opens=java.base/java.util=ALL-UNNAMED --add-opens=java.prefs/java.util.prefs=ALL-UNNAMED --add-opens=java.prefs/java.util.prefs=ALL-UNNAMED --add-opens=java.base/java.nio.charset=ALL-UNNAMED --add-opens=java.base/java.net=ALL-UNNAMED --add-opens=java.base/java.util.concurrent.atomic=ALL-UNNAMED -Xmx2048m -Dfile.encoding=UTF-8 -Duser.country=KR -Duser.language=ko -Duser.variant 
java_command: org.gradle.launcher.daemon.bootstrap.GradleDaemon 7.0.2
java_class_path (initial): C:\Users\USER\.gradle\wrapper\dists\gradle-7.0.2-bin\857tjihv64xamwrf0h14cai3r\gradle-7.0.2\lib\gradle-launcher-7.0.2.jar
Launcher Type: SUN_STANDARD

[Global flags]
     intx CICompilerCount                          = 3                                         {product} {ergonomic}
     uint ConcGCThreads                            = 2                                         {product} {ergonomic}
     uint G1ConcRefinementThreads                  = 6                                         {product} {ergonomic}
   size_t G1HeapRegionSize                         = 1048576                                   {product} {ergonomic}
    uintx GCDrainStackTargetSize                   = 64                                        {product} {ergonomic}
   size_t InitialHeapSize                          = 268435456                                 {product} {ergonomic}
   size_t MarkStackSize                            = 4194304                                   {product} {ergonomic}
   size_t MaxHeapSize                              = 2147483648                                {product} {command line}
   size_t MaxNewSize                               = 1287651328                                {product} {ergonomic}
   size_t MinHeapDeltaBytes                        = 1048576                                   {product} {ergonomic}
    uintx NonNMethodCodeHeapSize                   = 5830732                                {pd product} {ergonomic}
    uintx NonProfiledCodeHeapSize                  = 122913754                              {pd product} {ergonomic}
    uintx ProfiledCodeHeapSize                     = 122913754                              {pd product} {ergonomic}
    uintx ReservedCodeCacheSize                    = 251658240                              {pd product} {ergonomic}
     bool SegmentedCodeCache                       = true                                      {product} {ergonomic}
     bool UseCompressedClassPointers               = true                                 {lp64_product} {ergonomic}
     bool UseCompressedOops                        = true                                 {lp64_product} {ergonomic}
     bool UseG1GC                                  = true                                      {product} {ergonomic}
     bool UseLargePagesIndividualAllocation        = false                                  {pd product} {ergonomic}

Logging:
Log output configuration:
 #0: stdout all=warning uptime,level,tags
 #1: stderr all=off uptime,level,tags

Environment Variables:
PATH=C:\Program Files\NVIDIA GPU Computing Toolkit\CUDA\v9.0\bin;C:\Program Files\NVIDIA GPU Computing Toolkit\CUDA\v9.0\libnvvp;C:\ProgramData\Anaconda3;C:\ProgramData\Anaconda3\Library\mingw-w64\bin;C:\ProgramData\Anaconda3\Library\usr\bin;C:\ProgramData\Anaconda3\Library\bin;C:\ProgramData\Anaconda3\Scripts;C:\WINDOWS\system32;C:\WINDOWS;C:\WINDOWS\System32\Wbem;C:\WINDOWS\System32\WindowsPowerShell\v1.0\;C:\Program Files\Java\jdk-15.0.1\bin;C:\WINDOWS\System32\OpenSSH\;C:\Program Files\dotnet\;C:\Program Files\Microsoft SQL Server\130\Tools\Binn\;C:\Program Files\Microsoft SQL Server\Client SDK\ODBC\170\Tools\Binn\;C:\Program Files (x86)\Windows Live\Shared;C:\WINDOWS\System32\WindowsPowerShell\v1.0\;C:\Program Files (x86)\NVIDIA Corporation\PhysX\Common;%JAVA_HOME%\bin\;C:\Program Files\Git\cmd;C:\Program Files (x86)\ePapyrus\Papyrus-PlugIn-web;C:\Program Files (x86)\ePapyrus\Papyrus-PlugIn-web\Addins;C:\Program Files\MySQL\MySQL Shell 8.0\bin\;C:\Users\USER\AppData\Local\Microsoft\WindowsApps;C:\Program Files\Bandizip\;C:\Program Files\Java\jdk-13.0.1\bin;C:\Program Files (x86)\SoftForum\XecureHSM\;C:\Users\USER\AppData\Local\GitHubDesktop\bin;C:\Users\USER\AppData\Local\Microsoft\WindowsApps;C:\Users\USER\AppData\Local\Programs\Microsoft VS Code\bin;C:\Program Files\JetBrains\PyCharm Community Edition 2021.1.3\bin;;C:\Program Files\mingw64\bin;C:\Program Files (x86)\GnuWin32\bin;C:\cygwin64\bin;
USERNAME=USER
OS=Windows_NT
PROCESSOR_IDENTIFIER=Intel64 Family 6 Model 158 Stepping 10, GenuineIntel



---------------  S Y S T E M  ---------------

OS: Windows 10 , 64 bit Build 19041 (10.0.19041.1645)
OS uptime: 21 days 0:06 hours

CPU:total 6 (initial active 6) (6 cores per cpu, 1 threads per core) family 6 model 158 stepping 10 microcode 0xb4, cmov, cx8, fxsr, mmx, sse, sse2, sse3, ssse3, sse4.1, sse4.2, popcnt, avx, avx2, aes, clmul, erms, 3dnowpref, lzcnt, tsc, tscinvbit, bmi1, bmi2, adx, fma

Memory: 4k page, system-wide physical 16317M (3850M free)
TotalPageFile size 16317M (AvailPageFile size 75M)
current process WorkingSet (physical memory assigned to process): 732M, peak: 735M
current process commit charge ("private bytes"): 767M, peak: 946M

vm_info: OpenJDK 64-Bit Server VM (11.0.10+0-b96-7249189) for windows-amd64 JRE (11.0.10+0-b96-7249189), built on Mar 31 2021 21:44:00 by "builder" with MS VC++ 14.0 (VS2015)

END.
